
Showing logs for build [32mentando-k8s-entando-k8s-app-con-gs28s-7[0m stage [32mfrom-build-pack[0m and container [32mstep-credential-initializer-vqb99[0m
{"level":"warn","ts":1612337483.2095985,"logger":"fallback-logger","caller":"logging/config.go:69","msg":"Fetch GitHub commit ID from kodata failed: \"ref: refs/heads/0.8.0-**-support-backwards-incompats\" is not a valid GitHub commit ID"}
{"level":"info","ts":1612337483.2269251,"logger":"fallback-logger","caller":"creds-init/main.go:40","msg":"Credentials initialized."}

Showing logs for build [32mentando-k8s-entando-k8s-app-con-gs28s-7[0m stage [32mfrom-build-pack[0m and container [32mstep-working-dir-initializer-m4j59[0m
{"level":"warn","ts":1612337484.7262387,"logger":"fallback-logger","caller":"logging/config.go:69","msg":"Fetch GitHub commit ID from kodata failed: open /var/run/ko/HEAD: no such file or directory"}
{"level":"info","ts":1612337484.7475548,"logger":"fallback-logger","caller":"bash/main.go:64","msg":"Successfully e**cuted command \"sh -c mkdir -p /workspace/source\"; output "}

Showing logs for build [32mentando-k8s-entando-k8s-app-con-gs28s-7[0m stage [32mfrom-build-pack[0m and container [32mstep-place-tools[0m

Showing logs for build [32mentando-k8s-entando-k8s-app-con-gs28s-7[0m stage [32mfrom-build-pack[0m and container [32mstep-git-source-entando-k8s-entando-k8s-app-con-cnt6k[0m
{"level":"warn","ts":1612337598.5971034,"logger":"fallback-logger","caller":"logging/config.go:69","msg":"Fetch GitHub commit ID from kodata failed: \"ref: refs/heads/0.8.0-**-support-backwards-incompats\" is not a valid GitHub commit ID"}
{"level":"info","ts":1612337599.9872494,"logger":"fallback-logger","caller":"git/git.go:103","msg":"Successfully cloned https://github.com/entando-k8s/entando-k8s-app-controller.git @ master in path /workspace/source"}

Showing logs for build [32mentando-k8s-entando-k8s-app-con-gs28s-7[0m stage [32mfrom-build-pack[0m and container [32mstep-git-merge[0m
Using SHAs from PULL_REFS=master:337204cbd3c92761df242593727ae8e0f2f49e86,25:53add3257d120670f2c23011b3ff00b463e6e520
DEBUG: ran git fetch --unshallow origin 53add3257d120670f2c23011b3ff00b463e6e520: 337204cbd3c92761df242593727ae8e0f2f49e86: in 
DEBUG: ran git checkout master in 
DEBUG: ran git reset --hard 337204cbd3c92761df242593727ae8e0f2f49e86 in 
DEBUG: ran clean --force -d . in 
DEBUG: ran git merge 53add3257d120670f2c23011b3ff00b463e6e520 in 
Merged SHA 53add3257d120670f2c23011b3ff00b463e6e520 with commit message 'ENG-1739 using latest baseimage' into base branch master
Merged SHA 944858beea981a1d40bb8e1e6100efb2f32c1cac with commit message 'ENG-1739 bumped to latest custom-model and operator-common due to erronneous int for replicas' into base branch master
Merged SHA f6f6205d09f6d8dd6416dfea6c8678c8dae3dcd9 with commit message 'ENG01739 cleaned up with latest operator-common' into base branch master
Merged SHA aa8703f7dc8cf1b3009cde98793edc73386bd993 with commit message 'ENG-1739 bumped to latest operator-common' into base branch master
Merged SHA 1fbb707c7e4668bf38ec97a16ba721bf71321c4e with commit message 'ENG-1739 bumped to latest operator-common' into base branch master
Merged SHA 6ea42aa9bcc0e0e21ec2b614865324329895386b with commit message 'ENG-1740 bumped to latest operator-commonfor Keycloak fix' into base branch master
Merged SHA 59978401ae15294753a804c8727f3b6c7472fb0e with commit message 'ENG-1740 some Sonar fi**s' into base branch master
Merged SHA 9cdbe10d402f2b6fe603639b789eec5a488f046d with commit message 'ENG-1739 applied REdHat certification changes' into base branch master
Merged SHA 66c16f7e3ff3dc9c331e8e637f12c62997337a5c with commit message 'ENG-1739 initial changes based on split deployment' into base branch master
Merged SHA 0b6abc0e8811f2f480696a760f39c0ffc6505669 with commit message 'ENG-1309 ready for testing' into base branch master
Merged SHA 07c30182205e6d4990d10803894512cdde3d83f8 with commit message 'ENG-1309 fi**d integration tests' into base branch master
Merged SHA 150ca12ea2b181b9101aabef0375ad0b6cf537b3 with commit message 'ENG-1309 integration tests still broken' into base branch master
Merged SHA 1694a4393fa83a3dee2334f7d899eed033cbbe4d with commit message 'ENG-1309 modified code and got in-process tests to work' into base branch master

Showing logs for build [32mentando-k8s-entando-k8s-app-con-gs28s-7[0m stage [32mfrom-build-pack[0m and container [32mstep-build-set-version[0m
Picked up _JAVA_OPTIONS: -XX:+UnlockExperimentalVMOptions -Dsun.zip.disableMemoryMapping=**** -XX:+UseParallelGC -XX:MinHeapFreeRatio=5 -XX:MaxHeapFreeRatio=10 -XX:GCTimeRatio=4 -XX:AdaptiveSizePolicyWeight=90 -Xms1000m -Xmx12000m
[INFO] Scanning for projects...
[INFO] 
[INFO] ---------------< org.entando:entando-k8s-app-controller >---------------
[INFO] Building Entando K8S Controller for Entando App Deployments 6.3.0-SNAPSHOT
[INFO] --------------------------------[ jar ]---------------------------------
[INFO] 
[INFO] --- versions-maven-plugin:2.8.1:set (default-cli) @ entando-k8s-app-controller ---
[INFO] Local aggregation ****: /workspace/source
[INFO] Processing change of org.entando:entando-k8s-app-controller:6.3.0-SNAPSHOT -> 0.0.0-SNAPSHOT-PR-25-7
[INFO] Processing org.entando:entando-k8s-app-controller
[INFO]     Updating project org.entando:entando-k8s-app-controller
[INFO]         from version 6.3.0-SNAPSHOT to 0.0.0-SNAPSHOT-PR-25-7
[INFO] 
[INFO] ------------------------------------------------------------------------
[INFO] BUILD SUCCESS
[INFO] ------------------------------------------------------------------------
[INFO] Total time:  8.826 s
[INFO] Finished at: 2021-02-03T07:33:33Z
[INFO] ------------------------------------------------------------------------

Showing logs for build [32mentando-k8s-entando-k8s-app-con-gs28s-7[0m stage [32mfrom-build-pack[0m and container [32mstep-build-fix-git-for-sonar[0m
Switched to a new branch 'PR-25'
M	pom.xml
Deleted branch master (was 53add32).
From https://github.com/entando-k8s/entando-k8s-app-controller
 * [new branch]      master     -> master

Showing logs for build [32mentando-k8s-entando-k8s-app-con-gs28s-7[0m stage [32mfrom-build-pack[0m and container [32mstep-build-mvn-verify-pr[0m
  % Total    % Received % Xferd  Average Speed   Time    Time     Time  Current
                                 Dload  Upload   Total   Spent    Left  Speed
  0     0    0     0    0     0      0      0 --:--:-- --:--:-- --:--:--     0  0     0    0     0    0     0      0      0 --:--:-- --:--:-- --:--:--     0100  1865  100  1647  100   218   2442    323 --:--:-- --:--:-- --:--:--  2440
{
  "url": "https://api.github.com/repos/entando-k8s/entando-k8s-app-controller/statuses/53add3257d120670f2c23011b3ff00b463e6e520",
  "avatar_url": "https://avatars.githubusercontent.com/u/57885396?v=4",
  "id": 12052605465,
  "node_id": "MDEzOlN0YXR1c0NvbnRleHQxMjA1MjYwNTQ2NQ==",
  "state": "pending",
  "description": "Pre-deployment tests pending!",
  "target_url": "https://entando-k8s.github.io/devops-results/entando-k8s-app-controller/PR-25/surefire-report.html",
  "context": "Pre-deployment tests",
  "created_at": "2021-02-03T07:33:36Z",
  "updated_at": "2021-02-03T07:33:36Z",
  "creator": {
    "login": "entando-**",
    "id": 57885396,
    "node_id": "MDQ6VXNlcjU3ODg1Mzk2",
    "avatar_url": "https://avatars.githubusercontent.com/u/57885396?v=4",
    "gravatar_id": "",
    "url": "https://api.github.com/users/**********",
    "html_url": "https://github.com/**********",
    "followers_url": "https://api.github.com/users/**********/followers",
    "following_url": "https://api.github.com/users/**********/following{/other_user}",
    "gists_url": "https://api.github.com/users/**********/gists{/gist_id}",
    "starred_url": "https://api.github.com/users/**********/starred{/owner}{/repo}",
    "subscriptions_url": "https://api.github.com/users/**********/subscriptions",
    "organizations_url": "https://api.github.com/users/**********/orgs",
    "repos_url": "https://api.github.com/users/entando-**/repos",
    "events_url": "https://api.github.com/users/**********/events{/privacy}",
    "received_events_url": "https://api.github.com/users/**********/received_events",
    "type": "User",
    "site_*****": false
  }
}
  % Total    % Received % Xferd  Average Speed   Time    Time     Time  Current
                                 Dload  Upload   Total   Spent    Left  Speed
{
  "url": "https://api.github.com/repos/entando-k8s/entando-k8s-app-controller/statuses/53add3257d120670f2c23011b3ff00b463e6e520",
  "avatar_url": "https://avatars.githubusercontent.com/u/57885396?v=4",
  "id": 12052605535,
  "node_id": "MDEzOlN0YXR1c0NvbnRleHQxMjA1MjYwNTUzNQ==",
  "state": "pending",
  "description": "Post-deployment tests pending!",
  "target_url": "https://entando-k8s.github.io/devops-results/entando-k8s-app-controller/PR-25/failsafe-report.html",
  "context": "Post-deployment tests",
  "created_at": "2021-02-03T07:33:36Z",
  "updated_at": "2021-02-03T07:33:36Z",
  "creator": {
    "login": "**********",
    "id": 57885396,
    "node_id": "MDQ6VXNlcjU3ODg1Mzk2",
    "avatar_url": "https://avatars.githubusercontent.com/u/57885396?v=4",
    "gravatar_id": "",
    "url": "https://api.github.com/users/**********",
    "html_url": "https://github.com/**********",
    "followers_url": "https://api.github.com/users/**********/followers",
    "following_url": "https://api.github.com/users/**********/following{/other_user}",
    "gists_url": "https://api.github.com/users/**********/gists{/gist_id}",
    "starred_url": "https://api.github.com/users/**********/starred{/owner}{/repo}",
    "subscriptions_url": "https://api.github.com/users/**********/subscriptions",
    "organizations_url": "https://api.github.com/users/**********/orgs",
    "repos_url": "https://api.github.com/users/**********/repos",
    "events_url": "https://api.github.com/users/**********/events{/privacy}",
    "received_events_url": "https://api.github.com/users/**********/received_events",
    "type": "User",
    "site_*****": false
  }
}
  0     0    0     0    0     0      0      0 --:--:-- --:--:-- --:--:--     0 11  1869    0     0  100   220      0    326 --:--:-- --:--:-- --:--:--   326100  1869  100  1649  100   220   2448    326 --:--:-- --:--:-- --:--:--  2446
  % Total    % Received % Xferd  Average Speed   Time    Time     Time  Current
                                 Dload  Upload   Total   Spent    Left  Speed
  0     0    0     0    0     0      0      0 --:--:-- --:--:-- --:--:--     0100  1815  100  1622  100   193   2851    339 --:--:-- --:--:-- --:--:--  2855
{
  "url": "https://api.github.com/repos/entando-k8s/entando-k8s-app-controller/statuses/53add3257d120670f2c23011b3ff00b463e6e520",
  "avatar_url": "https://avatars.githubusercontent.com/u/57885396?v=4",
  "id": 12052605613,
  "node_id": "MDEzOlN0YXR1c0NvbnRleHQxMjA1MjYwNTYxMw==",
  "state": "pending",
  "description": "Checkstyle pending!",
  "target_url": "https://entando-k8s.github.io/devops-results/entando-k8s-app-controller/PR-25/checkstyle.html",
  "context": "Checkstyle",
  "created_at": "2021-02-03T07:33:37Z",
  "updated_at": "2021-02-03T07:33:37Z",
  "creator": {
    "login": "**********",
    "id": 57885396,
    "node_id": "MDQ6VXNlcjU3ODg1Mzk2",
    "avatar_url": "https://avatars.githubusercontent.com/u/57885396?v=4",
    "gravatar_id": "",
    "url": "https://api.github.com/users/**********",
    "html_url": "https://github.com/**********",
    "followers_url": "https://api.github.com/users/**********/followers",
    "following_url": "https://api.github.com/users/**********/following{/other_user}",
    "gists_url": "https://api.github.com/users/**********/gists{/gist_id}",
    "starred_url": "https://api.github.com/users/**********/starred{/owner}{/repo}",
    "subscriptions_url": "https://api.github.com/users/**********/subscriptions",
    "organizations_url": "https://api.github.com/users/**********/orgs",
    "repos_url": "https://api.github.com/users/**********/repos",
    "events_url": "https://api.github.com/users/**********/events{/privacy}",
    "received_events_url": "https://api.github.com/users/**********/received_events",
    "type": "User",
    "site_*****": false
  }
}
  % Total    % Received % Xferd  Average Speed   Time    Time     Time  Current
                                 Dload  Upload   Total   Spent    Left  Speed
  0     0    0     0    0     0      0      0 --:--:-- --:--:-- --:--:--     0  0     0    0     0    0     0      0      0 --:--:-- --:--:-- --:--:--     0100  1837  100  1633  100   204   2506    313 --:--:-- --:--:-- --:--:--  2504
{
  "url": "https://api.github.com/repos/entando-k8s/entando-k8s-app-controller/statuses/53add3257d120670f2c23011b3ff00b463e6e520",
  "avatar_url": "https://avatars.githubusercontent.com/u/57885396?v=4",
  "id": 12052605679,
  "node_id": "MDEzOlN0YXR1c0NvbnRleHQxMjA1MjYwNTY3OQ==",
  "state": "pending",
  "description": "OWASP CVE pending!",
  "target_url": "https://entando-k8s.github.io/devops-results/entando-k8s-app-controller/PR-25/dependency-check-report.html",
  "context": "OWASP CVE",
  "created_at": "2021-02-03T07:33:37Z",
  "updated_at": "2021-02-03T07:33:37Z",
  "creator": {
    "login": "**********",
    "id": 57885396,
    "node_id": "MDQ6VXNlcjU3ODg1Mzk2",
    "avatar_url": "https://avatars.githubusercontent.com/u/57885396?v=4",
    "gravatar_id": "",
    "url": "https://api.github.com/users/**********",
    "html_url": "https://github.com/**********",
    "followers_url": "https://api.github.com/users/**********/followers",
    "following_url": "https://api.github.com/users/**********/following{/other_user}",
    "gists_url": "https://api.github.com/users/**********/gists{/gist_id}",
    "starred_url": "https://api.github.com/users/**********/starred{/owner}{/repo}",
    "subscriptions_url": "https://api.github.com/users/**********/subscriptions",
    "organizations_url": "https://api.github.com/users/**********/orgs",
    "repos_url": "https://api.github.com/users/**********/repos",
    "events_url": "https://api.github.com/users/**********/events{/privacy}",
    "received_events_url": "https://api.github.com/users/**********/received_events",
    "type": "User",
    "site_*****": false
  }
}
Picked up _JAVA_OPTIONS: -XX:+UnlockExperimentalVMOptions -Dsun.zip.disableMemoryMapping=**** -XX:+UseParallelGC -XX:MinHeapFreeRatio=5 -XX:MaxHeapFreeRatio=10 -XX:GCTimeRatio=4 -XX:AdaptiveSizePolicyWeight=90 -Xms1000m -Xmx12000m
[INFO] Scanning for projects...
[INFO] 
[INFO] ---------------< org.entando:entando-k8s-app-controller >---------------
[INFO] Building Entando K8S Controller for Entando App Deployments 0.0.0-SNAPSHOT-PR-25-7
[INFO] --------------------------------[ jar ]---------------------------------
[INFO] 
[INFO] --- maven-checkstyle-plugin:3.1.1:check (validate) @ entando-k8s-app-controller ---
[INFO] Starting audit...
Audit done.
[INFO] You have 0 Checkstyle violations.
[INFO] 
[INFO] --- maven-checkstyle-plugin:3.1.1:checkstyle (validate) @ entando-k8s-app-controller ---
[INFO] Starting audit...
Audit done.
[INFO] 
[INFO] --- jacoco-maven-plugin:0.8.5:prepare-agent (prepare-agent) @ entando-k8s-app-controller ---
[INFO] argLine set to -javaagent:/home/jenkins/.mvnrepository/org/jacoco/org.jacoco.agent/0.8.5/org.jacoco.agent-0.8.5-runtime.jar=destfile=/workspace/source/target/jacoco.e**c
[INFO] 
[INFO] --- maven-resources-plugin:2.6:resources (default-resources) @ entando-k8s-app-controller ---
[INFO] Using 'UTF-8' encoding to copy filtered resources.
[INFO] Copying 3 resources
[INFO] 
[INFO] --- maven-compiler-plugin:3.8.1:compile (default-compile) @ entando-k8s-app-controller ---
[INFO] Changes detected - recompiling the module!
[INFO] Compiling 10 source files to /workspace/source/target/classes
[INFO] 
[INFO] --- maven-resources-plugin:2.6:testResources (default-testResources) @ entando-k8s-app-controller ---
[INFO] Using 'UTF-8' encoding to copy filtered resources.
[INFO] Copying 3 resources
[INFO] 
[INFO] --- maven-compiler-plugin:3.8.1:testCompile (default-testCompile) @ entando-k8s-app-controller ---
[INFO] Changes detected - recompiling the module!
[INFO] Compiling 9 source files to /workspace/source/target/test-classes
[INFO] 
[INFO] --- maven-surefire-plugin:3.0.0-M1:test (default-test) @ entando-k8s-app-controller ---
[INFO] 
[INFO] -------------------------------------------------------
[INFO]  T E S T S
[INFO] -------------------------------------------------------
[INFO] Running org.entando.kubernetes.controller.app.inprocesstests.DeployEntandoDbTest
[INFO] Tests run: 5, Failures: 0, Errors: 0, Skipped: 0, Time elapsed: 6.174 s - in org.entando.kubernetes.controller.app.inprocesstests.DeployEntandoDbTest
[INFO] Running org.entando.kubernetes.controller.app.inprocesstests.DeployEntandoServiceTest
[INFO] Tests run: 4, Failures: 0, Errors: 0, Skipped: 0, Time elapsed: 2.027 s - in org.entando.kubernetes.controller.app.inprocesstests.DeployEntandoServiceTest
[INFO] Running org.entando.kubernetes.controller.app.inprocesstests.DeployEntandoOnExternalDbTest
[INFO] Tests run: 2, Failures: 0, Errors: 0, Skipped: 0, Time elapsed: 1.043 s - in org.entando.kubernetes.controller.app.inprocesstests.DeployEntandoOnExternalDbTest
[INFO] Running org.entando.kubernetes.controller.app.inprocesstests.DeployEntandoWithEmbeddedDbTest
[INFO] Tests run: 2, Failures: 0, Errors: 0, Skipped: 0, Time elapsed: 0.833 s - in org.entando.kubernetes.controller.app.inprocesstests.DeployEntandoWithEmbeddedDbTest
[INFO] 
[INFO] Results:
[INFO] 
[INFO] Tests run: 13, Failures: 0, Errors: 0, Skipped: 0
[INFO] 
[INFO] 
[INFO] --- maven-jar-plugin:3.2.0:jar (default-jar) @ entando-k8s-app-controller ---
[INFO] Building jar: /workspace/source/target/entando-k8s-app-controller-0.0.0-SNAPSHOT-PR-25-7.jar
[INFO] 
[INFO] --- maven-jar-plugin:3.2.0:test-jar (build-test-jar) @ entando-k8s-app-controller ---
[INFO] Building jar: /workspace/source/target/entando-k8s-app-controller-0.0.0-SNAPSHOT-PR-25-7-tests.jar
[INFO] 
[INFO] --- maven-javadoc-plugin:3.2.0:jar (attach-javadocs) @ entando-k8s-app-controller ---
[INFO] No previous run data found, generating javadoc.
[INFO] Building jar: /workspace/source/target/entando-k8s-app-controller-0.0.0-SNAPSHOT-PR-25-7-javadoc.jar
[INFO] 
[INFO] --- license-maven-plugin:2.0.0:aggregate-download-licenses (download-licenses) @ entando-k8s-app-controller ---
[INFO] skip flag is on, will skip goal.
[INFO] 
[INFO] --- quarkus-maven-plugin:1.2.0.Final:build (default) @ entando-k8s-app-controller ---
[WARNING] [io.quarkus.creator.curator.Curator] These dependencies are not recommended:
	- javax.servlet:javax.servlet-api should be replaced by jakarta.servlet:jakarta.servlet-api
You might end up with two different versions of the same classes or with an artifact you shouldn't have in your classpath.
[INFO] [org.jboss.threads] JBoss Threads version 3.0.0.Final
[WARNING] [io.quarkus.deployment.steps.ReflectiveHierarchyStep] Unable to properly register the hierarchy of the following classes for reflection as they are not in the Jandex index:
	- org.entando.kubernetes.model.EntandoCustomResourceStatus
Consider adding them to the index either by creating a Jandex index for your dependency via the Maven plugin, an empty META-INF/beans.xml or quarkus.index-dependency properties.");.
[INFO] [io.quarkus.deployment.pkg.steps.JarResultBuildStep] Building thin jar: /workspace/source/target/entando-k8s-app-controller-0.0.0-SNAPSHOT-PR-25-7-runner.jar
[INFO] [io.quarkus.deployment.QuarkusAugmentor] Quarkus augmentation completed in 1466ms
[INFO] 
[INFO] --- maven-surefire-report-plugin:3.0.0-M4:failsafe-report-only (integration-tests) @ entando-k8s-app-controller ---
[INFO] 
[INFO] --- dependency-check-maven:6.0.3:aggregate (default) @ entando-k8s-app-controller ---
[INFO] Checking for updates
[INFO] Skipping NVD check since last check was within 4 hours.
[INFO] Check for updates complete (69 ms)
[INFO] 

Dependency-Check is an open source tool performing a best effort analysis of 3rd party dependencies; false positives and false negatives may exist in the analysis performed by the tool. Use of the tool and the reporting provided constitutes acceptance for use in an AS IS condition, and there are NO warranties, implied or otherwise, with regard to the analysis or its use. Any use of the tool and the reporting provided is at the userâ€™s risk. In no event shall the copyright holder or OWASP be held liable for any damages whatsoever arising out of or in connection with the use of this tool, the analysis performed, or the resulting report.


[INFO] Analysis Started
[INFO] Finished Archive Analyzer (0 seconds)
[INFO] Finished File Name Analyzer (0 seconds)
[INFO] Finished Jar Analyzer (0 seconds)
[INFO] Finished Dependency Merging Analyzer (0 seconds)
[INFO] Finished Version Filter Analyzer (0 seconds)
[INFO] Finished Hint Analyzer (0 seconds)
[INFO] Created CPE Index (2 seconds)
[INFO] Finished CPE Analyzer (4 seconds)
[INFO] Finished False Positive Analyzer (0 seconds)
[INFO] Finished NVD CVE Analyzer (0 seconds)
[INFO] Finished Sonatype OSS Index Analyzer (1 seconds)
[INFO] Finished Vulnerability Suppression Analyzer (0 seconds)
[INFO] Finished Dependency Bundling Analyzer (0 seconds)
[INFO] Analysis Complete (8 seconds)
[INFO] 
[INFO] --- jacoco-maven-plugin:0.8.5:report (report) @ entando-k8s-app-controller ---
[INFO] Loading e**cution data file /workspace/source/target/jacoco.e**c
[INFO] Analyzed bundle 'Entando K8S Controller for Entando App Deployments' with 11 classes
[INFO] 
[INFO] --- maven-surefire-report-plugin:3.0.0-M4:report-only (unit-tests) @ entando-k8s-app-controller ---
[WARNING] Unable to locate Test Source XRef to link to - DISABLED
[INFO] 
[INFO] --- maven-install-plugin:2.4:install (default-install) @ entando-k8s-app-controller ---
[INFO] Installing /workspace/source/target/entando-k8s-app-controller-0.0.0-SNAPSHOT-PR-25-7.jar to /home/jenkins/.mvnrepository/org/entando/entando-k8s-app-controller/0.0.0-SNAPSHOT-PR-25-7/entando-k8s-app-controller-0.0.0-SNAPSHOT-PR-25-7.jar
[INFO] Installing /workspace/source/pom.xml to /home/jenkins/.mvnrepository/org/entando/entando-k8s-app-controller/0.0.0-SNAPSHOT-PR-25-7/entando-k8s-app-controller-0.0.0-SNAPSHOT-PR-25-7.pom
[INFO] Installing /workspace/source/target/entando-k8s-app-controller-0.0.0-SNAPSHOT-PR-25-7-tests.jar to /home/jenkins/.mvnrepository/org/entando/entando-k8s-app-controller/0.0.0-SNAPSHOT-PR-25-7/entando-k8s-app-controller-0.0.0-SNAPSHOT-PR-25-7-tests.jar
[INFO] Installing /workspace/source/target/entando-k8s-app-controller-0.0.0-SNAPSHOT-PR-25-7-javadoc.jar to /home/jenkins/.mvnrepository/org/entando/entando-k8s-app-controller/0.0.0-SNAPSHOT-PR-25-7/entando-k8s-app-controller-0.0.0-SNAPSHOT-PR-25-7-javadoc.jar
[INFO] 
[INFO] --- maven-deploy-plugin:2.8.2:deploy (default-deploy) @ entando-k8s-app-controller ---
[INFO] Using alternate deployment repository local-nexus::default::http://nexus/repository/maven-releases/
[INFO] 
[INFO] ---------------< org.entando:entando-k8s-app-controller >---------------
[INFO] Building Entando K8S Controller for Entando App Deployments 0.0.0-SNAPSHOT-PR-25-7
[INFO] --------------------------------[ jar ]---------------------------------
[INFO] 
[INFO] --- sonar-maven-plugin:3.8.0.2131:sonar (default-cli) @ entando-k8s-app-controller ---
[INFO] User cache: /****/.sonar/cache
[INFO] SonarQube version: 8.5.0
[INFO] Default locale: "en_US", source code encoding: "UTF-8"
[INFO] Load global settings
[INFO] Load global settings (done) | time=225ms
[INFO] Server id: 1BD809FA-AWHW8ct9-T_TB3XqouNu
[INFO] User cache: /****/.sonar/cache
[INFO] Load/download plugins
[INFO] Load plugins index
[INFO] Load plugins index (done) | time=100ms
[INFO] Load/download plugins (done) | time=21875ms
[INFO] Loaded core extensions: developer-scanner
[INFO] JavaScript/TypeScript frontend is enabled
[INFO] Load project settings for component key: 'entando-k8s_entando-k8s-app-controller'
[INFO] Load project settings for component key: 'entando-k8s_entando-k8s-app-controller' (done) | time=28ms
[INFO] Process project properties
[INFO] E**cute project builders
[INFO] E**cute project builders (done) | time=2ms
[INFO] Project key: entando-k8s_entando-k8s-app-controller
[INFO] Base dir: /workspace/source
[INFO] Working dir: /workspace/source/target/sonar
[INFO] Load project branches
[INFO] Load project branches (done) | time=32ms
[INFO] Check ALM binding of project 'entando-k8s_entando-k8s-app-controller'
[INFO] Detected project binding: BOUND
[INFO] Check ALM binding of project 'entando-k8s_entando-k8s-app-controller' (done) | time=21ms
[INFO] Load project pull requests
[INFO] Load project pull requests (done) | time=38ms
[INFO] Load branch configuration
[INFO] Load branch configuration (done) | time=564ms
[INFO] Load quality profiles
[INFO] Load quality profiles (done) | time=67ms
[INFO] Load active rules
[INFO] Load active rules (done) | time=1257ms
[INFO] Organization key: entando-k8s
[INFO] Pull request 25 for merge into master from ENG-1739_redhat_certified_with_spit_deployments
[INFO] SCM collecting changed files in the branch
[WARNING] Exception caught during e**cution of command '[/usr/local/git/bin/git, config, --******, --edit]' in '/usr/local/git/bin', return code '128', error message 'fatal: Invalid path '/usr/local/git/etc': No such file or directory
'
[INFO] SCM collecting changed files in the branch (done) | time=319ms
[INFO] Indexing files...
[INFO] Project configuration:
[INFO] 20 files inde**d
[INFO] 0 files ignored because of scm ignore settings
[INFO] Quality profile for java: Sonar way
[INFO] Quality profile for xml: Sonar way
[INFO] ------------- Run sensors on module Entando K8S Controller for Entando App Deployments
[INFO] JavaScript/TypeScript frontend is enabled
[INFO] Load metrics repository
[INFO] Load metrics repository (done) | time=36ms
[INFO] Sensor JavaSquidSensor [java]
[INFO] Configured Java source version (sonar.java.source): 8
[INFO] JavaClasspath initialization
[INFO] JavaClasspath initialization (done) | time=20ms
[INFO] JavaTestClasspath initialization
[INFO] JavaTestClasspath initialization (done) | time=4ms
[INFO] Java Main Files AST scan
[INFO] 10 source files to be analyzed
[INFO] 10/10 source files have been analyzed
[INFO] Java Main Files AST scan (done) | time=4162ms
[INFO] Java Test Files AST scan
[INFO] 9 source files to be analyzed
[INFO] Java Test Files AST scan (done) | time=1273ms
[INFO] 9/9 source files have been analyzed
[INFO] Java Generated Files AST scan
[INFO] 0 source files to be analyzed
[INFO] Java Generated Files AST scan (done) | time=0ms
[INFO] 0/0 source files have been analyzed
[INFO] Sensor JavaSquidSensor [java] (done) | time=5904ms
[INFO] Sensor SonarCSS Rules [cssfamily]
[INFO] No CSS, PHP, HTML or VueJS files are found in the project. CSS analysis is skipped.
[INFO] Sensor SonarCSS Rules [cssfamily] (done) | time=1ms
[INFO] Sensor C# Properties [csharp]
[INFO] Sensor C# Properties [csharp] (done) | time=2ms
[INFO] Sensor Import of Checkstyle issues [java]
[INFO] Importing /workspace/source/target/checkstyle-result.xml
[INFO] Sensor Import of Checkstyle issues [java] (done) | time=109ms
[INFO] Sensor SurefireSensor [java]
[INFO] parsing [/workspace/source/target/surefire-reports]
[INFO] Sensor SurefireSensor [java] (done) | time=54ms
[INFO] Sensor JavaXmlSensor [java]
[INFO] 1 source files to be analyzed
[INFO] Sensor JavaXmlSensor [java] (done) | time=236ms
[INFO] 1/1 source files have been analyzed
[INFO] Sensor HTML [web]
[INFO] Sensor HTML [web] (done) | time=6ms
[INFO] Sensor XML Sensor [xml]
[INFO] 1 source files to be analyzed
[INFO] Sensor XML Sensor [xml] (done) | time=230ms
[INFO] 1/1 source files have been analyzed
[INFO] Sensor VB.NET Properties [vbnet]
[INFO] Sensor VB.NET Properties [vbnet] (done) | time=1ms
[INFO] Sensor JaCoCo XML Report Importer [jacoco]
[INFO] Importing 1 report(s). Turn your logs in debug mode in order to see the exhaustive list.
[INFO] Sensor JaCoCo XML Report Importer [jacoco] (done) | time=52ms
[INFO] Sensor ThymeLeaf template sensor [securityjavafrontend]
[INFO] Sensor ThymeLeaf template sensor [securityjavafrontend] (done) | time=2ms
[INFO] Sensor JavaSecuritySensor [security]
[INFO] Reading type hierarchy from: /workspace/source/target/sonar/ucfg2/java
[INFO] Read 85 type definitions
[INFO] Reading UCFGs from: /workspace/source/target/sonar/ucfg2/java
[INFO] 07:35:12.217096 Building Runtime Type propagation graph
[INFO] 07:35:12.234104 Running Tarjan on 294 nodes
[INFO] 07:35:12.237913 Tarjan found 294 components
[INFO] 07:35:12.247532 Variable type analysis: done
[INFO] 07:35:12.252308 Building Runtime Type propagation graph
[INFO] 07:35:12.263335 Running Tarjan on 294 nodes
[INFO] 07:35:12.26588 Tarjan found 294 components
[INFO] 07:35:12.267753 Variable type analysis: done
[INFO] Analyzing 84 ucfgs to detect vulnerabilities.
[INFO] All rules entrypoints : 0 Retained UCFGs : 0
[INFO] rule: S5131, entrypoints: 0
[INFO] rule: S5131 done
[INFO] rule: S3649, entrypoints: 0
[INFO] rule: S3649 done
[INFO] rule: S2076, entrypoints: 0
[INFO] rule: S2076 done
[INFO] rule: S2091, entrypoints: 0
[INFO] rule: S2091 done
[INFO] rule: S2078, entrypoints: 0
[INFO] rule: S2078 done
[INFO] rule: S2631, entrypoints: 0
[INFO] rule: S2631 done
[INFO] rule: S5135, entrypoints: 0
[INFO] rule: S5135 done
[INFO] rule: S2083, entrypoints: 0
[INFO] rule: S2083 done
[INFO] rule: S5167, entrypoints: 0
[INFO] rule: S5167 done
[INFO] rule: S5144, entrypoints: 0
[INFO] rule: S5144 done
[INFO] rule: S5145, entrypoints: 0
[INFO] rule: S5145 done
[INFO] rule: S5146, entrypoints: 0
[INFO] rule: S5146 done
[INFO] rule: S5334, entrypoints: 0
[INFO] rule: S5334 done
[INFO] Sensor JavaSecuritySensor [security] (done) | time=599ms
[INFO] Sensor CSharpSecuritySensor [security]
[INFO] Reading type hierarchy from: /workspace/source/target/ucfg_cs2
[INFO] Read 0 type definitions
[INFO] Reading UCFGs from: /workspace/source/target/ucfg_cs2
[INFO] No UCFGs have been included for analysis.
[INFO] Sensor CSharpSecuritySensor [security] (done) | time=2ms
[INFO] Sensor PhpSecuritySensor [security]
[INFO] Reading type hierarchy from: /workspace/source/target/sonar/ucfg2/php
[INFO] Read 0 type definitions
[INFO] Reading UCFGs from: /workspace/source/target/sonar/ucfg2/php
[INFO] No UCFGs have been included for analysis.
[INFO] Sensor PhpSecuritySensor [security] (done) | time=1ms
[INFO] Sensor PythonSecuritySensor [security]
[INFO] Reading type hierarchy from: /workspace/source/target/sonar/ucfg2/python
[INFO] Read 0 type definitions
[INFO] Reading UCFGs from: /workspace/source/target/sonar/ucfg2/python
[INFO] No UCFGs have been included for analysis.
[INFO] Sensor PythonSecuritySensor [security] (done) | time=1ms
[INFO] Sensor JsSecuritySensor [security]
[INFO] Reading type hierarchy from: /workspace/source/target/sonar/ucfg2/js
[INFO] Read 0 type definitions
[INFO] Reading UCFGs from: /workspace/source/target/sonar/ucfg2/js
[INFO] No UCFGs have been included for analysis.
[INFO] Sensor JsSecuritySensor [security] (done) | time=2ms
[INFO] ------------- Run sensors on project
[INFO] Sensor Zero Coverage Sensor
[INFO] Sensor Zero Coverage Sensor (done) | time=1ms
[INFO] Sensor Java CPD Block Inde**r
[INFO] Sensor Java CPD Block Inde**r (done) | time=59ms
[INFO] SCM Publisher SCM provider for this project is: git
[INFO] SCM Publisher 20 source files to be analyzed
[INFO] SCM Publisher 19/20 source files have been analyzed (done) | time=297ms
[WARNING] Missing blame information for the following files:
[WARNING]   * pom.xml
[WARNING] This may lead to missing/broken features in SonarCloud
[INFO] CPD E**cutor 1 file had no CPD blocks
[INFO] CPD E**cutor Calculating CPD for 9 files
[INFO] CPD E**cutor CPD calculation finished (done) | time=26ms
[INFO] SCM writing changed lines
[INFO] SCM writing changed lines (done) | time=177ms
[INFO] Analysis report generated in 320ms, dir size=400 KB
[INFO] Analysis report compressed in 102ms, zip size=132 KB
[INFO] Analysis report uploaded in 125ms
[INFO] ANALYSIS SUCCESSFUL, you can find the results at: https://sonarcloud.io/dashboard?id=entando-k8s_entando-k8s-app-controller&pullRequest=25
[INFO] Note that you will be able to access the updated dashboard once the server has processed the submitted analysis report
[INFO] More about the report processing at https://sonarcloud.io/api/ce/task?id=AXdm0RFw76C-3aJpSyyI
[INFO] Analysis total time: 14.020 s
[INFO] ------------------------------------------------------------------------
[INFO] BUILD SUCCESS
[INFO] ------------------------------------------------------------------------
[INFO] Total time:  01:33 min
[INFO] Finished at: 2021-02-03T07:35:13Z
[INFO] ------------------------------------------------------------------------
Picked up _JAVA_OPTIONS: -XX:+UnlockExperimentalVMOptions -Dsun.zip.disableMemoryMapping=**** -XX:+UseParallelGC -XX:MinHeapFreeRatio=5 -XX:MaxHeapFreeRatio=10 -XX:GCTimeRatio=4 -XX:AdaptiveSizePolicyWeight=90 -Xms1000m -Xmx12000m
[INFO] Scanning for projects...
[INFO] 
[INFO] ---------------< org.entando:entando-k8s-app-controller >---------------
[INFO] Building Entando K8S Controller for Entando App Deployments 0.0.0-SNAPSHOT-PR-25-7
[INFO] --------------------------------[ jar ]---------------------------------
[INFO] 
[INFO] --- maven-site-plugin:3.9.0:site (default-site) @ entando-k8s-app-controller ---
[INFO] configuring report plugin org.apache.maven.plugins:maven-project-info-reports-plugin:3.0.0
[INFO] 9 reports configured for maven-project-info-reports-plugin:3.0.0: dependency-info, distribution-management, index, ci-management, issue-management, licenses, plugins, scm, summary
[INFO] Rendering site with default locale English (en)
[WARNING] Unable to find a URL to the parent project. The parent menu will NOT be added.
[INFO] Relativizing decoration links with respect to localized project URL: https://central.entando.com
[INFO] Rendering content with org.apache.maven.skins:maven-default-skin:jar:1.3 skin.
[INFO] Generating "Dependency Information" report --- maven-project-info-reports-plugin:3.0.0:dependency-info
[INFO] Generating "About" report         --- maven-project-info-reports-plugin:3.0.0:index
[INFO] Generating "Issue Management" report --- maven-project-info-reports-plugin:3.0.0:issue-management
[INFO] Generating "Licenses" report      --- maven-project-info-reports-plugin:3.0.0:licenses
[INFO] Generating "Plugins" report       --- maven-project-info-reports-plugin:3.0.0:plugins
[INFO] Generating "Source Code Management" report --- maven-project-info-reports-plugin:3.0.0:scm
[INFO] Generating "Summary" report       --- maven-project-info-reports-plugin:3.0.0:summary
[INFO] ------------------------------------------------------------------------
[INFO] BUILD SUCCESS
[INFO] ------------------------------------------------------------------------
[INFO] Total time:  8.031 s
[INFO] Finished at: 2021-02-03T07:35:23Z
[INFO] ------------------------------------------------------------------------
error: etcdserver: request is too large
  % Total    % Received % Xferd  Average Speed   Time    Time     Time  Current
                                 Dload  Upload   Total   Spent    Left  Speed
  0     0    0     0    0     0      0      0 --:--:-- --:--:-- --:--:--     0100  1865  100  1647  100   218   2821    373 --:--:-- --:--:-- --:--:--  2825
{
  "url": "https://api.github.com/repos/entando-k8s/entando-k8s-app-controller/statuses/53add3257d120670f2c23011b3ff00b463e6e520",
  "avatar_url": "https://avatars.githubusercontent.com/u/57885396?v=4",
  "id": 12052619546,
  "node_id": "MDEzOlN0YXR1c0NvbnRleHQxMjA1MjYxOTU0Ng==",
  "state": "success",
  "description": "Pre-deployment tests success!",
  "target_url": "https://entando-k8s.github.io/devops-results/entando-k8s-app-controller/PR-25/surefire-report.html",
  "context": "Pre-deployment tests",
  "created_at": "2021-02-03T07:35:39Z",
  "updated_at": "2021-02-03T07:35:39Z",
  "creator": {
    "login": "**********",
    "id": 57885396,
    "node_id": "MDQ6VXNlcjU3ODg1Mzk2",
    "avatar_url": "https://avatars.githubusercontent.com/u/57885396?v=4",
    "gravatar_id": "",
    "url": "https://api.github.com/users/**********",
    "html_url": "https://github.com/**********",
    "followers_url": "https://api.github.com/users/**********/followers",
    "following_url": "https://api.github.com/users/**********/following{/other_user}",
    "gists_url": "https://api.github.com/users/**********/gists{/gist_id}",
    "starred_url": "https://api.github.com/users/**********/starred{/owner}{/repo}",
    "subscriptions_url": "https://api.github.com/users/**********/subscriptions",
    "organizations_url": "https://api.github.com/users/**********/orgs",
    "repos_url": "https://api.github.com/users/**********/repos",
    "events_url": "https://api.github.com/users/**********/events{/privacy}",
    "received_events_url": "https://api.github.com/users/**********/received_events",
    "type": "User",
    "site_*****": false
  }
}
  % Total    % Received % Xferd  Average Speed   Time    Time     Time  Current
                                 Dload  Upload   Total   Spent    Left  Speed
  0     0    0     0    0     0      0      0 --:--:-- --:--:-- --:--:--     0  0     0    0     0    0     0      0      0 --:--:-- --:--:-- --:--:--     0100  1815  100  1622  100   193   2716    323 --:--:-- --:--:-- --:--:--  2716
{
  "url": "https://api.github.com/repos/entando-k8s/entando-k8s-app-controller/statuses/53add3257d120670f2c23011b3ff00b463e6e520",
  "avatar_url": "https://avatars.githubusercontent.com/u/57885396?v=4",
  "id": 12052619633,
  "node_id": "MDEzOlN0YXR1c0NvbnRleHQxMjA1MjYxOTYzMw==",
  "state": "success",
  "description": "Checkstyle success!",
  "target_url": "https://entando-k8s.github.io/devops-results/entando-k8s-app-controller/PR-25/checkstyle.html",
  "context": "Checkstyle",
  "created_at": "2021-02-03T07:35:40Z",
  "updated_at": "2021-02-03T07:35:40Z",
  "creator": {
    "login": "**********",
    "id": 57885396,
    "node_id": "MDQ6VXNlcjU3ODg1Mzk2",
    "avatar_url": "https://avatars.githubusercontent.com/u/57885396?v=4",
    "gravatar_id": "",
    "url": "https://api.github.com/users/**********",
    "html_url": "https://github.com/**********",
    "followers_url": "https://api.github.com/users/**********/followers",
    "following_url": "https://api.github.com/users/**********/following{/other_user}",
    "gists_url": "https://api.github.com/users/**********/gists{/gist_id}",
    "starred_url": "https://api.github.com/users/**********/starred{/owner}{/repo}",
    "subscriptions_url": "https://api.github.com/users/**********/subscriptions",
    "organizations_url": "https://api.github.com/users/**********/orgs",
    "repos_url": "https://api.github.com/users/**********/repos",
    "events_url": "https://api.github.com/users/**********/events{/privacy}",
    "received_events_url": "https://api.github.com/users/entando-**/received_events",
    "type": "User",
    "site_*****": false
  }
}
  % Total    % Received % Xferd  Average Speed   Time    Time     Time  Current
                                 Dload  Upload   Total   Spent    Left  Speed
{
  "url": "https://api.github.com/repos/entando-k8s/entando-k8s-app-controller/statuses/53add3257d120670f2c23011b3ff00b463e6e520",
  "avatar_url": "https://avatars.githubusercontent.com/u/57885396?v=4",
  "id": 12052619728,
  "node_id": "MDEzOlN0YXR1c0NvbnRleHQxMjA1MjYxOTcyOA==",
  "state": "success",
  "description": "OWASP CVE success!",
  "target_url": "https://entando-k8s.github.io/devops-results/entando-k8s-app-controller/PR-25/dependency-check-report.html",
  "context": "OWASP CVE",
  "created_at": "2021-02-03T07:35:40Z",
  "updated_at": "2021-02-03T07:35:40Z",
  "creator": {
    "login": "**********",
    "id": 57885396,
    "node_id": "MDQ6VXNlcjU3ODg1Mzk2",
    "avatar_url": "https://avatars.githubusercontent.com/u/57885396?v=4",
    "gravatar_id": "",
    "url": "https://api.github.com/users/**********",
    "html_url": "https://github.com/**********",
    "followers_url": "https://api.github.com/users/**********/followers",
    "following_url": "https://api.github.com/users/**********/following{/other_user}",
    "gists_url": "https://api.github.com/users/**********/gists{/gist_id}",
    "starred_url": "https://api.github.com/users/**********/starred{/owner}{/repo}",
    "subscriptions_url": "https://api.github.com/users/**********/subscriptions",
    "organizations_url": "https://api.github.com/users/**********/orgs",
    "repos_url": "https://api.github.com/users/**********/repos",
    "events_url": "https://api.github.com/users/**********/events{/privacy}",
    "received_events_url": "https://api.github.com/users/**********/received_events",
    "type": "User",
    "site_*****": false
  }
}
  0     0    0     0    0     0      0      0 --:--:-- --:--:-- --:--:--     0 11  1837    0     0  100   204      0    326 --:--:-- --:--:-- --:--:--   325100  1837  100  1633  100   204   2608    325 --:--:-- --:--:-- --:--:--  2608
Congratulations! No build failures found for entando-k8s-app-controller-PR-25.

Showing logs for build [32mentando-k8s-entando-k8s-app-con-gs28s-7[0m stage [32mfrom-build-pack[0m and container [32mstep-build-container-build[0m
Generating tags...
 - entando/entando-k8s-app-controller -> docker.io/entando/entando-k8s-app-controller:0.0.0-SNAPSHOT-PR-25-7
Checking cache...
 - entando/entando-k8s-app-controller: Not found. Building
Building [entando/entando-k8s-app-controller]...
Sending build context to Docker daemon  158.2kB
Step 1/7 : FROM entando/entando-k8s-operator-common:6.3.1
 ---> 1766f844aece
Step 2/7 : ARG VERSION
 ---> Using cache
 ---> 6a4149ee7662
Step 3/7 : LABEL name "Entando K8S App Controller" vendor "Entando" version "v${VERSION}" release "6" summary "This container processes the EntandoApp custom resource and deploys the specified Entando App Engine Docker image." description "This is a run-to-completion container. It processes new EntandoApp Custom                    Resources and deploys an instance of the specified Entando App Engine Docker image                    to your cluster. This Entando App Engine will be  configured to use a previously installed Keycloak Server.                    Subsequent e**cutions of this container against the same EntandoApp will patch the existing                    deployment resources"
 ---> Running in 62066b773142
 ---> 70f6c9ffd5e5
Step 4/7 : ENV JAVA_OPTIONS "-Djava.util.logging.manager=org.jboss.logmanager.LogManager"
 ---> Running in b6e6a7ee4d7f
 ---> 00815d042902
Step 5/7 : ENV AB_ENABLED jmx_exporter
 ---> Running in da14b2e009d0
 ---> e73c4b8cf655
Step 6/7 : COPY target/*-runner.jar /deployments/app.jar
 ---> 56c46fcb8b97
Step 7/7 : ENTRYPOINT /deployments/run-java.sh
 ---> Running in c60c02eff24a
 ---> 782fc17ba89a
Successfully built 782fc17ba89a
The push refers to a repository [docker.io/entando/entando-k8s-app-controller]
ae8cab94f650: Preparing
9c2039494f82: Preparing
128e365e30f9: Preparing
712a16020a60: Preparing
088e643aafac: Preparing
00af10937683: Preparing
3aa55ff7bca1: Preparing
00af10937683: Waiting
3aa55ff7bca1: Waiting
088e643aafac: Layer already exists
00af10937683: Layer already exists
9c2039494f82: Mounted from entando/entando-k8s-cluster-infrastructure-controller
712a16020a60: Mounted from entando/entando-k8s-cluster-infrastructure-controller
128e365e30f9: Mounted from entando/entando-k8s-cluster-infrastructure-controller
3aa55ff7bca1: Layer already exists
ae8cab94f650: Pushed
0.0.0-SNAPSHOT-PR-25-7: digest: sha256:4ea84364bf485569498020968829597575f624e192c02176864fc21d12654ce6 size: 1791
There is a new version (1.19.0) of Skaffold available. Download it at https://storage.googleapis.com/skaffold/releases/latest/skaffold-linux-amd64


Showing logs for build [32mentando-k8s-entando-k8s-app-con-gs28s-7[0m stage [32mfrom-build-pack[0m and container [32mstep-postbuild-post-build[0m
no CVE provider running in the current ** namespace so skip adding image to be analysed

Showing logs for build [32mentando-k8s-entando-k8s-app-con-gs28s-7[0m stage [32mfrom-build-pack[0m and container [32mstep-promote-make-preview[0m
Creating /builder/home/.helm 
Creating /builder/home/.helm/repository 
Creating /builder/home/.helm/repository/cache 
Creating /builder/home/.helm/repository/local 
Creating /builder/home/.helm/plugins 
Creating /builder/home/.helm/starters 
Creating /builder/home/.helm/cache/archive 
Creating /builder/home/.helm/repository/repositories.yaml 
Adding stable repo with URL: https://charts.helm.sh/stable 
Adding local repo with URL: http://127.0.0.1:8879/charts 
$HELM_HOME has been configured at /builder/home/.helm.
Not installing Tiller due to 'client-only' flag having been set
sed -i -e "s/version:.*/version: 0.0.0-SNAPSHOT-PR-25-7/" Chart.yaml
sed -i -e "s/version:.*/version: 0.0.0-SNAPSHOT-PR-25-7/" ../*/Chart.yaml
sed -i -e "s|repository:.*|repository: docker.io\/entando\/entando-k8s-keycloak-controller|" values.yaml
sed -i -e "s/tag:.*/tag: 0.0.0-SNAPSHOT-PR-25-7/" values.yaml
echo "  version: 0.0.0-SNAPSHOT-PR-25-7" >> requirements.yaml
** step helm build
WARNING: No $CHART_REPOSITORY defined so using the default value of: http://jenkins-x-chartmuseum:8080
Adding missing Helm repo: storage.googleapis.com https://storage.googleapis.com/chartmuseum.jenkins-x.io
Successfully added Helm repository storage.googleapis.com.
Adding missing Helm repo: jenkins-x-chartmuseum http://jenkins-x-chartmuseum:8080
Successfully added Helm repository jenkins-x-chartmuseum.
WARNING: No $CHART_REPOSITORY defined so using the default value of: http://jenkins-x-chartmuseum:8080

Showing logs for build [32mentando-k8s-entando-k8s-app-con-gs28s-7[0m stage [32mfrom-build-pack[0m and container [32mstep-promote-jx-preview[0m
Creating a preview
Found commit author match for: ampie with email address: ampie.private@gmail.com
Namespace entando-k8s-app-controller-acpr25 created 
expose:
  Annotations:
    helm.sh/hook: post-install,post-upgrade
    helm.sh/hook-delete-policy: hook-succeeded
  config:
    domain: *************
    exposer: Ingress
    http: "****"
preview:
  image:
    repository: docker.io/entando/entando-k8s-app-controller
    tag: 0.0.0-SNAPSHOT-PR-25-7

WARNING: Could not find the service URL in namespace entando-k8s-app-controller-acpr25 for names : Timed out after 1m0s, last error: %!s(<nil>)
Updating PipelineActivities entando-k8s-entando-k8s-app-controller-pr-25-7 which has status Running
WARNING: Failed to find the service entando-k8s-app-controller : failed to find service entando-k8s-app-controller in namespace entando-k8s-app-controller-acpr25: services "entando-k8s-app-controller" not found

Showing logs for build [32mentando-k8s-entando-k8s-app-con-gs28s-7[0m stage [32mfrom-build-pack[0m and container [32mstep-promote-run-post-deployment-tests[0m
Picked up _JAVA_OPTIONS: -XX:+UnlockExperimentalVMOptions -Dsun.zip.disableMemoryMapping=**** -XX:+UseParallelGC -XX:MinHeapFreeRatio=5 -XX:MaxHeapFreeRatio=10 -XX:GCTimeRatio=4 -XX:AdaptiveSizePolicyWeight=90 -Xms1000m -Xmx12000m
[INFO] Scanning for projects...
[INFO] 
[INFO] ---------------< org.entando:entando-k8s-app-controller >---------------
[INFO] Building Entando K8S Controller for Entando App Deployments 0.0.0-SNAPSHOT-PR-25-7
[INFO] --------------------------------[ jar ]---------------------------------
[INFO] 
[INFO] --- maven-resources-plugin:2.6:resources (default-resources) @ entando-k8s-app-controller ---
[INFO] Using 'UTF-8' encoding to copy filtered resources.
[INFO] Copying 3 resources
[INFO] 
[INFO] --- maven-compiler-plugin:3.8.1:compile (default-compile) @ entando-k8s-app-controller ---
[INFO] Nothing to compile - all classes are up to date
[INFO] 
[INFO] --- maven-resources-plugin:2.6:testResources (default-testResources) @ entando-k8s-app-controller ---
[INFO] Using 'UTF-8' encoding to copy filtered resources.
[INFO] Copying 3 resources
[INFO] 
[INFO] --- maven-compiler-plugin:3.8.1:testCompile (default-testCompile) @ entando-k8s-app-controller ---
[INFO] Nothing to compile - all classes are up to date
[INFO] 
[INFO] --- maven-surefire-plugin:3.0.0-M1:test (default-test) @ entando-k8s-app-controller ---
[INFO] Tests are skipped.
[INFO] 
[INFO] --- maven-jar-plugin:3.2.0:jar (default-jar) @ entando-k8s-app-controller ---
[INFO] 
[INFO] --- maven-jar-plugin:3.2.0:test-jar (build-test-jar) @ entando-k8s-app-controller ---
[INFO] 
[INFO] --- maven-failsafe-plugin:3.0.0-M4:integration-test (run-tests) @ entando-k8s-app-controller ---
[INFO] 
[INFO] -------------------------------------------------------
[INFO]  T E S T S
[INFO] -------------------------------------------------------
[INFO] Running org.entando.kubernetes.controller.app.interprocesstests.AddEntandoAppWithExternalPostgresqlDatabaseIT
Feb 03, 2021 7:37:47 AM org.entando.kubernetes.controller.integrationtest.support.DeletionWaiter lambda$deleteSingleItem$2
WARNING: Deleting pods  entando-k8s-app-controller-acpr25/pg-test
Feb 03, 2021 7:37:49 AM org.entando.kubernetes.controller.integrationtest.support.DeletionWaiter lambda$deleteSingleItem$2
WARNING: Deleting pods  entando-k8s-app-controller-acpr25/pg-test
Feb 03, 2021 7:37:49 AM org.entando.kubernetes.controller.integrationtest.support.DeletionWaiter lambda$deleteSingleItem$2
WARNING: Deleting entandodatabaseservices  entando-k8s-app-controller-acpr25/my-external-db-acpr25
Feb 03, 2021 7:37:49 AM org.entando.kubernetes.controller.integrationtest.support.DeletionWaiter lambda$deleteSingleItem$2
WARNING: Deleting secrets  entando-k8s-app-controller-acpr25/test-secret
ADDED:PodStatus(conditions=[PodCondition(lastProbeTime=null, lastTransitionTime=2021-02-03T07:37:49Z, message=null, reason=null, status=True, type=PodScheduled, additionalProperties={})], containerStatuses=[], ephemeralContainerStatuses=[], hostIP=null, initContainerStatuses=[], message=null, nominatedNodeName=null, phase=Pending, podIP=null, podIPs=[], qosClass=BestEffort, reason=null, startTime=null, additionalProperties={})
MODIFIED:PodStatus(conditions=[PodCondition(lastProbeTime=null, lastTransitionTime=2021-02-03T07:37:49Z, message=null, reason=null, status=True, type=Initialized, additionalProperties={}), PodCondition(lastProbeTime=null, lastTransitionTime=2021-02-03T07:37:49Z, message=containers with unready status: [pg-container], reason=ContainersNotReady, status=False, type=Ready, additionalProperties={}), PodCondition(lastProbeTime=null, lastTransitionTime=null, message=containers with unready status: [pg-container], reason=ContainersNotReady, status=False, type=ContainersReady, additionalProperties={}), PodCondition(lastProbeTime=null, lastTransitionTime=2021-02-03T07:37:49Z, message=null, reason=null, status=True, type=PodScheduled, additionalProperties={})], containerStatuses=[ContainerStatus(containerID=null, image=centos/********ql-96-centos7:latest, imageID=, lastState=ContainerState(running=null, terminated=null, waiting=null, additionalProperties={}), name=pg-container, ready=false, restartCount=0, started=null, state=ContainerState(running=null, terminated=null, waiting=ContainerStateWaiting(message=null, reason=ContainerCreating, additionalProperties={}), additionalProperties={}), additionalProperties={})], ephemeralContainerStatuses=[], hostIP=54.36.53.206, initContainerStatuses=[], message=null, nominatedNodeName=null, phase=Pending, podIP=null, podIPs=[], qosClass=BestEffort, reason=null, startTime=2021-02-03T07:37:49Z, additionalProperties={})
MODIFIED:PodStatus(conditions=[PodCondition(lastProbeTime=null, lastTransitionTime=2021-02-03T07:37:49Z, message=null, reason=null, status=True, type=Initialized, additionalProperties={}), PodCondition(lastProbeTime=null, lastTransitionTime=2021-02-03T07:37:49Z, message=containers with unready status: [pg-container], reason=ContainersNotReady, status=False, type=Ready, additionalProperties={}), PodCondition(lastProbeTime=null, lastTransitionTime=null, message=containers with unready status: [pg-container], reason=ContainersNotReady, status=False, type=ContainersReady, additionalProperties={}), PodCondition(lastProbeTime=null, lastTransitionTime=2021-02-03T07:37:49Z, message=null, reason=null, status=True, type=PodScheduled, additionalProperties={})], containerStatuses=[ContainerStatus(containerID=docker://391681c429ffbe20f8c354bbba24d771e8a52459d6ed84558d0d81e055f4984d, image=docker.io/centos/********ql-96-centos7:latest, imageID=docker-pullable://docker.io/centos/********ql-96-centos7@sha256:b681d78125361519180a6ac05242c296f8906c11eab7e207b5ca9a89b6344392, lastState=ContainerState(running=null, terminated=null, waiting=null, additionalProperties={}), name=pg-container, ready=false, restartCount=0, started=null, state=ContainerState(running=ContainerStateRunning(startedAt=2021-02-03T07:37:54Z, additionalProperties={}), terminated=null, waiting=null, additionalProperties={}), additionalProperties={})], ephemeralContainerStatuses=[], hostIP=54.36.53.206, initContainerStatuses=[], message=null, nominatedNodeName=null, phase=Running, podIP=10.128.1.81, podIPs=[], qosClass=BestEffort, reason=null, startTime=2021-02-03T07:37:49Z, additionalProperties={})
MODIFIED:PodStatus(conditions=[PodCondition(lastProbeTime=null, lastTransitionTime=2021-02-03T07:37:49Z, message=null, reason=null, status=True, type=Initialized, additionalProperties={}), PodCondition(lastProbeTime=null, lastTransitionTime=2021-02-03T07:38:08Z, message=null, reason=null, status=True, type=Ready, additionalProperties={}), PodCondition(lastProbeTime=null, lastTransitionTime=null, message=null, reason=null, status=True, type=ContainersReady, additionalProperties={}), PodCondition(lastProbeTime=null, lastTransitionTime=2021-02-03T07:37:49Z, message=null, reason=null, status=True, type=PodScheduled, additionalProperties={})], containerStatuses=[ContainerStatus(containerID=docker://391681c429ffbe20f8c354bbba24d771e8a52459d6ed84558d0d81e055f4984d, image=docker.io/centos/********ql-96-centos7:latest, imageID=docker-pullable://docker.io/centos/********ql-96-centos7@sha256:b681d78125361519180a6ac05242c296f8906c11eab7e207b5ca9a89b6344392, lastState=ContainerState(running=null, terminated=null, waiting=null, additionalProperties={}), name=pg-container, ready=****, restartCount=0, started=null, state=ContainerState(running=ContainerStateRunning(startedAt=2021-02-03T07:37:54Z, additionalProperties={}), terminated=null, waiting=null, additionalProperties={}), additionalProperties={})], ephemeralContainerStatuses=[], hostIP=54.36.53.206, initContainerStatuses=[], message=null, nominatedNodeName=null, phase=Running, podIP=10.128.1.81, podIPs=[], qosClass=BestEffort, reason=null, startTime=2021-02-03T07:37:49Z, additionalProperties={})
Finished: pg-test
Feb 03, 2021 7:38:09 AM org.entando.kubernetes.controller.integrationtest.support.DeletionWaiter lambda$deleteSingleItem$2
WARNING: Deleting configmaps  entando-k8s-app-controller-acpr25/eci-entando-k8s-app-controller-acpr25-eti-acpr25-connection-config
javax.ws.rs.NotFoundException: HTTP 404 Not Found
!!!!!!!On EntandoApp add!!!!!!!!!
ADDED:PodStatus(conditions=[PodCondition(lastProbeTime=null, lastTransitionTime=2021-02-03T07:38:21Z, message=null, reason=null, status=True, type=PodScheduled, additionalProperties={})], containerStatuses=[], ephemeralContainerStatuses=[], hostIP=null, initContainerStatuses=[], message=null, nominatedNodeName=null, phase=Pending, podIP=null, podIPs=[], qosClass=BestEffort, reason=null, startTime=null, additionalProperties={})
MODIFIED:PodStatus(conditions=[PodCondition(lastProbeTime=null, lastTransitionTime=2021-02-03T07:38:21Z, message=containers with incomplete status: [test-entando-acpr25-portdb-schema-creation-job test-entando-acpr25-servdb-schema-creation-job test-entando-acpr25-server-db-population-job], reason=ContainersNotInitialized, status=False, type=Initialized, additionalProperties={}), PodCondition(lastProbeTime=null, lastTransitionTime=2021-02-03T07:38:21Z, message=containers with unready status: [dummy], reason=ContainersNotReady, status=False, type=Ready, additionalProperties={}), PodCondition(lastProbeTime=null, lastTransitionTime=null, message=containers with unready status: [dummy], reason=ContainersNotReady, status=False, type=ContainersReady, additionalProperties={}), PodCondition(lastProbeTime=null, lastTransitionTime=2021-02-03T07:38:21Z, message=null, reason=null, status=True, type=PodScheduled, additionalProperties={})], containerStatuses=[ContainerStatus(containerID=null, image=docker.io/entando/busybox:latest, imageID=, lastState=ContainerState(running=null, terminated=null, waiting=null, additionalProperties={}), name=dummy, ready=false, restartCount=0, started=null, state=ContainerState(running=null, terminated=null, waiting=ContainerStateWaiting(message=null, reason=PodInitializing, additionalProperties={}), additionalProperties={}), additionalProperties={})], ephemeralContainerStatuses=[], hostIP=54.36.53.206, initContainerStatuses=[ContainerStatus(containerID=null, image=docker.io/entando/entando-k8s-dbjob:6.1.4, imageID=, lastState=ContainerState(running=null, terminated=null, waiting=null, additionalProperties={}), name=test-entando-acpr25-portdb-schema-creation-job, ready=false, restartCount=0, started=null, state=ContainerState(running=null, terminated=null, waiting=ContainerStateWaiting(message=null, reason=PodInitializing, additionalProperties={}), additionalProperties={}), additionalProperties={}), ContainerStatus(containerID=null, image=docker.io/entando/entando-k8s-dbjob:6.1.4, imageID=, lastState=ContainerState(running=null, terminated=null, waiting=null, additionalProperties={}), name=test-entando-acpr25-servdb-schema-creation-job, ready=false, restartCount=0, started=null, state=ContainerState(running=null, terminated=null, waiting=ContainerStateWaiting(message=null, reason=PodInitializing, additionalProperties={}), additionalProperties={}), additionalProperties={}), ContainerStatus(containerID=null, image=docker.io/entando/entando-de-app-wildfly:6.3.13, imageID=, lastState=ContainerState(running=null, terminated=null, waiting=null, additionalProperties={}), name=test-entando-acpr25-server-db-population-job, ready=false, restartCount=0, started=null, state=ContainerState(running=null, terminated=null, waiting=ContainerStateWaiting(message=null, reason=PodInitializing, additionalProperties={}), additionalProperties={}), additionalProperties={})], message=null, nominatedNodeName=null, phase=Pending, podIP=null, podIPs=[], qosClass=BestEffort, reason=null, startTime=2021-02-03T07:38:21Z, additionalProperties={})
MODIFIED:PodStatus(conditions=[PodCondition(lastProbeTime=null, lastTransitionTime=2021-02-03T07:38:21Z, message=containers with incomplete status: [test-entando-acpr25-portdb-schema-creation-job test-entando-acpr25-servdb-schema-creation-job test-entando-acpr25-server-db-population-job], reason=ContainersNotInitialized, status=False, type=Initialized, additionalProperties={}), PodCondition(lastProbeTime=null, lastTransitionTime=2021-02-03T07:38:21Z, message=containers with unready status: [dummy], reason=ContainersNotReady, status=False, type=Ready, additionalProperties={}), PodCondition(lastProbeTime=null, lastTransitionTime=null, message=containers with unready status: [dummy], reason=ContainersNotReady, status=False, type=ContainersReady, additionalProperties={}), PodCondition(lastProbeTime=null, lastTransitionTime=2021-02-03T07:38:21Z, message=null, reason=null, status=True, type=PodScheduled, additionalProperties={})], containerStatuses=[ContainerStatus(containerID=null, image=docker.io/entando/busybox:latest, imageID=, lastState=ContainerState(running=null, terminated=null, waiting=null, additionalProperties={}), name=dummy, ready=false, restartCount=0, started=null, state=ContainerState(running=null, terminated=null, waiting=ContainerStateWaiting(message=null, reason=PodInitializing, additionalProperties={}), additionalProperties={}), additionalProperties={})], ephemeralContainerStatuses=[], hostIP=54.36.53.206, initContainerStatuses=[ContainerStatus(containerID=docker://4bd094690850eb5d06af21caa126c83a5b16ae0658c053101900ad8617553a6b, image=docker.io/entando/entando-k8s-dbjob:6.1.4, imageID=docker-pullable://docker.io/entando/entando-k8s-dbjob@sha256:a571dc5f4f72668359ed7de82b06347ef103e91ac3fc9e381259fdfff417506a, lastState=ContainerState(running=null, terminated=null, waiting=null, additionalProperties={}), name=test-entando-acpr25-portdb-schema-creation-job, ready=false, restartCount=0, started=null, state=ContainerState(running=ContainerStateRunning(startedAt=2021-02-03T07:38:25Z, additionalProperties={}), terminated=null, waiting=null, additionalProperties={}), additionalProperties={}), ContainerStatus(containerID=null, image=docker.io/entando/entando-k8s-dbjob:6.1.4, imageID=, lastState=ContainerState(running=null, terminated=null, waiting=null, additionalProperties={}), name=test-entando-acpr25-servdb-schema-creation-job, ready=false, restartCount=0, started=null, state=ContainerState(running=null, terminated=null, waiting=ContainerStateWaiting(message=null, reason=PodInitializing, additionalProperties={}), additionalProperties={}), additionalProperties={}), ContainerStatus(containerID=null, image=docker.io/entando/entando-de-app-wildfly:6.3.13, imageID=, lastState=ContainerState(running=null, terminated=null, waiting=null, additionalProperties={}), name=test-entando-acpr25-server-db-population-job, ready=false, restartCount=0, started=null, state=ContainerState(running=null, terminated=null, waiting=ContainerStateWaiting(message=null, reason=PodInitializing, additionalProperties={}), additionalProperties={}), additionalProperties={})], message=null, nominatedNodeName=null, phase=Pending, podIP=10.128.1.83, podIPs=[], qosClass=BestEffort, reason=null, startTime=2021-02-03T07:38:21Z, additionalProperties={})
MODIFIED:PodStatus(conditions=[PodCondition(lastProbeTime=null, lastTransitionTime=2021-02-03T07:38:21Z, message=containers with incomplete status: [test-entando-acpr25-servdb-schema-creation-job test-entando-acpr25-server-db-population-job], reason=ContainersNotInitialized, status=False, type=Initialized, additionalProperties={}), PodCondition(lastProbeTime=null, lastTransitionTime=2021-02-03T07:38:21Z, message=containers with unready status: [dummy], reason=ContainersNotReady, status=False, type=Ready, additionalProperties={}), PodCondition(lastProbeTime=null, lastTransitionTime=null, message=containers with unready status: [dummy], reason=ContainersNotReady, status=False, type=ContainersReady, additionalProperties={}), PodCondition(lastProbeTime=null, lastTransitionTime=2021-02-03T07:38:21Z, message=null, reason=null, status=True, type=PodScheduled, additionalProperties={})], containerStatuses=[ContainerStatus(containerID=null, image=docker.io/entando/busybox:latest, imageID=, lastState=ContainerState(running=null, terminated=null, waiting=null, additionalProperties={}), name=dummy, ready=false, restartCount=0, started=null, state=ContainerState(running=null, terminated=null, waiting=ContainerStateWaiting(message=null, reason=PodInitializing, additionalProperties={}), additionalProperties={}), additionalProperties={})], ephemeralContainerStatuses=[], hostIP=54.36.53.206, initContainerStatuses=[ContainerStatus(containerID=docker://4bd094690850eb5d06af21caa126c83a5b16ae0658c053101900ad8617553a6b, image=docker.io/entando/entando-k8s-dbjob:6.1.4, imageID=docker-pullable://docker.io/entando/entando-k8s-dbjob@sha256:a571dc5f4f72668359ed7de82b06347ef103e91ac3fc9e381259fdfff417506a, lastState=ContainerState(running=null, terminated=null, waiting=null, additionalProperties={}), name=test-entando-acpr25-portdb-schema-creation-job, ready=****, restartCount=0, started=null, state=ContainerState(running=null, terminated=ContainerStateTerminated(containerID=docker://4bd094690850eb5d06af21caa126c83a5b16ae0658c053101900ad8617553a6b, exitCode=0, finishedAt=2021-02-03T07:38:27Z, message=null, reason=Completed, signal=null, startedAt=2021-02-03T07:38:25Z, additionalProperties={}), waiting=null, additionalProperties={}), additionalProperties={}), ContainerStatus(containerID=null, image=docker.io/entando/entando-k8s-dbjob:6.1.4, imageID=, lastState=ContainerState(running=null, terminated=null, waiting=null, additionalProperties={}), name=test-entando-acpr25-servdb-schema-creation-job, ready=false, restartCount=0, started=null, state=ContainerState(running=null, terminated=null, waiting=ContainerStateWaiting(message=null, reason=PodInitializing, additionalProperties={}), additionalProperties={}), additionalProperties={}), ContainerStatus(containerID=null, image=docker.io/entando/entando-de-app-wildfly:6.3.13, imageID=, lastState=ContainerState(running=null, terminated=null, waiting=null, additionalProperties={}), name=test-entando-acpr25-server-db-population-job, ready=false, restartCount=0, started=null, state=ContainerState(running=null, terminated=null, waiting=ContainerStateWaiting(message=null, reason=PodInitializing, additionalProperties={}), additionalProperties={}), additionalProperties={})], message=null, nominatedNodeName=null, phase=Pending, podIP=10.128.1.83, podIPs=[], qosClass=BestEffort, reason=null, startTime=2021-02-03T07:38:21Z, additionalProperties={})
MODIFIED:PodStatus(conditions=[PodCondition(lastProbeTime=null, lastTransitionTime=2021-02-03T07:38:21Z, message=containers with incomplete status: [test-entando-acpr25-servdb-schema-creation-job test-entando-acpr25-server-db-population-job], reason=ContainersNotInitialized, status=False, type=Initialized, additionalProperties={}), PodCondition(lastProbeTime=null, lastTransitionTime=2021-02-03T07:38:21Z, message=containers with unready status: [dummy], reason=ContainersNotReady, status=False, type=Ready, additionalProperties={}), PodCondition(lastProbeTime=null, lastTransitionTime=null, message=containers with unready status: [dummy], reason=ContainersNotReady, status=False, type=ContainersReady, additionalProperties={}), PodCondition(lastProbeTime=null, lastTransitionTime=2021-02-03T07:38:21Z, message=null, reason=null, status=True, type=PodScheduled, additionalProperties={})], containerStatuses=[ContainerStatus(containerID=null, image=docker.io/entando/busybox:latest, imageID=, lastState=ContainerState(running=null, terminated=null, waiting=null, additionalProperties={}), name=dummy, ready=false, restartCount=0, started=null, state=ContainerState(running=null, terminated=null, waiting=ContainerStateWaiting(message=null, reason=PodInitializing, additionalProperties={}), additionalProperties={}), additionalProperties={})], ephemeralContainerStatuses=[], hostIP=54.36.53.206, initContainerStatuses=[ContainerStatus(containerID=docker://4bd094690850eb5d06af21caa126c83a5b16ae0658c053101900ad8617553a6b, image=docker.io/entando/entando-k8s-dbjob:6.1.4, imageID=docker-pullable://docker.io/entando/entando-k8s-dbjob@sha256:a571dc5f4f72668359ed7de82b06347ef103e91ac3fc9e381259fdfff417506a, lastState=ContainerState(running=null, terminated=null, waiting=null, additionalProperties={}), name=test-entando-acpr25-portdb-schema-creation-job, ready=****, restartCount=0, started=null, state=ContainerState(running=null, terminated=ContainerStateTerminated(containerID=docker://4bd094690850eb5d06af21caa126c83a5b16ae0658c053101900ad8617553a6b, exitCode=0, finishedAt=2021-02-03T07:38:27Z, message=null, reason=Completed, signal=null, startedAt=2021-02-03T07:38:25Z, additionalProperties={}), waiting=null, additionalProperties={}), additionalProperties={}), ContainerStatus(containerID=docker://5359d5930de1013b528f4700267e1b2afc058234f25efb14633cfce4b841a260, image=docker.io/entando/entando-k8s-dbjob:6.1.4, imageID=docker-pullable://docker.io/entando/entando-k8s-dbjob@sha256:a571dc5f4f72668359ed7de82b06347ef103e91ac3fc9e381259fdfff417506a, lastState=ContainerState(running=null, terminated=null, waiting=null, additionalProperties={}), name=test-entando-acpr25-servdb-schema-creation-job, ready=false, restartCount=0, started=null, state=ContainerState(running=ContainerStateRunning(startedAt=2021-02-03T07:38:29Z, additionalProperties={}), terminated=null, waiting=null, additionalProperties={}), additionalProperties={}), ContainerStatus(containerID=null, image=docker.io/entando/entando-de-app-wildfly:6.3.13, imageID=, lastState=ContainerState(running=null, terminated=null, waiting=null, additionalProperties={}), name=test-entando-acpr25-server-db-population-job, ready=false, restartCount=0, started=null, state=ContainerState(running=null, terminated=null, waiting=ContainerStateWaiting(message=null, reason=PodInitializing, additionalProperties={}), additionalProperties={}), additionalProperties={})], message=null, nominatedNodeName=null, phase=Pending, podIP=10.128.1.83, podIPs=[], qosClass=BestEffort, reason=null, startTime=2021-02-03T07:38:21Z, additionalProperties={})
MODIFIED:PodStatus(conditions=[PodCondition(lastProbeTime=null, lastTransitionTime=2021-02-03T07:38:21Z, message=containers with incomplete status: [test-entando-acpr25-server-db-population-job], reason=ContainersNotInitialized, status=False, type=Initialized, additionalProperties={}), PodCondition(lastProbeTime=null, lastTransitionTime=2021-02-03T07:38:21Z, message=containers with unready status: [dummy], reason=ContainersNotReady, status=False, type=Ready, additionalProperties={}), PodCondition(lastProbeTime=null, lastTransitionTime=null, message=containers with unready status: [dummy], reason=ContainersNotReady, status=False, type=ContainersReady, additionalProperties={}), PodCondition(lastProbeTime=null, lastTransitionTime=2021-02-03T07:38:21Z, message=null, reason=null, status=True, type=PodScheduled, additionalProperties={})], containerStatuses=[ContainerStatus(containerID=null, image=docker.io/entando/busybox:latest, imageID=, lastState=ContainerState(running=null, terminated=null, waiting=null, additionalProperties={}), name=dummy, ready=false, restartCount=0, started=null, state=ContainerState(running=null, terminated=null, waiting=ContainerStateWaiting(message=null, reason=PodInitializing, additionalProperties={}), additionalProperties={}), additionalProperties={})], ephemeralContainerStatuses=[], hostIP=54.36.53.206, initContainerStatuses=[ContainerStatus(containerID=docker://4bd094690850eb5d06af21caa126c83a5b16ae0658c053101900ad8617553a6b, image=docker.io/entando/entando-k8s-dbjob:6.1.4, imageID=docker-pullable://docker.io/entando/entando-k8s-dbjob@sha256:a571dc5f4f72668359ed7de82b06347ef103e91ac3fc9e381259fdfff417506a, lastState=ContainerState(running=null, terminated=null, waiting=null, additionalProperties={}), name=test-entando-acpr25-portdb-schema-creation-job, ready=****, restartCount=0, started=null, state=ContainerState(running=null, terminated=ContainerStateTerminated(containerID=docker://4bd094690850eb5d06af21caa126c83a5b16ae0658c053101900ad8617553a6b, exitCode=0, finishedAt=2021-02-03T07:38:27Z, message=null, reason=Completed, signal=null, startedAt=2021-02-03T07:38:25Z, additionalProperties={}), waiting=null, additionalProperties={}), additionalProperties={}), ContainerStatus(containerID=docker://5359d5930de1013b528f4700267e1b2afc058234f25efb14633cfce4b841a260, image=docker.io/entando/entando-k8s-dbjob:6.1.4, imageID=docker-pullable://docker.io/entando/entando-k8s-dbjob@sha256:a571dc5f4f72668359ed7de82b06347ef103e91ac3fc9e381259fdfff417506a, lastState=ContainerState(running=null, terminated=null, waiting=null, additionalProperties={}), name=test-entando-acpr25-servdb-schema-creation-job, ready=****, restartCount=0, started=null, state=ContainerState(running=null, terminated=ContainerStateTerminated(containerID=docker://5359d5930de1013b528f4700267e1b2afc058234f25efb14633cfce4b841a260, exitCode=0, finishedAt=2021-02-03T07:38:32Z, message=null, reason=Completed, signal=null, startedAt=2021-02-03T07:38:29Z, additionalProperties={}), waiting=null, additionalProperties={}), additionalProperties={}), ContainerStatus(containerID=null, image=docker.io/entando/entando-de-app-wildfly:6.3.13, imageID=, lastState=ContainerState(running=null, terminated=null, waiting=null, additionalProperties={}), name=test-entando-acpr25-server-db-population-job, ready=false, restartCount=0, started=null, state=ContainerState(running=null, terminated=null, waiting=ContainerStateWaiting(message=null, reason=PodInitializing, additionalProperties={}), additionalProperties={}), additionalProperties={})], message=null, nominatedNodeName=null, phase=Pending, podIP=10.128.1.83, podIPs=[], qosClass=BestEffort, reason=null, startTime=2021-02-03T07:38:21Z, additionalProperties={})
MODIFIED:PodStatus(conditions=[PodCondition(lastProbeTime=null, lastTransitionTime=2021-02-03T07:38:21Z, message=containers with incomplete status: [test-entando-acpr25-server-db-population-job], reason=ContainersNotInitialized, status=False, type=Initialized, additionalProperties={}), PodCondition(lastProbeTime=null, lastTransitionTime=2021-02-03T07:38:21Z, message=containers with unready status: [dummy], reason=ContainersNotReady, status=False, type=Ready, additionalProperties={}), PodCondition(lastProbeTime=null, lastTransitionTime=null, message=containers with unready status: [dummy], reason=ContainersNotReady, status=False, type=ContainersReady, additionalProperties={}), PodCondition(lastProbeTime=null, lastTransitionTime=2021-02-03T07:38:21Z, message=null, reason=null, status=True, type=PodScheduled, additionalProperties={})], containerStatuses=[ContainerStatus(containerID=null, image=docker.io/entando/busybox:latest, imageID=, lastState=ContainerState(running=null, terminated=null, waiting=null, additionalProperties={}), name=dummy, ready=false, restartCount=0, started=null, state=ContainerState(running=null, terminated=null, waiting=ContainerStateWaiting(message=null, reason=PodInitializing, additionalProperties={}), additionalProperties={}), additionalProperties={})], ephemeralContainerStatuses=[], hostIP=54.36.53.206, initContainerStatuses=[ContainerStatus(containerID=docker://4bd094690850eb5d06af21caa126c83a5b16ae0658c053101900ad8617553a6b, image=docker.io/entando/entando-k8s-dbjob:6.1.4, imageID=docker-pullable://docker.io/entando/entando-k8s-dbjob@sha256:a571dc5f4f72668359ed7de82b06347ef103e91ac3fc9e381259fdfff417506a, lastState=ContainerState(running=null, terminated=null, waiting=null, additionalProperties={}), name=test-entando-acpr25-portdb-schema-creation-job, ready=****, restartCount=0, started=null, state=ContainerState(running=null, terminated=ContainerStateTerminated(containerID=docker://4bd094690850eb5d06af21caa126c83a5b16ae0658c053101900ad8617553a6b, exitCode=0, finishedAt=2021-02-03T07:38:27Z, message=null, reason=Completed, signal=null, startedAt=2021-02-03T07:38:25Z, additionalProperties={}), waiting=null, additionalProperties={}), additionalProperties={}), ContainerStatus(containerID=docker://5359d5930de1013b528f4700267e1b2afc058234f25efb14633cfce4b841a260, image=docker.io/entando/entando-k8s-dbjob:6.1.4, imageID=docker-pullable://docker.io/entando/entando-k8s-dbjob@sha256:a571dc5f4f72668359ed7de82b06347ef103e91ac3fc9e381259fdfff417506a, lastState=ContainerState(running=null, terminated=null, waiting=null, additionalProperties={}), name=test-entando-acpr25-servdb-schema-creation-job, ready=****, restartCount=0, started=null, state=ContainerState(running=null, terminated=ContainerStateTerminated(containerID=docker://5359d5930de1013b528f4700267e1b2afc058234f25efb14633cfce4b841a260, exitCode=0, finishedAt=2021-02-03T07:38:32Z, message=null, reason=Completed, signal=null, startedAt=2021-02-03T07:38:29Z, additionalProperties={}), waiting=null, additionalProperties={}), additionalProperties={}), ContainerStatus(containerID=docker://7f824891e7cfea25f4e873f2c361a957391f4a457838fc296104aca9911de424, image=docker.io/entando/entando-de-app-wildfly:6.3.13, imageID=docker-pullable://docker.io/entando/entando-de-app-wildfly@sha256:096021fc186f764265381348008817e5c5bbda70bc30ecd37e987aeab571af05, lastState=ContainerState(running=null, terminated=null, waiting=null, additionalProperties={}), name=test-entando-acpr25-server-db-population-job, ready=false, restartCount=0, started=null, state=ContainerState(running=ContainerStateRunning(startedAt=2021-02-03T07:38:34Z, additionalProperties={}), terminated=null, waiting=null, additionalProperties={}), additionalProperties={})], message=null, nominatedNodeName=null, phase=Pending, podIP=10.128.1.83, podIPs=[], qosClass=BestEffort, reason=null, startTime=2021-02-03T07:38:21Z, additionalProperties={})
MODIFIED:PodStatus(conditions=[PodCondition(lastProbeTime=null, lastTransitionTime=2021-02-03T07:39:30Z, message=null, reason=null, status=True, type=Initialized, additionalProperties={}), PodCondition(lastProbeTime=null, lastTransitionTime=2021-02-03T07:38:21Z, message=containers with unready status: [dummy], reason=ContainersNotReady, status=False, type=Ready, additionalProperties={}), PodCondition(lastProbeTime=null, lastTransitionTime=null, message=containers with unready status: [dummy], reason=ContainersNotReady, status=False, type=ContainersReady, additionalProperties={}), PodCondition(lastProbeTime=null, lastTransitionTime=2021-02-03T07:38:21Z, message=null, reason=null, status=True, type=PodScheduled, additionalProperties={})], containerStatuses=[ContainerStatus(containerID=null, image=docker.io/entando/busybox:latest, imageID=, lastState=ContainerState(running=null, terminated=null, waiting=null, additionalProperties={}), name=dummy, ready=false, restartCount=0, started=null, state=ContainerState(running=null, terminated=null, waiting=ContainerStateWaiting(message=null, reason=PodInitializing, additionalProperties={}), additionalProperties={}), additionalProperties={})], ephemeralContainerStatuses=[], hostIP=54.36.53.206, initContainerStatuses=[ContainerStatus(containerID=docker://4bd094690850eb5d06af21caa126c83a5b16ae0658c053101900ad8617553a6b, image=docker.io/entando/entando-k8s-dbjob:6.1.4, imageID=docker-pullable://docker.io/entando/entando-k8s-dbjob@sha256:a571dc5f4f72668359ed7de82b06347ef103e91ac3fc9e381259fdfff417506a, lastState=ContainerState(running=null, terminated=null, waiting=null, additionalProperties={}), name=test-entando-acpr25-portdb-schema-creation-job, ready=****, restartCount=0, started=null, state=ContainerState(running=null, terminated=ContainerStateTerminated(containerID=docker://4bd094690850eb5d06af21caa126c83a5b16ae0658c053101900ad8617553a6b, exitCode=0, finishedAt=2021-02-03T07:38:27Z, message=null, reason=Completed, signal=null, startedAt=2021-02-03T07:38:25Z, additionalProperties={}), waiting=null, additionalProperties={}), additionalProperties={}), ContainerStatus(containerID=docker://5359d5930de1013b528f4700267e1b2afc058234f25efb14633cfce4b841a260, image=docker.io/entando/entando-k8s-dbjob:6.1.4, imageID=docker-pullable://docker.io/entando/entando-k8s-dbjob@sha256:a571dc5f4f72668359ed7de82b06347ef103e91ac3fc9e381259fdfff417506a, lastState=ContainerState(running=null, terminated=null, waiting=null, additionalProperties={}), name=test-entando-acpr25-servdb-schema-creation-job, ready=****, restartCount=0, started=null, state=ContainerState(running=null, terminated=ContainerStateTerminated(containerID=docker://5359d5930de1013b528f4700267e1b2afc058234f25efb14633cfce4b841a260, exitCode=0, finishedAt=2021-02-03T07:38:32Z, message=null, reason=Completed, signal=null, startedAt=2021-02-03T07:38:29Z, additionalProperties={}), waiting=null, additionalProperties={}), additionalProperties={}), ContainerStatus(containerID=docker://7f824891e7cfea25f4e873f2c361a957391f4a457838fc296104aca9911de424, image=docker.io/entando/entando-de-app-wildfly:6.3.13, imageID=docker-pullable://docker.io/entando/entando-de-app-wildfly@sha256:096021fc186f764265381348008817e5c5bbda70bc30ecd37e987aeab571af05, lastState=ContainerState(running=null, terminated=null, waiting=null, additionalProperties={}), name=test-entando-acpr25-server-db-population-job, ready=****, restartCount=0, started=null, state=ContainerState(running=null, terminated=ContainerStateTerminated(containerID=docker://7f824891e7cfea25f4e873f2c361a957391f4a457838fc296104aca9911de424, exitCode=0, finishedAt=2021-02-03T07:39:29Z, message=null, reason=Completed, signal=null, startedAt=2021-02-03T07:38:34Z, additionalProperties={}), waiting=null, additionalProperties={}), additionalProperties={})], message=null, nominatedNodeName=null, phase=Pending, podIP=10.128.1.83, podIPs=[], qosClass=BestEffort, reason=null, startTime=2021-02-03T07:38:21Z, additionalProperties={})
MODIFIED:PodStatus(conditions=[PodCondition(lastProbeTime=null, lastTransitionTime=2021-02-03T07:39:30Z, message=null, reason=PodCompleted, status=True, type=Initialized, additionalProperties={}), PodCondition(lastProbeTime=null, lastTransitionTime=2021-02-03T07:38:21Z, message=null, reason=PodCompleted, status=False, type=Ready, additionalProperties={}), PodCondition(lastProbeTime=null, lastTransitionTime=null, message=null, reason=PodCompleted, status=False, type=ContainersReady, additionalProperties={}), PodCondition(lastProbeTime=null, lastTransitionTime=2021-02-03T07:38:21Z, message=null, reason=null, status=True, type=PodScheduled, additionalProperties={})], containerStatuses=[ContainerStatus(containerID=docker://5117b864fe82193bc006202641c0180764e86961cb01b9566a40f92b9a70e961, image=docker.io/entando/busybox:latest, imageID=docker-pullable://docker.io/entando/busybox@sha256:400ee2ed939df769d4681023810d2e4fb9479b8401d97003c710d0e20f7c49c6, lastState=ContainerState(running=null, terminated=null, waiting=null, additionalProperties={}), name=dummy, ready=false, restartCount=0, started=null, state=ContainerState(running=null, terminated=ContainerStateTerminated(containerID=docker://5117b864fe82193bc006202641c0180764e86961cb01b9566a40f92b9a70e961, exitCode=0, finishedAt=2021-02-03T07:39:32Z, message=null, reason=Completed, signal=null, startedAt=2021-02-03T07:39:32Z, additionalProperties={}), waiting=null, additionalProperties={}), additionalProperties={})], ephemeralContainerStatuses=[], hostIP=54.36.53.206, initContainerStatuses=[ContainerStatus(containerID=docker://4bd094690850eb5d06af21caa126c83a5b16ae0658c053101900ad8617553a6b, image=docker.io/entando/entando-k8s-dbjob:6.1.4, imageID=docker-pullable://docker.io/entando/entando-k8s-dbjob@sha256:a571dc5f4f72668359ed7de82b06347ef103e91ac3fc9e381259fdfff417506a, lastState=ContainerState(running=null, terminated=null, waiting=null, additionalProperties={}), name=test-entando-acpr25-portdb-schema-creation-job, ready=****, restartCount=0, started=null, state=ContainerState(running=null, terminated=ContainerStateTerminated(containerID=docker://4bd094690850eb5d06af21caa126c83a5b16ae0658c053101900ad8617553a6b, exitCode=0, finishedAt=2021-02-03T07:38:27Z, message=null, reason=Completed, signal=null, startedAt=2021-02-03T07:38:25Z, additionalProperties={}), waiting=null, additionalProperties={}), additionalProperties={}), ContainerStatus(containerID=docker://5359d5930de1013b528f4700267e1b2afc058234f25efb14633cfce4b841a260, image=docker.io/entando/entando-k8s-dbjob:6.1.4, imageID=docker-pullable://docker.io/entando/entando-k8s-dbjob@sha256:a571dc5f4f72668359ed7de82b06347ef103e91ac3fc9e381259fdfff417506a, lastState=ContainerState(running=null, terminated=null, waiting=null, additionalProperties={}), name=test-entando-acpr25-servdb-schema-creation-job, ready=****, restartCount=0, started=null, state=ContainerState(running=null, terminated=ContainerStateTerminated(containerID=docker://5359d5930de1013b528f4700267e1b2afc058234f25efb14633cfce4b841a260, exitCode=0, finishedAt=2021-02-03T07:38:32Z, message=null, reason=Completed, signal=null, startedAt=2021-02-03T07:38:29Z, additionalProperties={}), waiting=null, additionalProperties={}), additionalProperties={}), ContainerStatus(containerID=docker://7f824891e7cfea25f4e873f2c361a957391f4a457838fc296104aca9911de424, image=docker.io/entando/entando-de-app-wildfly:6.3.13, imageID=docker-pullable://docker.io/entando/entando-de-app-wildfly@sha256:096021fc186f764265381348008817e5c5bbda70bc30ecd37e987aeab571af05, lastState=ContainerState(running=null, terminated=null, waiting=null, additionalProperties={}), name=test-entando-acpr25-server-db-population-job, ready=****, restartCount=0, started=null, state=ContainerState(running=null, terminated=ContainerStateTerminated(containerID=docker://7f824891e7cfea25f4e873f2c361a957391f4a457838fc296104aca9911de424, exitCode=0, finishedAt=2021-02-03T07:39:29Z, message=null, reason=Completed, signal=null, startedAt=2021-02-03T07:38:34Z, additionalProperties={}), waiting=null, additionalProperties={}), addi
tionalProperties={})], message=null, nominatedNodeName=null, phase=Succeeded, podIP=10.128.1.83, podIPs=[], qosClass=BestEffort, reason=null, startTime=2021-02-03T07:38:21Z, additionalProperties={})
Finished: test-entando-acpr25-dbprep-893d
ADDED:PodStatus(conditions=[PodCondition(lastProbeTime=null, lastTransitionTime=2021-02-03T07:39:35Z, message=null, reason=null, status=True, type=PodScheduled, additionalProperties={})], containerStatuses=[], ephemeralContainerStatuses=[], hostIP=null, initContainerStatuses=[], message=null, nominatedNodeName=null, phase=Pending, podIP=null, podIPs=[], qosClass=Burstable, reason=null, startTime=null, additionalProperties={})
MODIFIED:PodStatus(conditions=[PodCondition(lastProbeTime=null, lastTransitionTime=2021-02-03T07:39:35Z, message=null, reason=null, status=True, type=Initialized, additionalProperties={}), PodCondition(lastProbeTime=null, lastTransitionTime=2021-02-03T07:39:35Z, message=containers with unready status: [server-container], reason=ContainersNotReady, status=False, type=Ready, additionalProperties={}), PodCondition(lastProbeTime=null, lastTransitionTime=null, message=containers with unready status: [server-container], reason=ContainersNotReady, status=False, type=ContainersReady, additionalProperties={}), PodCondition(lastProbeTime=null, lastTransitionTime=2021-02-03T07:39:35Z, message=null, reason=null, status=True, type=PodScheduled, additionalProperties={})], containerStatuses=[ContainerStatus(containerID=null, image=docker.io/entando/entando-de-app-wildfly:6.3.13, imageID=, lastState=ContainerState(running=null, terminated=null, waiting=null, additionalProperties={}), name=server-container, ready=false, restartCount=0, started=null, state=ContainerState(running=null, terminated=null, waiting=ContainerStateWaiting(message=null, reason=ContainerCreating, additionalProperties={}), additionalProperties={}), additionalProperties={})], ephemeralContainerStatuses=[], hostIP=54.36.53.206, initContainerStatuses=[], message=null, nominatedNodeName=null, phase=Pending, podIP=null, podIPs=[], qosClass=Burstable, reason=null, startTime=2021-02-03T07:39:35Z, additionalProperties={})
MODIFIED:PodStatus(conditions=[PodCondition(lastProbeTime=null, lastTransitionTime=2021-02-03T07:39:35Z, message=null, reason=null, status=True, type=Initialized, additionalProperties={}), PodCondition(lastProbeTime=null, lastTransitionTime=2021-02-03T07:39:35Z, message=containers with unready status: [server-container], reason=ContainersNotReady, status=False, type=Ready, additionalProperties={}), PodCondition(lastProbeTime=null, lastTransitionTime=null, message=containers with unready status: [server-container], reason=ContainersNotReady, status=False, type=ContainersReady, additionalProperties={}), PodCondition(lastProbeTime=null, lastTransitionTime=2021-02-03T07:39:35Z, message=null, reason=null, status=True, type=PodScheduled, additionalProperties={})], containerStatuses=[ContainerStatus(containerID=docker://5853c38015ab6505f7749f177f97513ea951790b3dd13613609dc2ceda4eb948, image=docker.io/entando/entando-de-app-wildfly:6.3.13, imageID=docker-pullable://docker.io/entando/entando-de-app-wildfly@sha256:096021fc186f764265381348008817e5c5bbda70bc30ecd37e987aeab571af05, lastState=ContainerState(running=null, terminated=null, waiting=null, additionalProperties={}), name=server-container, ready=false, restartCount=0, started=null, state=ContainerState(running=ContainerStateRunning(startedAt=2021-02-03T07:39:40Z, additionalProperties={}), terminated=null, waiting=null, additionalProperties={}), additionalProperties={})], ephemeralContainerStatuses=[], hostIP=54.36.53.206, initContainerStatuses=[], message=null, nominatedNodeName=null, phase=Running, podIP=10.128.1.84, podIPs=[], qosClass=Burstable, reason=null, startTime=2021-02-03T07:39:35Z, additionalProperties={})
MODIFIED:PodStatus(conditions=[PodCondition(lastProbeTime=null, lastTransitionTime=2021-02-03T07:39:35Z, message=null, reason=null, status=True, type=Initialized, additionalProperties={}), PodCondition(lastProbeTime=null, lastTransitionTime=2021-02-03T07:41:16Z, message=null, reason=null, status=True, type=Ready, additionalProperties={}), PodCondition(lastProbeTime=null, lastTransitionTime=null, message=null, reason=null, status=True, type=ContainersReady, additionalProperties={}), PodCondition(lastProbeTime=null, lastTransitionTime=2021-02-03T07:39:35Z, message=null, reason=null, status=True, type=PodScheduled, additionalProperties={})], containerStatuses=[ContainerStatus(containerID=docker://5853c38015ab6505f7749f177f97513ea951790b3dd13613609dc2ceda4eb948, image=docker.io/entando/entando-de-app-wildfly:6.3.13, imageID=docker-pullable://docker.io/entando/entando-de-app-wildfly@sha256:096021fc186f764265381348008817e5c5bbda70bc30ecd37e987aeab571af05, lastState=ContainerState(running=null, terminated=null, waiting=null, additionalProperties={}), name=server-container, ready=****, restartCount=0, started=null, state=ContainerState(running=ContainerStateRunning(startedAt=2021-02-03T07:39:40Z, additionalProperties={}), terminated=null, waiting=null, additionalProperties={}), additionalProperties={})], ephemeralContainerStatuses=[], hostIP=54.36.53.206, initContainerStatuses=[], message=null, nominatedNodeName=null, phase=Running, podIP=10.128.1.84, podIPs=[], qosClass=Burstable, reason=null, startTime=2021-02-03T07:39:35Z, additionalProperties={})
Finished: test-entando-acpr25-server-deployment-58bfbdb89f-djgzv
ADDED:PodStatus(conditions=[PodCondition(lastProbeTime=null, lastTransitionTime=2021-02-03T07:41:17Z, message=null, reason=null, status=True, type=Initialized, additionalProperties={}), PodCondition(lastProbeTime=null, lastTransitionTime=2021-02-03T07:41:17Z, message=containers with unready status: [appbuilder-container], reason=ContainersNotReady, status=False, type=Ready, additionalProperties={}), PodCondition(lastProbeTime=null, lastTransitionTime=null, message=containers with unready status: [appbuilder-container], reason=ContainersNotReady, status=False, type=ContainersReady, additionalProperties={}), PodCondition(lastProbeTime=null, lastTransitionTime=2021-02-03T07:41:17Z, message=null, reason=null, status=True, type=PodScheduled, additionalProperties={})], containerStatuses=[ContainerStatus(containerID=null, image=docker.io/entando/app-builder:6.1.174, imageID=, lastState=ContainerState(running=null, terminated=null, waiting=null, additionalProperties={}), name=appbuilder-container, ready=false, restartCount=0, started=null, state=ContainerState(running=null, terminated=null, waiting=ContainerStateWaiting(message=null, reason=ContainerCreating, additionalProperties={}), additionalProperties={}), additionalProperties={})], ephemeralContainerStatuses=[], hostIP=54.36.53.206, initContainerStatuses=[], message=null, nominatedNodeName=null, phase=Pending, podIP=null, podIPs=[], qosClass=Burstable, reason=null, startTime=2021-02-03T07:41:17Z, additionalProperties={})
MODIFIED:PodStatus(conditions=[PodCondition(lastProbeTime=null, lastTransitionTime=2021-02-03T07:41:17Z, message=null, reason=null, status=True, type=Initialized, additionalProperties={}), PodCondition(lastProbeTime=null, lastTransitionTime=2021-02-03T07:41:17Z, message=containers with unready status: [appbuilder-container], reason=ContainersNotReady, status=False, type=Ready, additionalProperties={}), PodCondition(lastProbeTime=null, lastTransitionTime=null, message=containers with unready status: [appbuilder-container], reason=ContainersNotReady, status=False, type=ContainersReady, additionalProperties={}), PodCondition(lastProbeTime=null, lastTransitionTime=2021-02-03T07:41:17Z, message=null, reason=null, status=True, type=PodScheduled, additionalProperties={})], containerStatuses=[ContainerStatus(containerID=docker://e7df5f6143d20166665dcbff93e88c2f68d4077aa4ccb1650406432eb21c6d5a, image=docker.io/entando/app-builder:6.1.174, imageID=docker-pullable://docker.io/entando/app-builder@sha256:a938a89f84e9d717a808bc160da87eedc19c4a6d21da492d41254759bd5a7d3f, lastState=ContainerState(running=null, terminated=null, waiting=null, additionalProperties={}), name=appbuilder-container, ready=false, restartCount=0, started=null, state=ContainerState(running=ContainerStateRunning(startedAt=2021-02-03T07:41:21Z, additionalProperties={}), terminated=null, waiting=null, additionalProperties={}), additionalProperties={})], ephemeralContainerStatuses=[], hostIP=54.36.53.206, initContainerStatuses=[], message=null, nominatedNodeName=null, phase=Running, podIP=10.128.1.85, podIPs=[], qosClass=Burstable, reason=null, startTime=2021-02-03T07:41:17Z, additionalProperties={})
MODIFIED:PodStatus(conditions=[PodCondition(lastProbeTime=null, lastTransitionTime=2021-02-03T07:41:17Z, message=null, reason=null, status=True, type=Initialized, additionalProperties={}), PodCondition(lastProbeTime=null, lastTransitionTime=2021-02-03T07:41:52Z, message=null, reason=null, status=True, type=Ready, additionalProperties={}), PodCondition(lastProbeTime=null, lastTransitionTime=null, message=null, reason=null, status=True, type=ContainersReady, additionalProperties={}), PodCondition(lastProbeTime=null, lastTransitionTime=2021-02-03T07:41:17Z, message=null, reason=null, status=True, type=PodScheduled, additionalProperties={})], containerStatuses=[ContainerStatus(containerID=docker://e7df5f6143d20166665dcbff93e88c2f68d4077aa4ccb1650406432eb21c6d5a, image=docker.io/entando/app-builder:6.1.174, imageID=docker-pullable://docker.io/entando/app-builder@sha256:a938a89f84e9d717a808bc160da87eedc19c4a6d21da492d41254759bd5a7d3f, lastState=ContainerState(running=null, terminated=null, waiting=null, additionalProperties={}), name=appbuilder-container, ready=****, restartCount=0, started=null, state=ContainerState(running=ContainerStateRunning(startedAt=2021-02-03T07:41:21Z, additionalProperties={}), terminated=null, waiting=null, additionalProperties={}), additionalProperties={})], ephemeralContainerStatuses=[], hostIP=54.36.53.206, initContainerStatuses=[], message=null, nominatedNodeName=null, phase=Running, podIP=10.128.1.85, podIPs=[], qosClass=Burstable, reason=null, startTime=2021-02-03T07:41:17Z, additionalProperties={})
Finished: test-entando-acpr25-ab-deployment-5bbdd9df6f-98vw8
ADDED:PodStatus(conditions=[PodCondition(lastProbeTime=null, lastTransitionTime=2021-02-03T07:41:53Z, message=containers with incomplete status: [test-entando-acpr25-dedb-schema-creation-job], reason=ContainersNotInitialized, status=False, type=Initialized, additionalProperties={}), PodCondition(lastProbeTime=null, lastTransitionTime=2021-02-03T07:41:53Z, message=containers with unready status: [dummy], reason=ContainersNotReady, status=False, type=Ready, additionalProperties={}), PodCondition(lastProbeTime=null, lastTransitionTime=null, message=containers with unready status: [dummy], reason=ContainersNotReady, status=False, type=ContainersReady, additionalProperties={}), PodCondition(lastProbeTime=null, lastTransitionTime=2021-02-03T07:41:52Z, message=null, reason=null, status=True, type=PodScheduled, additionalProperties={})], containerStatuses=[ContainerStatus(containerID=null, image=docker.io/entando/busybox:latest, imageID=, lastState=ContainerState(running=null, terminated=null, waiting=null, additionalProperties={}), name=dummy, ready=false, restartCount=0, started=null, state=ContainerState(running=null, terminated=null, waiting=ContainerStateWaiting(message=null, reason=PodInitializing, additionalProperties={}), additionalProperties={}), additionalProperties={})], ephemeralContainerStatuses=[], hostIP=54.36.53.206, initContainerStatuses=[ContainerStatus(containerID=null, image=docker.io/entando/entando-k8s-dbjob:6.1.4, imageID=, lastState=ContainerState(running=null, terminated=null, waiting=null, additionalProperties={}), name=test-entando-acpr25-dedb-schema-creation-job, ready=false, restartCount=0, started=null, state=ContainerState(running=null, terminated=null, waiting=ContainerStateWaiting(message=null, reason=PodInitializing, additionalProperties={}), additionalProperties={}), additionalProperties={})], message=null, nominatedNodeName=null, phase=Pending, podIP=null, podIPs=[], qosClass=BestEffort, reason=null, startTime=2021-02-03T07:41:53Z, additionalProperties={})
MODIFIED:PodStatus(conditions=[PodCondition(lastProbeTime=null, lastTransitionTime=2021-02-03T07:41:53Z, message=containers with incomplete status: [test-entando-acpr25-dedb-schema-creation-job], reason=ContainersNotInitialized, status=False, type=Initialized, additionalProperties={}), PodCondition(lastProbeTime=null, lastTransitionTime=2021-02-03T07:41:53Z, message=containers with unready status: [dummy], reason=ContainersNotReady, status=False, type=Ready, additionalProperties={}), PodCondition(lastProbeTime=null, lastTransitionTime=null, message=containers with unready status: [dummy], reason=ContainersNotReady, status=False, type=ContainersReady, additionalProperties={}), PodCondition(lastProbeTime=null, lastTransitionTime=2021-02-03T07:41:52Z, message=null, reason=null, status=True, type=PodScheduled, additionalProperties={})], containerStatuses=[ContainerStatus(containerID=null, image=docker.io/entando/busybox:latest, imageID=, lastState=ContainerState(running=null, terminated=null, waiting=null, additionalProperties={}), name=dummy, ready=false, restartCount=0, started=null, state=ContainerState(running=null, terminated=null, waiting=ContainerStateWaiting(message=null, reason=PodInitializing, additionalProperties={}), additionalProperties={}), additionalProperties={})], ephemeralContainerStatuses=[], hostIP=54.36.53.206, initContainerStatuses=[ContainerStatus(containerID=docker://080bcd860e15b71d18bf643fba5cae34604b81322335e57d491a42d13253a23b, image=docker.io/entando/entando-k8s-dbjob:6.1.4, imageID=docker-pullable://docker.io/entando/entando-k8s-dbjob@sha256:a571dc5f4f72668359ed7de82b06347ef103e91ac3fc9e381259fdfff417506a, lastState=ContainerState(running=null, terminated=null, waiting=null, additionalProperties={}), name=test-entando-acpr25-dedb-schema-creation-job, ready=false, restartCount=0, started=null, state=ContainerState(running=ContainerStateRunning(startedAt=2021-02-03T07:41:57Z, additionalProperties={}), terminated=null, waiting=null, additionalProperties={}), additionalProperties={})], message=null, nominatedNodeName=null, phase=Pending, podIP=10.128.1.86, podIPs=[], qosClass=BestEffort, reason=null, startTime=2021-02-03T07:41:53Z, additionalProperties={})
MODIFIED:PodStatus(conditions=[PodCondition(lastProbeTime=null, lastTransitionTime=2021-02-03T07:42:00Z, message=null, reason=null, status=True, type=Initialized, additionalProperties={}), PodCondition(lastProbeTime=null, lastTransitionTime=2021-02-03T07:41:53Z, message=containers with unready status: [dummy], reason=ContainersNotReady, status=False, type=Ready, additionalProperties={}), PodCondition(lastProbeTime=null, lastTransitionTime=null, message=containers with unready status: [dummy], reason=ContainersNotReady, status=False, type=ContainersReady, additionalProperties={}), PodCondition(lastProbeTime=null, lastTransitionTime=2021-02-03T07:41:52Z, message=null, reason=null, status=True, type=PodScheduled, additionalProperties={})], containerStatuses=[ContainerStatus(containerID=null, image=docker.io/entando/busybox:latest, imageID=, lastState=ContainerState(running=null, terminated=null, waiting=null, additionalProperties={}), name=dummy, ready=false, restartCount=0, started=null, state=ContainerState(running=null, terminated=null, waiting=ContainerStateWaiting(message=null, reason=PodInitializing, additionalProperties={}), additionalProperties={}), additionalProperties={})], ephemeralContainerStatuses=[], hostIP=54.36.53.206, initContainerStatuses=[ContainerStatus(containerID=docker://080bcd860e15b71d18bf643fba5cae34604b81322335e57d491a42d13253a23b, image=docker.io/entando/entando-k8s-dbjob:6.1.4, imageID=docker-pullable://docker.io/entando/entando-k8s-dbjob@sha256:a571dc5f4f72668359ed7de82b06347ef103e91ac3fc9e381259fdfff417506a, lastState=ContainerState(running=null, terminated=null, waiting=null, additionalProperties={}), name=test-entando-acpr25-dedb-schema-creation-job, ready=****, restartCount=0, started=null, state=ContainerState(running=null, terminated=ContainerStateTerminated(containerID=docker://080bcd860e15b71d18bf643fba5cae34604b81322335e57d491a42d13253a23b, exitCode=0, finishedAt=2021-02-03T07:41:59Z, message=null, reason=Completed, signal=null, startedAt=2021-02-03T07:41:57Z, additionalProperties={}), waiting=null, additionalProperties={}), additionalProperties={})], message=null, nominatedNodeName=null, phase=Pending, podIP=10.128.1.86, podIPs=[], qosClass=BestEffort, reason=null, startTime=2021-02-03T07:41:53Z, additionalProperties={})
MODIFIED:PodStatus(conditions=[PodCondition(lastProbeTime=null, lastTransitionTime=2021-02-03T07:42:00Z, message=null, reason=PodCompleted, status=True, type=Initialized, additionalProperties={}), PodCondition(lastProbeTime=null, lastTransitionTime=2021-02-03T07:41:53Z, message=null, reason=PodCompleted, status=False, type=Ready, additionalProperties={}), PodCondition(lastProbeTime=null, lastTransitionTime=null, message=null, reason=PodCompleted, status=False, type=ContainersReady, additionalProperties={}), PodCondition(lastProbeTime=null, lastTransitionTime=2021-02-03T07:41:52Z, message=null, reason=null, status=True, type=PodScheduled, additionalProperties={})], containerStatuses=[ContainerStatus(containerID=docker://aa75338df681c53d979020ee53e94644aed2273d150f352ddd6e1947f09c6765, image=docker.io/entando/busybox:latest, imageID=docker-pullable://docker.io/entando/busybox@sha256:400ee2ed939df769d4681023810d2e4fb9479b8401d97003c710d0e20f7c49c6, lastState=ContainerState(running=null, terminated=null, waiting=null, additionalProperties={}), name=dummy, ready=false, restartCount=0, started=null, state=ContainerState(running=null, terminated=ContainerStateTerminated(containerID=docker://aa75338df681c53d979020ee53e94644aed2273d150f352ddd6e1947f09c6765, exitCode=0, finishedAt=2021-02-03T07:42:02Z, message=null, reason=Completed, signal=null, startedAt=2021-02-03T07:42:02Z, additionalProperties={}), waiting=null, additionalProperties={}), additionalProperties={})], ephemeralContainerStatuses=[], hostIP=54.36.53.206, initContainerStatuses=[ContainerStatus(containerID=docker://080bcd860e15b71d18bf643fba5cae34604b81322335e57d491a42d13253a23b, image=docker.io/entando/entando-k8s-dbjob:6.1.4, imageID=docker-pullable://docker.io/entando/entando-k8s-dbjob@sha256:a571dc5f4f72668359ed7de82b06347ef103e91ac3fc9e381259fdfff417506a, lastState=ContainerState(running=null, terminated=null, waiting=null, additionalProperties={}), name=test-entando-acpr25-dedb-schema-creation-job, ready=****, restartCount=0, started=null, state=ContainerState(running=null, terminated=ContainerStateTerminated(containerID=docker://080bcd860e15b71d18bf643fba5cae34604b81322335e57d491a42d13253a23b, exitCode=0, finishedAt=2021-02-03T07:41:59Z, message=null, reason=Completed, signal=null, startedAt=2021-02-03T07:41:57Z, additionalProperties={}), waiting=null, additionalProperties={}), additionalProperties={})], message=null, nominatedNodeName=null, phase=Succeeded, podIP=10.128.1.86, podIPs=[], qosClass=BestEffort, reason=null, startTime=2021-02-03T07:41:53Z, additionalProperties={})
Finished: test-entando-acpr25-dbprep-4c5e
ADDED:PodStatus(conditions=[PodCondition(lastProbeTime=null, lastTransitionTime=2021-02-03T07:42:06Z, message=null, reason=null, status=True, type=PodScheduled, additionalProperties={})], containerStatuses=[], ephemeralContainerStatuses=[], hostIP=null, initContainerStatuses=[], message=null, nominatedNodeName=null, phase=Pending, podIP=null, podIPs=[], qosClass=Burstable, reason=null, startTime=null, additionalProperties={})
MODIFIED:PodStatus(conditions=[PodCondition(lastProbeTime=null, lastTransitionTime=2021-02-03T07:42:06Z, message=null, reason=null, status=True, type=Initialized, additionalProperties={}), PodCondition(lastProbeTime=null, lastTransitionTime=2021-02-03T07:42:06Z, message=containers with unready status: [de-container], reason=ContainersNotReady, status=False, type=Ready, additionalProperties={}), PodCondition(lastProbeTime=null, lastTransitionTime=null, message=containers with unready status: [de-container], reason=ContainersNotReady, status=False, type=ContainersReady, additionalProperties={}), PodCondition(lastProbeTime=null, lastTransitionTime=2021-02-03T07:42:06Z, message=null, reason=null, status=True, type=PodScheduled, additionalProperties={})], containerStatuses=[ContainerStatus(containerID=null, image=docker.io/entando/entando-component-manager:6.2.34, imageID=, lastState=ContainerState(running=null, terminated=null, waiting=null, additionalProperties={}), name=de-container, ready=false, restartCount=0, started=null, state=ContainerState(running=null, terminated=null, waiting=ContainerStateWaiting(message=null, reason=ContainerCreating, additionalProperties={}), additionalProperties={}), additionalProperties={})], ephemeralContainerStatuses=[], hostIP=54.36.53.206, initContainerStatuses=[], message=null, nominatedNodeName=null, phase=Pending, podIP=null, podIPs=[], qosClass=Burstable, reason=null, startTime=2021-02-03T07:42:06Z, additionalProperties={})
MODIFIED:PodStatus(conditions=[PodCondition(lastProbeTime=null, lastTransitionTime=2021-02-03T07:42:06Z, message=null, reason=null, status=True, type=Initialized, additionalProperties={}), PodCondition(lastProbeTime=null, lastTransitionTime=2021-02-03T07:42:06Z, message=containers with unready status: [de-container], reason=ContainersNotReady, status=False, type=Ready, additionalProperties={}), PodCondition(lastProbeTime=null, lastTransitionTime=null, message=containers with unready status: [de-container], reason=ContainersNotReady, status=False, type=ContainersReady, additionalProperties={}), PodCondition(lastProbeTime=null, lastTransitionTime=2021-02-03T07:42:06Z, message=null, reason=null, status=True, type=PodScheduled, additionalProperties={})], containerStatuses=[ContainerStatus(containerID=docker://8a8e618d1c46a2278b64dbf56508f668ba4879596557573ab654c4f62f1e8617, image=docker.io/entando/entando-component-manager:6.2.34, imageID=docker-pullable://docker.io/entando/entando-component-manager@sha256:faf8ad1dc9268859047487c65a5caf6399de0d947f5d37d674033e242f027b69, lastState=ContainerState(running=null, terminated=null, waiting=null, additionalProperties={}), name=de-container, ready=false, restartCount=0, started=null, state=ContainerState(running=ContainerStateRunning(startedAt=2021-02-03T07:42:11Z, additionalProperties={}), terminated=null, waiting=null, additionalProperties={}), additionalProperties={})], ephemeralContainerStatuses=[], hostIP=54.36.53.206, initContainerStatuses=[], message=null, nominatedNodeName=null, phase=Running, podIP=10.128.1.87, podIPs=[], qosClass=Burstable, reason=null, startTime=2021-02-03T07:42:06Z, additionalProperties={})
MODIFIED:PodStatus(conditions=[PodCondition(lastProbeTime=null, lastTransitionTime=2021-02-03T07:42:06Z, message=null, reason=null, status=True, type=Initialized, additionalProperties={}), PodCondition(lastProbeTime=null, lastTransitionTime=2021-02-03T07:43:28Z, message=null, reason=null, status=True, type=Ready, additionalProperties={}), PodCondition(lastProbeTime=null, lastTransitionTime=null, message=null, reason=null, status=True, type=ContainersReady, additionalProperties={}), PodCondition(lastProbeTime=null, lastTransitionTime=2021-02-03T07:42:06Z, message=null, reason=null, status=True, type=PodScheduled, additionalProperties={})], containerStatuses=[ContainerStatus(containerID=docker://8a8e618d1c46a2278b64dbf56508f668ba4879596557573ab654c4f62f1e8617, image=docker.io/entando/entando-component-manager:6.2.34, imageID=docker-pullable://docker.io/entando/entando-component-manager@sha256:faf8ad1dc9268859047487c65a5caf6399de0d947f5d37d674033e242f027b69, lastState=ContainerState(running=null, terminated=null, waiting=null, additionalProperties={}), name=de-container, ready=****, restartCount=0, started=null, state=ContainerState(running=ContainerStateRunning(startedAt=2021-02-03T07:42:11Z, additionalProperties={}), terminated=null, waiting=null, additionalProperties={}), additionalProperties={})], ephemeralContainerStatuses=[], hostIP=54.36.53.206, initContainerStatuses=[], message=null, nominatedNodeName=null, phase=Running, podIP=10.128.1.87, podIPs=[], qosClass=Burstable, reason=null, startTime=2021-02-03T07:42:06Z, additionalProperties={})
Finished: test-entando-acpr25-cm-deployment-5c7679dc57-rzjtg
200:null
Feb 03, 2021 7:43:32 AM org.entando.kubernetes.controller.integrationtest.support.DeletionWaiter lambda$deleteSingleItem$2
WARNING: Deleting deployments  entando-k8s-app-controller-acpr25/test-entando-acpr25-ab-deployment to zero
Feb 03, 2021 7:43:32 AM org.entando.kubernetes.controller.integrationtest.support.DeletionWaiter lambda$deleteSingleItem$2
WARNING: Deleting deployments  entando-k8s-app-controller-acpr25/test-entando-acpr25-ab-deployment
Feb 03, 2021 7:43:32 AM org.entando.kubernetes.controller.integrationtest.support.DeletionWaiter lambda$deleteSingleItem$2
WARNING: Deleting deployments  entando-k8s-app-controller-acpr25/test-entando-acpr25-cm-deployment to zero
Feb 03, 2021 7:43:32 AM org.entando.kubernetes.controller.integrationtest.support.DeletionWaiter lambda$deleteSingleItem$2
WARNING: Deleting deployments  entando-k8s-app-controller-acpr25/test-entando-acpr25-cm-deployment
Feb 03, 2021 7:43:32 AM org.entando.kubernetes.controller.integrationtest.support.DeletionWaiter lambda$deleteSingleItem$2
WARNING: Deleting deployments  entando-k8s-app-controller-acpr25/test-entando-acpr25-server-deployment to zero
Feb 03, 2021 7:43:33 AM org.entando.kubernetes.controller.integrationtest.support.DeletionWaiter lambda$deleteSingleItem$2
WARNING: Deleting deployments  entando-k8s-app-controller-acpr25/test-entando-acpr25-server-deployment
Feb 03, 2021 7:43:33 AM org.entando.kubernetes.controller.integrationtest.support.DeletionWaiter lambda$deleteSingleItem$2
WARNING: Deleting pods  entando-k8s-app-controller-acpr25/test-entando-acpr25-ab-deployment-5bbdd9df6f-98vw8
Feb 03, 2021 7:43:33 AM org.entando.kubernetes.controller.integrationtest.support.DeletionWaiter lambda$deleteSingleItem$2
WARNING: Deleting pods  entando-k8s-app-controller-acpr25/test-entando-acpr25-cm-deployment-5c7679dc57-rzjtg
Feb 03, 2021 7:43:33 AM org.entando.kubernetes.controller.integrationtest.support.DeletionWaiter lambda$deleteSingleItem$2
WARNING: Deleting pods  entando-k8s-app-controller-acpr25/test-entando-acpr25-dbprep-4c5e
Feb 03, 2021 7:43:33 AM org.entando.kubernetes.controller.integrationtest.support.DeletionWaiter lambda$deleteSingleItem$2
WARNING: Deleting pods  entando-k8s-app-controller-acpr25/test-entando-acpr25-dbprep-893d
Feb 03, 2021 7:43:33 AM org.entando.kubernetes.controller.integrationtest.support.DeletionWaiter lambda$deleteSingleItem$2
WARNING: Deleting pods  entando-k8s-app-controller-acpr25/test-entando-acpr25-deployer-5853
Feb 03, 2021 7:43:34 AM org.entando.kubernetes.controller.integrationtest.support.DeletionWaiter lambda$deleteSingleItem$2
WARNING: Deleting pods  entando-k8s-app-controller-acpr25/test-entando-acpr25-server-deployment-58bfbdb89f-djgzv
Feb 03, 2021 7:43:34 AM org.entando.kubernetes.controller.integrationtest.support.DeletionWaiter lambda$deleteSingleItem$2
WARNING: Deleting configmaps  entando-k8s-app-controller-acpr25/eci-entando-k8s-app-controller-acpr25-eti-acpr25-connection-config
Deleting KeycloakClient entando-web
Deleting KeycloakClient test-entando-acpr25-de
Deleting KeycloakClient test-entando-acpr25-server
!!!!!!!On EntandoApp add!!!!!!!!!
ADDED:PodStatus(conditions=[PodCondition(lastProbeTime=null, lastTransitionTime=2021-02-03T07:43:57Z, message=null, reason=null, status=True, type=PodScheduled, additionalProperties={})], containerStatuses=[], ephemeralContainerStatuses=[], hostIP=null, initContainerStatuses=[], message=null, nominatedNodeName=null, phase=Pending, podIP=null, podIPs=[], qosClass=BestEffort, reason=null, startTime=null, additionalProperties={})
MODIFIED:PodStatus(conditions=[PodCondition(lastProbeTime=null, lastTransitionTime=2021-02-03T07:43:57Z, message=containers with incomplete status: [test-entando-acpr25-portdb-schema-creation-job test-entando-acpr25-servdb-schema-creation-job test-entando-acpr25-server-db-population-job], reason=ContainersNotInitialized, status=False, type=Initialized, additionalProperties={}), PodCondition(lastProbeTime=null, lastTransitionTime=2021-02-03T07:43:57Z, message=containers with unready status: [dummy], reason=ContainersNotReady, status=False, type=Ready, additionalProperties={}), PodCondition(lastProbeTime=null, lastTransitionTime=null, message=containers with unready status: [dummy], reason=ContainersNotReady, status=False, type=ContainersReady, additionalProperties={}), PodCondition(lastProbeTime=null, lastTransitionTime=2021-02-03T07:43:57Z, message=null, reason=null, status=True, type=PodScheduled, additionalProperties={})], containerStatuses=[ContainerStatus(containerID=null, image=docker.io/entando/busybox:latest, imageID=, lastState=ContainerState(running=null, terminated=null, waiting=null, additionalProperties={}), name=dummy, ready=false, restartCount=0, started=null, state=ContainerState(running=null, terminated=null, waiting=ContainerStateWaiting(message=null, reason=PodInitializing, additionalProperties={}), additionalProperties={}), additionalProperties={})], ephemeralContainerStatuses=[], hostIP=54.36.53.206, initContainerStatuses=[ContainerStatus(containerID=null, image=docker.io/entando/entando-k8s-dbjob:6.1.4, imageID=, lastState=ContainerState(running=null, terminated=null, waiting=null, additionalProperties={}), name=test-entando-acpr25-portdb-schema-creation-job, ready=false, restartCount=0, started=null, state=ContainerState(running=null, terminated=null, waiting=ContainerStateWaiting(message=null, reason=PodInitializing, additionalProperties={}), additionalProperties={}), additionalProperties={}), ContainerStatus(containerID=null, image=docker.io/entando/entando-k8s-dbjob:6.1.4, imageID=, lastState=ContainerState(running=null, terminated=null, waiting=null, additionalProperties={}), name=test-entando-acpr25-servdb-schema-creation-job, ready=false, restartCount=0, started=null, state=ContainerState(running=null, terminated=null, waiting=ContainerStateWaiting(message=null, reason=PodInitializing, additionalProperties={}), additionalProperties={}), additionalProperties={}), ContainerStatus(containerID=null, image=docker.io/entando/entando-de-app-wildfly:6.3.13, imageID=, lastState=ContainerState(running=null, terminated=null, waiting=null, additionalProperties={}), name=test-entando-acpr25-server-db-population-job, ready=false, restartCount=0, started=null, state=ContainerState(running=null, terminated=null, waiting=ContainerStateWaiting(message=null, reason=PodInitializing, additionalProperties={}), additionalProperties={}), additionalProperties={})], message=null, nominatedNodeName=null, phase=Pending, podIP=null, podIPs=[], qosClass=BestEffort, reason=null, startTime=2021-02-03T07:43:57Z, additionalProperties={})
MODIFIED:PodStatus(conditions=[PodCondition(lastProbeTime=null, lastTransitionTime=2021-02-03T07:43:57Z, message=containers with incomplete status: [test-entando-acpr25-portdb-schema-creation-job test-entando-acpr25-servdb-schema-creation-job test-entando-acpr25-server-db-population-job], reason=ContainersNotInitialized, status=False, type=Initialized, additionalProperties={}), PodCondition(lastProbeTime=null, lastTransitionTime=2021-02-03T07:43:57Z, message=containers with unready status: [dummy], reason=ContainersNotReady, status=False, type=Ready, additionalProperties={}), PodCondition(lastProbeTime=null, lastTransitionTime=null, message=containers with unready status: [dummy], reason=ContainersNotReady, status=False, type=ContainersReady, additionalProperties={}), PodCondition(lastProbeTime=null, lastTransitionTime=2021-02-03T07:43:57Z, message=null, reason=null, status=True, type=PodScheduled, additionalProperties={})], containerStatuses=[ContainerStatus(containerID=null, image=docker.io/entando/busybox:latest, imageID=, lastState=ContainerState(running=null, terminated=null, waiting=null, additionalProperties={}), name=dummy, ready=false, restartCount=0, started=null, state=ContainerState(running=null, terminated=null, waiting=ContainerStateWaiting(message=null, reason=PodInitializing, additionalProperties={}), additionalProperties={}), additionalProperties={})], ephemeralContainerStatuses=[], hostIP=54.36.53.206, initContainerStatuses=[ContainerStatus(containerID=docker://7b2a00e93cec5320f5d63fc973b01c7d62e63cd2336da50b6f4beef39282dd55, image=docker.io/entando/entando-k8s-dbjob:6.1.4, imageID=docker-pullable://docker.io/entando/entando-k8s-dbjob@sha256:a571dc5f4f72668359ed7de82b06347ef103e91ac3fc9e381259fdfff417506a, lastState=ContainerState(running=null, terminated=null, waiting=null, additionalProperties={}), name=test-entando-acpr25-portdb-schema-creation-job, ready=false, restartCount=0, started=null, state=ContainerState(running=ContainerStateRunning(startedAt=2021-02-03T07:44:05Z, additionalProperties={}), terminated=null, waiting=null, additionalProperties={}), additionalProperties={}), ContainerStatus(containerID=null, image=docker.io/entando/entando-k8s-dbjob:6.1.4, imageID=, lastState=ContainerState(running=null, terminated=null, waiting=null, additionalProperties={}), name=test-entando-acpr25-servdb-schema-creation-job, ready=false, restartCount=0, started=null, state=ContainerState(running=null, terminated=null, waiting=ContainerStateWaiting(message=null, reason=PodInitializing, additionalProperties={}), additionalProperties={}), additionalProperties={}), ContainerStatus(containerID=null, image=docker.io/entando/entando-de-app-wildfly:6.3.13, imageID=, lastState=ContainerState(running=null, terminated=null, waiting=null, additionalProperties={}), name=test-entando-acpr25-server-db-population-job, ready=false, restartCount=0, started=null, state=ContainerState(running=null, terminated=null, waiting=ContainerStateWaiting(message=null, reason=PodInitializing, additionalProperties={}), additionalProperties={}), additionalProperties={})], message=null, nominatedNodeName=null, phase=Pending, podIP=10.128.1.92, podIPs=[], qosClass=BestEffort, reason=null, startTime=2021-02-03T07:43:57Z, additionalProperties={})
MODIFIED:PodStatus(conditions=[PodCondition(lastProbeTime=null, lastTransitionTime=2021-02-03T07:43:57Z, message=containers with incomplete status: [test-entando-acpr25-servdb-schema-creation-job test-entando-acpr25-server-db-population-job], reason=ContainersNotInitialized, status=False, type=Initialized, additionalProperties={}), PodCondition(lastProbeTime=null, lastTransitionTime=2021-02-03T07:43:57Z, message=containers with unready status: [dummy], reason=ContainersNotReady, status=False, type=Ready, additionalProperties={}), PodCondition(lastProbeTime=null, lastTransitionTime=null, message=containers with unready status: [dummy], reason=ContainersNotReady, status=False, type=ContainersReady, additionalProperties={}), PodCondition(lastProbeTime=null, lastTransitionTime=2021-02-03T07:43:57Z, message=null, reason=null, status=True, type=PodScheduled, additionalProperties={})], containerStatuses=[ContainerStatus(containerID=null, image=docker.io/entando/busybox:latest, imageID=, lastState=ContainerState(running=null, terminated=null, waiting=null, additionalProperties={}), name=dummy, ready=false, restartCount=0, started=null, state=ContainerState(running=null, terminated=null, waiting=ContainerStateWaiting(message=null, reason=PodInitializing, additionalProperties={}), additionalProperties={}), additionalProperties={})], ephemeralContainerStatuses=[], hostIP=54.36.53.206, initContainerStatuses=[ContainerStatus(containerID=docker://7b2a00e93cec5320f5d63fc973b01c7d62e63cd2336da50b6f4beef39282dd55, image=docker.io/entando/entando-k8s-dbjob:6.1.4, imageID=docker-pullable://docker.io/entando/entando-k8s-dbjob@sha256:a571dc5f4f72668359ed7de82b06347ef103e91ac3fc9e381259fdfff417506a, lastState=ContainerState(running=null, terminated=null, waiting=null, additionalProperties={}), name=test-entando-acpr25-portdb-schema-creation-job, ready=****, restartCount=0, started=null, state=ContainerState(running=null, terminated=ContainerStateTerminated(containerID=docker://7b2a00e93cec5320f5d63fc973b01c7d62e63cd2336da50b6f4beef39282dd55, exitCode=0, finishedAt=2021-02-03T07:44:08Z, message=null, reason=Completed, signal=null, startedAt=2021-02-03T07:44:05Z, additionalProperties={}), waiting=null, additionalProperties={}), additionalProperties={}), ContainerStatus(containerID=null, image=docker.io/entando/entando-k8s-dbjob:6.1.4, imageID=, lastState=ContainerState(running=null, terminated=null, waiting=null, additionalProperties={}), name=test-entando-acpr25-servdb-schema-creation-job, ready=false, restartCount=0, started=null, state=ContainerState(running=null, terminated=null, waiting=ContainerStateWaiting(message=null, reason=PodInitializing, additionalProperties={}), additionalProperties={}), additionalProperties={}), ContainerStatus(containerID=null, image=docker.io/entando/entando-de-app-wildfly:6.3.13, imageID=, lastState=ContainerState(running=null, terminated=null, waiting=null, additionalProperties={}), name=test-entando-acpr25-server-db-population-job, ready=false, restartCount=0, started=null, state=ContainerState(running=null, terminated=null, waiting=ContainerStateWaiting(message=null, reason=PodInitializing, additionalProperties={}), additionalProperties={}), additionalProperties={})], message=null, nominatedNodeName=null, phase=Pending, podIP=10.128.1.92, podIPs=[], qosClass=BestEffort, reason=null, startTime=2021-02-03T07:43:57Z, additionalProperties={})
MODIFIED:PodStatus(conditions=[PodCondition(lastProbeTime=null, lastTransitionTime=2021-02-03T07:43:57Z, message=containers with incomplete status: [test-entando-acpr25-server-db-population-job], reason=ContainersNotInitialized, status=False, type=Initialized, additionalProperties={}), PodCondition(lastProbeTime=null, lastTransitionTime=2021-02-03T07:43:57Z, message=containers with unready status: [dummy], reason=ContainersNotReady, status=False, type=Ready, additionalProperties={}), PodCondition(lastProbeTime=null, lastTransitionTime=null, message=containers with unready status: [dummy], reason=ContainersNotReady, status=False, type=ContainersReady, additionalProperties={}), PodCondition(lastProbeTime=null, lastTransitionTime=2021-02-03T07:43:57Z, message=null, reason=null, status=True, type=PodScheduled, additionalProperties={})], containerStatuses=[ContainerStatus(containerID=null, image=docker.io/entando/busybox:latest, imageID=, lastState=ContainerState(running=null, terminated=null, waiting=null, additionalProperties={}), name=dummy, ready=false, restartCount=0, started=null, state=ContainerState(running=null, terminated=null, waiting=ContainerStateWaiting(message=null, reason=PodInitializing, additionalProperties={}), additionalProperties={}), additionalProperties={})], ephemeralContainerStatuses=[], hostIP=54.36.53.206, initContainerStatuses=[ContainerStatus(containerID=docker://7b2a00e93cec5320f5d63fc973b01c7d62e63cd2336da50b6f4beef39282dd55, image=docker.io/entando/entando-k8s-dbjob:6.1.4, imageID=docker-pullable://docker.io/entando/entando-k8s-dbjob@sha256:a571dc5f4f72668359ed7de82b06347ef103e91ac3fc9e381259fdfff417506a, lastState=ContainerState(running=null, terminated=null, waiting=null, additionalProperties={}), name=test-entando-acpr25-portdb-schema-creation-job, ready=****, restartCount=0, started=null, state=ContainerState(running=null, terminated=ContainerStateTerminated(containerID=docker://7b2a00e93cec5320f5d63fc973b01c7d62e63cd2336da50b6f4beef39282dd55, exitCode=0, finishedAt=2021-02-03T07:44:08Z, message=null, reason=Completed, signal=null, startedAt=2021-02-03T07:44:05Z, additionalProperties={}), waiting=null, additionalProperties={}), additionalProperties={}), ContainerStatus(containerID=docker://49ecdfc25cac7a25539a1e065cc9f661f70ceef4f52efe60991804e6f44d9853, image=docker.io/entando/entando-k8s-dbjob:6.1.4, imageID=docker-pullable://docker.io/entando/entando-k8s-dbjob@sha256:a571dc5f4f72668359ed7de82b06347ef103e91ac3fc9e381259fdfff417506a, lastState=ContainerState(running=null, terminated=null, waiting=null, additionalProperties={}), name=test-entando-acpr25-servdb-schema-creation-job, ready=****, restartCount=0, started=null, state=ContainerState(running=null, terminated=ContainerStateTerminated(containerID=docker://49ecdfc25cac7a25539a1e065cc9f661f70ceef4f52efe60991804e6f44d9853, exitCode=0, finishedAt=2021-02-03T07:44:12Z, message=null, reason=Completed, signal=null, startedAt=2021-02-03T07:44:10Z, additionalProperties={}), waiting=null, additionalProperties={}), additionalProperties={}), ContainerStatus(containerID=null, image=docker.io/entando/entando-de-app-wildfly:6.3.13, imageID=, lastState=ContainerState(running=null, terminated=null, waiting=null, additionalProperties={}), name=test-entando-acpr25-server-db-population-job, ready=false, restartCount=0, started=null, state=ContainerState(running=null, terminated=null, waiting=ContainerStateWaiting(message=null, reason=PodInitializing, additionalProperties={}), additionalProperties={}), additionalProperties={})], message=null, nominatedNodeName=null, phase=Pending, podIP=10.128.1.92, podIPs=[], qosClass=BestEffort, reason=null, startTime=2021-02-03T07:43:57Z, additionalProperties={})
MODIFIED:PodStatus(conditions=[PodCondition(lastProbeTime=null, lastTransitionTime=2021-02-03T07:43:57Z, message=containers with incomplete status: [test-entando-acpr25-server-db-population-job], reason=ContainersNotInitialized, status=False, type=Initialized, additionalProperties={}), PodCondition(lastProbeTime=null, lastTransitionTime=2021-02-03T07:43:57Z, message=containers with unready status: [dummy], reason=ContainersNotReady, status=False, type=Ready, additionalProperties={}), PodCondition(lastProbeTime=null, lastTransitionTime=null, message=containers with unready status: [dummy], reason=ContainersNotReady, status=False, type=ContainersReady, additionalProperties={}), PodCondition(lastProbeTime=null, lastTransitionTime=2021-02-03T07:43:57Z, message=null, reason=null, status=True, type=PodScheduled, additionalProperties={})], containerStatuses=[ContainerStatus(containerID=null, image=docker.io/entando/busybox:latest, imageID=, lastState=ContainerState(running=null, terminated=null, waiting=null, additionalProperties={}), name=dummy, ready=false, restartCount=0, started=null, state=ContainerState(running=null, terminated=null, waiting=ContainerStateWaiting(message=null, reason=PodInitializing, additionalProperties={}), additionalProperties={}), additionalProperties={})], ephemeralContainerStatuses=[], hostIP=54.36.53.206, initContainerStatuses=[ContainerStatus(containerID=docker://7b2a00e93cec5320f5d63fc973b01c7d62e63cd2336da50b6f4beef39282dd55, image=docker.io/entando/entando-k8s-dbjob:6.1.4, imageID=docker-pullable://docker.io/entando/entando-k8s-dbjob@sha256:a571dc5f4f72668359ed7de82b06347ef103e91ac3fc9e381259fdfff417506a, lastState=ContainerState(running=null, terminated=null, waiting=null, additionalProperties={}), name=test-entando-acpr25-portdb-schema-creation-job, ready=****, restartCount=0, started=null, state=ContainerState(running=null, terminated=ContainerStateTerminated(containerID=docker://7b2a00e93cec5320f5d63fc973b01c7d62e63cd2336da50b6f4beef39282dd55, exitCode=0, finishedAt=2021-02-03T07:44:08Z, message=null, reason=Completed, signal=null, startedAt=2021-02-03T07:44:05Z, additionalProperties={}), waiting=null, additionalProperties={}), additionalProperties={}), ContainerStatus(containerID=docker://49ecdfc25cac7a25539a1e065cc9f661f70ceef4f52efe60991804e6f44d9853, image=docker.io/entando/entando-k8s-dbjob:6.1.4, imageID=docker-pullable://docker.io/entando/entando-k8s-dbjob@sha256:a571dc5f4f72668359ed7de82b06347ef103e91ac3fc9e381259fdfff417506a, lastState=ContainerState(running=null, terminated=null, waiting=null, additionalProperties={}), name=test-entando-acpr25-servdb-schema-creation-job, ready=****, restartCount=0, started=null, state=ContainerState(running=null, terminated=ContainerStateTerminated(containerID=docker://49ecdfc25cac7a25539a1e065cc9f661f70ceef4f52efe60991804e6f44d9853, exitCode=0, finishedAt=2021-02-03T07:44:12Z, message=null, reason=Completed, signal=null, startedAt=2021-02-03T07:44:10Z, additionalProperties={}), waiting=null, additionalProperties={}), additionalProperties={}), ContainerStatus(containerID=docker://c74daca2cfa55d4aa2f0f7c7c1dd5b388505ab19080c6b1bcee3eeca57dbd159, image=docker.io/entando/entando-de-app-wildfly:6.3.13, imageID=docker-pullable://docker.io/entando/entando-de-app-wildfly@sha256:096021fc186f764265381348008817e5c5bbda70bc30ecd37e987aeab571af05, lastState=ContainerState(running=null, terminated=null, waiting=null, additionalProperties={}), name=test-entando-acpr25-server-db-population-job, ready=false, restartCount=0, started=null, state=ContainerState(running=ContainerStateRunning(startedAt=2021-02-03T07:44:18Z, additionalProperties={}), terminated=null, waiting=null, additionalProperties={}), additionalProperties={})], message=null, nominatedNodeName=null, phase=Pending, podIP=10.128.1.92, podIPs=[], qosClass=BestEffort, reason=null, startTime=2021-02-03T07:43:57Z, additionalProperties={})
MODIFIED:PodStatus(conditions=[PodCondition(lastProbeTime=null, lastTransitionTime=2021-02-03T07:45:09Z, message=null, reason=null, status=True, type=Initialized, additionalProperties={}), PodCondition(lastProbeTime=null, lastTransitionTime=2021-02-03T07:43:57Z, message=containers with unready status: [dummy], reason=ContainersNotReady, status=False, type=Ready, additionalProperties={}), PodCondition(lastProbeTime=null, lastTransitionTime=null, message=containers with unready status: [dummy], reason=ContainersNotReady, status=False, type=ContainersReady, additionalProperties={}), PodCondition(lastProbeTime=null, lastTransitionTime=2021-02-03T07:43:57Z, message=null, reason=null, status=True, type=PodScheduled, additionalProperties={})], containerStatuses=[ContainerStatus(containerID=null, image=docker.io/entando/busybox:latest, imageID=, lastState=ContainerState(running=null, terminated=null, waiting=null, additionalProperties={}), name=dummy, ready=false, restartCount=0, started=null, state=ContainerState(running=null, terminated=null, waiting=ContainerStateWaiting(message=null, reason=PodInitializing, additionalProperties={}), additionalProperties={}), additionalProperties={})], ephemeralContainerStatuses=[], hostIP=54.36.53.206, initContainerStatuses=[ContainerStatus(containerID=docker://7b2a00e93cec5320f5d63fc973b01c7d62e63cd2336da50b6f4beef39282dd55, image=docker.io/entando/entando-k8s-dbjob:6.1.4, imageID=docker-pullable://docker.io/entando/entando-k8s-dbjob@sha256:a571dc5f4f72668359ed7de82b06347ef103e91ac3fc9e381259fdfff417506a, lastState=ContainerState(running=null, terminated=null, waiting=null, additionalProperties={}), name=test-entando-acpr25-portdb-schema-creation-job, ready=****, restartCount=0, started=null, state=ContainerState(running=null, terminated=ContainerStateTerminated(containerID=docker://7b2a00e93cec5320f5d63fc973b01c7d62e63cd2336da50b6f4beef39282dd55, exitCode=0, finishedAt=2021-02-03T07:44:08Z, message=null, reason=Completed, signal=null, startedAt=2021-02-03T07:44:05Z, additionalProperties={}), waiting=null, additionalProperties={}), additionalProperties={}), ContainerStatus(containerID=docker://49ecdfc25cac7a25539a1e065cc9f661f70ceef4f52efe60991804e6f44d9853, image=docker.io/entando/entando-k8s-dbjob:6.1.4, imageID=docker-pullable://docker.io/entando/entando-k8s-dbjob@sha256:a571dc5f4f72668359ed7de82b06347ef103e91ac3fc9e381259fdfff417506a, lastState=ContainerState(running=null, terminated=null, waiting=null, additionalProperties={}), name=test-entando-acpr25-servdb-schema-creation-job, ready=****, restartCount=0, started=null, state=ContainerState(running=null, terminated=ContainerStateTerminated(containerID=docker://49ecdfc25cac7a25539a1e065cc9f661f70ceef4f52efe60991804e6f44d9853, exitCode=0, finishedAt=2021-02-03T07:44:12Z, message=null, reason=Completed, signal=null, startedAt=2021-02-03T07:44:10Z, additionalProperties={}), waiting=null, additionalProperties={}), additionalProperties={}), ContainerStatus(containerID=docker://c74daca2cfa55d4aa2f0f7c7c1dd5b388505ab19080c6b1bcee3eeca57dbd159, image=docker.io/entando/entando-de-app-wildfly:6.3.13, imageID=docker-pullable://docker.io/entando/entando-de-app-wildfly@sha256:096021fc186f764265381348008817e5c5bbda70bc30ecd37e987aeab571af05, lastState=ContainerState(running=null, terminated=null, waiting=null, additionalProperties={}), name=test-entando-acpr25-server-db-population-job, ready=****, restartCount=0, started=null, state=ContainerState(running=null, terminated=ContainerStateTerminated(containerID=docker://c74daca2cfa55d4aa2f0f7c7c1dd5b388505ab19080c6b1bcee3eeca57dbd159, exitCode=0, finishedAt=2021-02-03T07:45:07Z, message=null, reason=Completed, signal=null, startedAt=2021-02-03T07:44:18Z, additionalProperties={}), waiting=null, additionalProperties={}), additionalProperties={})], message=null, nominatedNodeName=null, phase=Pending, podIP=10.128.1.92, podIPs=[], qosClass=BestEffort, reason=null, startTime=2021-02-03T07:43:57Z, additionalProperties={})
MODIFIED:PodStatus(conditions=[PodCondition(lastProbeTime=null, lastTransitionTime=2021-02-03T07:45:09Z, message=null, reason=PodCompleted, status=True, type=Initialized, additionalProperties={}), PodCondition(lastProbeTime=null, lastTransitionTime=2021-02-03T07:43:57Z, message=null, reason=PodCompleted, status=False, type=Ready, additionalProperties={}), PodCondition(lastProbeTime=null, lastTransitionTime=null, message=null, reason=PodCompleted, status=False, type=ContainersReady, additionalProperties={}), PodCondition(lastProbeTime=null, lastTransitionTime=2021-02-03T07:43:57Z, message=null, reason=null, status=True, type=PodScheduled, additionalProperties={})], containerStatuses=[ContainerStatus(containerID=docker://2e6bae563a799b4a7e8f30966ceb29047a50422ff385296a531e76536ef3970e, image=docker.io/entando/busybox:latest, imageID=docker-pullable://docker.io/entando/busybox@sha256:400ee2ed939df769d4681023810d2e4fb9479b8401d97003c710d0e20f7c49c6, lastState=ContainerState(running=null, terminated=null, waiting=null, additionalProperties={}), name=dummy, ready=false, restartCount=0, started=null, state=ContainerState(running=null, terminated=ContainerStateTerminated(containerID=docker://2e6bae563a799b4a7e8f30966ceb29047a50422ff385296a531e76536ef3970e, exitCode=0, finishedAt=2021-02-03T07:45:11Z, message=null, reason=Completed, signal=null, startedAt=2021-02-03T07:45:11Z, additionalProperties={}), waiting=null, additionalProperties={}), additionalProperties={})], ephemeralContainerStatuses=[], hostIP=54.36.53.206, initContainerStatuses=[ContainerStatus(containerID=docker://7b2a00e93cec5320f5d63fc973b01c7d62e63cd2336da50b6f4beef39282dd55, image=docker.io/entando/entando-k8s-dbjob:6.1.4, imageID=docker-pullable://docker.io/entando/entando-k8s-dbjob@sha256:a571dc5f4f72668359ed7de82b06347ef103e91ac3fc9e381259fdfff417506a, lastState=ContainerState(running=null, terminated=null, waiting=null, additionalProperties={}), name=test-entando-acpr25-portdb-schema-creation-job, ready=****, restartCount=0, started=null, state=ContainerState(running=null, terminated=ContainerStateTerminated(containerID=docker://7b2a00e93cec5320f5d63fc973b01c7d62e63cd2336da50b6f4beef39282dd55, exitCode=0, finishedAt=2021-02-03T07:44:08Z, message=null, reason=Completed, signal=null, startedAt=2021-02-03T07:44:05Z, additionalProperties={}), waiting=null, additionalProperties={}), additionalProperties={}), ContainerStatus(containerID=docker://49ecdfc25cac7a25539a1e065cc9f661f70ceef4f52efe60991804e6f44d9853, image=docker.io/entando/entando-k8s-dbjob:6.1.4, imageID=docker-pullable://docker.io/entando/entando-k8s-dbjob@sha256:a571dc5f4f72668359ed7de82b06347ef103e91ac3fc9e381259fdfff417506a, lastState=ContainerState(running=null, terminated=null, waiting=null, additionalProperties={}), name=test-entando-acpr25-servdb-schema-creation-job, ready=****, restartCount=0, started=null, state=ContainerState(running=null, terminated=ContainerStateTerminated(containerID=docker://49ecdfc25cac7a25539a1e065cc9f661f70ceef4f52efe60991804e6f44d9853, exitCode=0, finishedAt=2021-02-03T07:44:12Z, message=null, reason=Completed, signal=null, startedAt=2021-02-03T07:44:10Z, additionalProperties={}), waiting=null, additionalProperties={}), additionalProperties={}), ContainerStatus(containerID=docker://c74daca2cfa55d4aa2f0f7c7c1dd5b388505ab19080c6b1bcee3eeca57dbd159, image=docker.io/entando/entando-de-app-wildfly:6.3.13, imageID=docker-pullable://docker.io/entando/entando-de-app-wildfly@sha256:096021fc186f764265381348008817e5c5bbda70bc30ecd37e987aeab571af05, lastState=ContainerState(running=null, terminated=null, waiting=null, additionalProperties={}), name=test-entando-acpr25-server-db-population-job, ready=****, restartCount=0, started=null, state=ContainerState(running=null, terminated=ContainerStateTerminated(containerID=docker://c74daca2cfa55d4aa2f0f7c7c1dd5b388505ab19080c6b1bcee3eeca57dbd159, exitCode=0, finishedAt=2021-02-03T07:45:07Z, message=null, reason=Completed, signal=null, startedAt=2021-02-03T07:44:18Z, additionalProperties={}), waiting=null, additionalProperties={}), addi
tionalProperties={})], message=null, nominatedNodeName=null, phase=Succeeded, podIP=10.128.1.92, podIPs=[], qosClass=BestEffort, reason=null, startTime=2021-02-03T07:43:57Z, additionalProperties={})
Finished: test-entando-acpr25-dbprep-7021
ADDED:PodStatus(conditions=[PodCondition(lastProbeTime=null, lastTransitionTime=2021-02-03T07:45:15Z, message=null, reason=null, status=True, type=PodScheduled, additionalProperties={})], containerStatuses=[], ephemeralContainerStatuses=[], hostIP=null, initContainerStatuses=[], message=null, nominatedNodeName=null, phase=Pending, podIP=null, podIPs=[], qosClass=Burstable, reason=null, startTime=null, additionalProperties={})
MODIFIED:PodStatus(conditions=[PodCondition(lastProbeTime=null, lastTransitionTime=2021-02-03T07:45:16Z, message=null, reason=null, status=True, type=Initialized, additionalProperties={}), PodCondition(lastProbeTime=null, lastTransitionTime=2021-02-03T07:45:16Z, message=containers with unready status: [server-container], reason=ContainersNotReady, status=False, type=Ready, additionalProperties={}), PodCondition(lastProbeTime=null, lastTransitionTime=null, message=containers with unready status: [server-container], reason=ContainersNotReady, status=False, type=ContainersReady, additionalProperties={}), PodCondition(lastProbeTime=null, lastTransitionTime=2021-02-03T07:45:15Z, message=null, reason=null, status=True, type=PodScheduled, additionalProperties={})], containerStatuses=[ContainerStatus(containerID=null, image=docker.io/entando/entando-de-app-wildfly:6.3.13, imageID=, lastState=ContainerState(running=null, terminated=null, waiting=null, additionalProperties={}), name=server-container, ready=false, restartCount=0, started=null, state=ContainerState(running=null, terminated=null, waiting=ContainerStateWaiting(message=null, reason=ContainerCreating, additionalProperties={}), additionalProperties={}), additionalProperties={})], ephemeralContainerStatuses=[], hostIP=54.36.53.206, initContainerStatuses=[], message=null, nominatedNodeName=null, phase=Pending, podIP=null, podIPs=[], qosClass=Burstable, reason=null, startTime=2021-02-03T07:45:16Z, additionalProperties={})
MODIFIED:PodStatus(conditions=[PodCondition(lastProbeTime=null, lastTransitionTime=2021-02-03T07:45:16Z, message=null, reason=null, status=True, type=Initialized, additionalProperties={}), PodCondition(lastProbeTime=null, lastTransitionTime=2021-02-03T07:45:16Z, message=containers with unready status: [server-container], reason=ContainersNotReady, status=False, type=Ready, additionalProperties={}), PodCondition(lastProbeTime=null, lastTransitionTime=null, message=containers with unready status: [server-container], reason=ContainersNotReady, status=False, type=ContainersReady, additionalProperties={}), PodCondition(lastProbeTime=null, lastTransitionTime=2021-02-03T07:45:15Z, message=null, reason=null, status=True, type=PodScheduled, additionalProperties={})], containerStatuses=[ContainerStatus(containerID=docker://0311794fb39b893cae608d2ec6f39a2d470118318d379904453bed3b30b11277, image=docker.io/entando/entando-de-app-wildfly:6.3.13, imageID=docker-pullable://docker.io/entando/entando-de-app-wildfly@sha256:096021fc186f764265381348008817e5c5bbda70bc30ecd37e987aeab571af05, lastState=ContainerState(running=null, terminated=null, waiting=null, additionalProperties={}), name=server-container, ready=false, restartCount=0, started=null, state=ContainerState(running=ContainerStateRunning(startedAt=2021-02-03T07:45:27Z, additionalProperties={}), terminated=null, waiting=null, additionalProperties={}), additionalProperties={})], ephemeralContainerStatuses=[], hostIP=54.36.53.206, initContainerStatuses=[], message=null, nominatedNodeName=null, phase=Running, podIP=10.128.1.93, podIPs=[], qosClass=Burstable, reason=null, startTime=2021-02-03T07:45:16Z, additionalProperties={})
MODIFIED:PodStatus(conditions=[PodCondition(lastProbeTime=null, lastTransitionTime=2021-02-03T07:45:16Z, message=null, reason=null, status=True, type=Initialized, additionalProperties={}), PodCondition(lastProbeTime=null, lastTransitionTime=2021-02-03T07:47:01Z, message=null, reason=null, status=True, type=Ready, additionalProperties={}), PodCondition(lastProbeTime=null, lastTransitionTime=null, message=null, reason=null, status=True, type=ContainersReady, additionalProperties={}), PodCondition(lastProbeTime=null, lastTransitionTime=2021-02-03T07:45:15Z, message=null, reason=null, status=True, type=PodScheduled, additionalProperties={})], containerStatuses=[ContainerStatus(containerID=docker://0311794fb39b893cae608d2ec6f39a2d470118318d379904453bed3b30b11277, image=docker.io/entando/entando-de-app-wildfly:6.3.13, imageID=docker-pullable://docker.io/entando/entando-de-app-wildfly@sha256:096021fc186f764265381348008817e5c5bbda70bc30ecd37e987aeab571af05, lastState=ContainerState(running=null, terminated=null, waiting=null, additionalProperties={}), name=server-container, ready=****, restartCount=0, started=null, state=ContainerState(running=ContainerStateRunning(startedAt=2021-02-03T07:45:27Z, additionalProperties={}), terminated=null, waiting=null, additionalProperties={}), additionalProperties={})], ephemeralContainerStatuses=[], hostIP=54.36.53.206, initContainerStatuses=[], message=null, nominatedNodeName=null, phase=Running, podIP=10.128.1.93, podIPs=[], qosClass=Burstable, reason=null, startTime=2021-02-03T07:45:16Z, additionalProperties={})
Finished: test-entando-acpr25-server-deployment-676b7b89d-ggvgb
ADDED:PodStatus(conditions=[PodCondition(lastProbeTime=null, lastTransitionTime=2021-02-03T07:47:05Z, message=null, reason=null, status=True, type=PodScheduled, additionalProperties={})], containerStatuses=[], ephemeralContainerStatuses=[], hostIP=null, initContainerStatuses=[], message=null, nominatedNodeName=null, phase=Pending, podIP=null, podIPs=[], qosClass=Burstable, reason=null, startTime=null, additionalProperties={})
MODIFIED:PodStatus(conditions=[PodCondition(lastProbeTime=null, lastTransitionTime=2021-02-03T07:47:05Z, message=null, reason=null, status=True, type=Initialized, additionalProperties={}), PodCondition(lastProbeTime=null, lastTransitionTime=2021-02-03T07:47:05Z, message=containers with unready status: [appbuilder-container], reason=ContainersNotReady, status=False, type=Ready, additionalProperties={}), PodCondition(lastProbeTime=null, lastTransitionTime=null, message=containers with unready status: [appbuilder-container], reason=ContainersNotReady, status=False, type=ContainersReady, additionalProperties={}), PodCondition(lastProbeTime=null, lastTransitionTime=2021-02-03T07:47:05Z, message=null, reason=null, status=True, type=PodScheduled, additionalProperties={})], containerStatuses=[ContainerStatus(containerID=null, image=docker.io/entando/app-builder:6.1.174, imageID=, lastState=ContainerState(running=null, terminated=null, waiting=null, additionalProperties={}), name=appbuilder-container, ready=false, restartCount=0, started=null, state=ContainerState(running=null, terminated=null, waiting=ContainerStateWaiting(message=null, reason=ContainerCreating, additionalProperties={}), additionalProperties={}), additionalProperties={})], ephemeralContainerStatuses=[], hostIP=54.36.53.206, initContainerStatuses=[], message=null, nominatedNodeName=null, phase=Pending, podIP=null, podIPs=[], qosClass=Burstable, reason=null, startTime=2021-02-03T07:47:05Z, additionalProperties={})
MODIFIED:PodStatus(conditions=[PodCondition(lastProbeTime=null, lastTransitionTime=2021-02-03T07:47:05Z, message=null, reason=null, status=True, type=Initialized, additionalProperties={}), PodCondition(lastProbeTime=null, lastTransitionTime=2021-02-03T07:47:05Z, message=containers with unready status: [appbuilder-container], reason=ContainersNotReady, status=False, type=Ready, additionalProperties={}), PodCondition(lastProbeTime=null, lastTransitionTime=null, message=containers with unready status: [appbuilder-container], reason=ContainersNotReady, status=False, type=ContainersReady, additionalProperties={}), PodCondition(lastProbeTime=null, lastTransitionTime=2021-02-03T07:47:05Z, message=null, reason=null, status=True, type=PodScheduled, additionalProperties={})], containerStatuses=[ContainerStatus(containerID=docker://a3a684775267bf652412d2c2ecf0d44cf7672da0da356e4edcbcabd9f8db3324, image=docker.io/entando/app-builder:6.1.174, imageID=docker-pullable://docker.io/entando/app-builder@sha256:a938a89f84e9d717a808bc160da87eedc19c4a6d21da492d41254759bd5a7d3f, lastState=ContainerState(running=null, terminated=null, waiting=null, additionalProperties={}), name=appbuilder-container, ready=false, restartCount=0, started=null, state=ContainerState(running=ContainerStateRunning(startedAt=2021-02-03T07:47:09Z, additionalProperties={}), terminated=null, waiting=null, additionalProperties={}), additionalProperties={})], ephemeralContainerStatuses=[], hostIP=54.36.53.206, initContainerStatuses=[], message=null, nominatedNodeName=null, phase=Running, podIP=10.128.1.94, podIPs=[], qosClass=Burstable, reason=null, startTime=2021-02-03T07:47:05Z, additionalProperties={})
MODIFIED:PodStatus(conditions=[PodCondition(lastProbeTime=null, lastTransitionTime=2021-02-03T07:47:05Z, message=null, reason=null, status=True, type=Initialized, additionalProperties={}), PodCondition(lastProbeTime=null, lastTransitionTime=2021-02-03T07:47:44Z, message=null, reason=null, status=True, type=Ready, additionalProperties={}), PodCondition(lastProbeTime=null, lastTransitionTime=null, message=null, reason=null, status=True, type=ContainersReady, additionalProperties={}), PodCondition(lastProbeTime=null, lastTransitionTime=2021-02-03T07:47:05Z, message=null, reason=null, status=True, type=PodScheduled, additionalProperties={})], containerStatuses=[ContainerStatus(containerID=docker://a3a684775267bf652412d2c2ecf0d44cf7672da0da356e4edcbcabd9f8db3324, image=docker.io/entando/app-builder:6.1.174, imageID=docker-pullable://docker.io/entando/app-builder@sha256:a938a89f84e9d717a808bc160da87eedc19c4a6d21da492d41254759bd5a7d3f, lastState=ContainerState(running=null, terminated=null, waiting=null, additionalProperties={}), name=appbuilder-container, ready=****, restartCount=0, started=null, state=ContainerState(running=ContainerStateRunning(startedAt=2021-02-03T07:47:09Z, additionalProperties={}), terminated=null, waiting=null, additionalProperties={}), additionalProperties={})], ephemeralContainerStatuses=[], hostIP=54.36.53.206, initContainerStatuses=[], message=null, nominatedNodeName=null, phase=Running, podIP=10.128.1.94, podIPs=[], qosClass=Burstable, reason=null, startTime=2021-02-03T07:47:05Z, additionalProperties={})
Finished: test-entando-acpr25-ab-deployment-5bbdd9df6f-4z76n
ADDED:PodStatus(conditions=[PodCondition(lastProbeTime=null, lastTransitionTime=2021-02-03T07:47:44Z, message=containers with incomplete status: [test-entando-acpr25-dedb-schema-creation-job], reason=ContainersNotInitialized, status=False, type=Initialized, additionalProperties={}), PodCondition(lastProbeTime=null, lastTransitionTime=2021-02-03T07:47:44Z, message=containers with unready status: [dummy], reason=ContainersNotReady, status=False, type=Ready, additionalProperties={}), PodCondition(lastProbeTime=null, lastTransitionTime=null, message=containers with unready status: [dummy], reason=ContainersNotReady, status=False, type=ContainersReady, additionalProperties={}), PodCondition(lastProbeTime=null, lastTransitionTime=2021-02-03T07:47:44Z, message=null, reason=null, status=True, type=PodScheduled, additionalProperties={})], containerStatuses=[ContainerStatus(containerID=null, image=docker.io/entando/busybox:latest, imageID=, lastState=ContainerState(running=null, terminated=null, waiting=null, additionalProperties={}), name=dummy, ready=false, restartCount=0, started=null, state=ContainerState(running=null, terminated=null, waiting=ContainerStateWaiting(message=null, reason=PodInitializing, additionalProperties={}), additionalProperties={}), additionalProperties={})], ephemeralContainerStatuses=[], hostIP=54.36.53.206, initContainerStatuses=[ContainerStatus(containerID=null, image=docker.io/entando/entando-k8s-dbjob:6.1.4, imageID=, lastState=ContainerState(running=null, terminated=null, waiting=null, additionalProperties={}), name=test-entando-acpr25-dedb-schema-creation-job, ready=false, restartCount=0, started=null, state=ContainerState(running=null, terminated=null, waiting=ContainerStateWaiting(message=null, reason=PodInitializing, additionalProperties={}), additionalProperties={}), additionalProperties={})], message=null, nominatedNodeName=null, phase=Pending, podIP=null, podIPs=[], qosClass=BestEffort, reason=null, startTime=2021-02-03T07:47:44Z, additionalProperties={})
MODIFIED:PodStatus(conditions=[PodCondition(lastProbeTime=null, lastTransitionTime=2021-02-03T07:47:44Z, message=containers with incomplete status: [test-entando-acpr25-dedb-schema-creation-job], reason=ContainersNotInitialized, status=False, type=Initialized, additionalProperties={}), PodCondition(lastProbeTime=null, lastTransitionTime=2021-02-03T07:47:44Z, message=containers with unready status: [dummy], reason=ContainersNotReady, status=False, type=Ready, additionalProperties={}), PodCondition(lastProbeTime=null, lastTransitionTime=null, message=containers with unready status: [dummy], reason=ContainersNotReady, status=False, type=ContainersReady, additionalProperties={}), PodCondition(lastProbeTime=null, lastTransitionTime=2021-02-03T07:47:44Z, message=null, reason=null, status=True, type=PodScheduled, additionalProperties={})], containerStatuses=[ContainerStatus(containerID=null, image=docker.io/entando/busybox:latest, imageID=, lastState=ContainerState(running=null, terminated=null, waiting=null, additionalProperties={}), name=dummy, ready=false, restartCount=0, started=null, state=ContainerState(running=null, terminated=null, waiting=ContainerStateWaiting(message=null, reason=PodInitializing, additionalProperties={}), additionalProperties={}), additionalProperties={})], ephemeralContainerStatuses=[], hostIP=54.36.53.206, initContainerStatuses=[ContainerStatus(containerID=docker://a07cfa25c4620e029c60dae81bc9d2059f3c8424143ae905ce23699e040b1e50, image=docker.io/entando/entando-k8s-dbjob:6.1.4, imageID=docker-pullable://docker.io/entando/entando-k8s-dbjob@sha256:a571dc5f4f72668359ed7de82b06347ef103e91ac3fc9e381259fdfff417506a, lastState=ContainerState(running=null, terminated=null, waiting=null, additionalProperties={}), name=test-entando-acpr25-dedb-schema-creation-job, ready=false, restartCount=0, started=null, state=ContainerState(running=ContainerStateRunning(startedAt=2021-02-03T07:47:50Z, additionalProperties={}), terminated=null, waiting=null, additionalProperties={}), additionalProperties={})], message=null, nominatedNodeName=null, phase=Pending, podIP=10.128.1.95, podIPs=[], qosClass=BestEffort, reason=null, startTime=2021-02-03T07:47:44Z, additionalProperties={})
MODIFIED:PodStatus(conditions=[PodCondition(lastProbeTime=null, lastTransitionTime=2021-02-03T07:47:52Z, message=null, reason=null, status=True, type=Initialized, additionalProperties={}), PodCondition(lastProbeTime=null, lastTransitionTime=2021-02-03T07:47:44Z, message=containers with unready status: [dummy], reason=ContainersNotReady, status=False, type=Ready, additionalProperties={}), PodCondition(lastProbeTime=null, lastTransitionTime=null, message=containers with unready status: [dummy], reason=ContainersNotReady, status=False, type=ContainersReady, additionalProperties={}), PodCondition(lastProbeTime=null, lastTransitionTime=2021-02-03T07:47:44Z, message=null, reason=null, status=True, type=PodScheduled, additionalProperties={})], containerStatuses=[ContainerStatus(containerID=null, image=docker.io/entando/busybox:latest, imageID=, lastState=ContainerState(running=null, terminated=null, waiting=null, additionalProperties={}), name=dummy, ready=false, restartCount=0, started=null, state=ContainerState(running=null, terminated=null, waiting=ContainerStateWaiting(message=null, reason=PodInitializing, additionalProperties={}), additionalProperties={}), additionalProperties={})], ephemeralContainerStatuses=[], hostIP=54.36.53.206, initContainerStatuses=[ContainerStatus(containerID=docker://a07cfa25c4620e029c60dae81bc9d2059f3c8424143ae905ce23699e040b1e50, image=docker.io/entando/entando-k8s-dbjob:6.1.4, imageID=docker-pullable://docker.io/entando/entando-k8s-dbjob@sha256:a571dc5f4f72668359ed7de82b06347ef103e91ac3fc9e381259fdfff417506a, lastState=ContainerState(running=null, terminated=null, waiting=null, additionalProperties={}), name=test-entando-acpr25-dedb-schema-creation-job, ready=****, restartCount=0, started=null, state=ContainerState(running=null, terminated=ContainerStateTerminated(containerID=docker://a07cfa25c4620e029c60dae81bc9d2059f3c8424143ae905ce23699e040b1e50, exitCode=0, finishedAt=2021-02-03T07:47:52Z, message=null, reason=Completed, signal=null, startedAt=2021-02-03T07:47:50Z, additionalProperties={}), waiting=null, additionalProperties={}), additionalProperties={})], message=null, nominatedNodeName=null, phase=Pending, podIP=10.128.1.95, podIPs=[], qosClass=BestEffort, reason=null, startTime=2021-02-03T07:47:44Z, additionalProperties={})
MODIFIED:PodStatus(conditions=[PodCondition(lastProbeTime=null, lastTransitionTime=2021-02-03T07:47:52Z, message=null, reason=PodCompleted, status=True, type=Initialized, additionalProperties={}), PodCondition(lastProbeTime=null, lastTransitionTime=2021-02-03T07:47:44Z, message=null, reason=PodCompleted, status=False, type=Ready, additionalProperties={}), PodCondition(lastProbeTime=null, lastTransitionTime=null, message=null, reason=PodCompleted, status=False, type=ContainersReady, additionalProperties={}), PodCondition(lastProbeTime=null, lastTransitionTime=2021-02-03T07:47:44Z, message=null, reason=null, status=True, type=PodScheduled, additionalProperties={})], containerStatuses=[ContainerStatus(containerID=docker://65a22e8052770236a49626254d45bb46cb3bfd49461318349b4584c686de0b0b, image=docker.io/entando/busybox:latest, imageID=docker-pullable://docker.io/entando/busybox@sha256:400ee2ed939df769d4681023810d2e4fb9479b8401d97003c710d0e20f7c49c6, lastState=ContainerState(running=null, terminated=null, waiting=null, additionalProperties={}), name=dummy, ready=false, restartCount=0, started=null, state=ContainerState(running=null, terminated=ContainerStateTerminated(containerID=docker://65a22e8052770236a49626254d45bb46cb3bfd49461318349b4584c686de0b0b, exitCode=0, finishedAt=2021-02-03T07:47:55Z, message=null, reason=Completed, signal=null, startedAt=2021-02-03T07:47:55Z, additionalProperties={}), waiting=null, additionalProperties={}), additionalProperties={})], ephemeralContainerStatuses=[], hostIP=54.36.53.206, initContainerStatuses=[ContainerStatus(containerID=docker://a07cfa25c4620e029c60dae81bc9d2059f3c8424143ae905ce23699e040b1e50, image=docker.io/entando/entando-k8s-dbjob:6.1.4, imageID=docker-pullable://docker.io/entando/entando-k8s-dbjob@sha256:a571dc5f4f72668359ed7de82b06347ef103e91ac3fc9e381259fdfff417506a, lastState=ContainerState(running=null, terminated=null, waiting=null, additionalProperties={}), name=test-entando-acpr25-dedb-schema-creation-job, ready=****, restartCount=0, started=null, state=ContainerState(running=null, terminated=ContainerStateTerminated(containerID=docker://a07cfa25c4620e029c60dae81bc9d2059f3c8424143ae905ce23699e040b1e50, exitCode=0, finishedAt=2021-02-03T07:47:52Z, message=null, reason=Completed, signal=null, startedAt=2021-02-03T07:47:50Z, additionalProperties={}), waiting=null, additionalProperties={}), additionalProperties={})], message=null, nominatedNodeName=null, phase=Succeeded, podIP=10.128.1.95, podIPs=[], qosClass=BestEffort, reason=null, startTime=2021-02-03T07:47:44Z, additionalProperties={})
Finished: test-entando-acpr25-dbprep-4b06
ADDED:PodStatus(conditions=[PodCondition(lastProbeTime=null, lastTransitionTime=2021-02-03T07:47:58Z, message=null, reason=null, status=True, type=PodScheduled, additionalProperties={})], containerStatuses=[], ephemeralContainerStatuses=[], hostIP=null, initContainerStatuses=[], message=null, nominatedNodeName=null, phase=Pending, podIP=null, podIPs=[], qosClass=Burstable, reason=null, startTime=null, additionalProperties={})
MODIFIED:PodStatus(conditions=[PodCondition(lastProbeTime=null, lastTransitionTime=2021-02-03T07:47:58Z, message=null, reason=null, status=True, type=Initialized, additionalProperties={}), PodCondition(lastProbeTime=null, lastTransitionTime=2021-02-03T07:47:58Z, message=containers with unready status: [de-container], reason=ContainersNotReady, status=False, type=Ready, additionalProperties={}), PodCondition(lastProbeTime=null, lastTransitionTime=null, message=containers with unready status: [de-container], reason=ContainersNotReady, status=False, type=ContainersReady, additionalProperties={}), PodCondition(lastProbeTime=null, lastTransitionTime=2021-02-03T07:47:58Z, message=null, reason=null, status=True, type=PodScheduled, additionalProperties={})], containerStatuses=[ContainerStatus(containerID=null, image=docker.io/entando/entando-component-manager:6.2.34, imageID=, lastState=ContainerState(running=null, terminated=null, waiting=null, additionalProperties={}), name=de-container, ready=false, restartCount=0, started=null, state=ContainerState(running=null, terminated=null, waiting=ContainerStateWaiting(message=null, reason=ContainerCreating, additionalProperties={}), additionalProperties={}), additionalProperties={})], ephemeralContainerStatuses=[], hostIP=54.36.53.206, initContainerStatuses=[], message=null, nominatedNodeName=null, phase=Pending, podIP=null, podIPs=[], qosClass=Burstable, reason=null, startTime=2021-02-03T07:47:58Z, additionalProperties={})
MODIFIED:PodStatus(conditions=[PodCondition(lastProbeTime=null, lastTransitionTime=2021-02-03T07:47:58Z, message=null, reason=null, status=True, type=Initialized, additionalProperties={}), PodCondition(lastProbeTime=null, lastTransitionTime=2021-02-03T07:47:58Z, message=containers with unready status: [de-container], reason=ContainersNotReady, status=False, type=Ready, additionalProperties={}), PodCondition(lastProbeTime=null, lastTransitionTime=null, message=containers with unready status: [de-container], reason=ContainersNotReady, status=False, type=ContainersReady, additionalProperties={}), PodCondition(lastProbeTime=null, lastTransitionTime=2021-02-03T07:47:58Z, message=null, reason=null, status=True, type=PodScheduled, additionalProperties={})], containerStatuses=[ContainerStatus(containerID=docker://cd912082e86cff5c1eaefbb6a13187088e3de8414f6d4871645a60c9a84ed539, image=docker.io/entando/entando-component-manager:6.2.34, imageID=docker-pullable://docker.io/entando/entando-component-manager@sha256:faf8ad1dc9268859047487c65a5caf6399de0d947f5d37d674033e242f027b69, lastState=ContainerState(running=null, terminated=null, waiting=null, additionalProperties={}), name=de-container, ready=false, restartCount=0, started=null, state=ContainerState(running=ContainerStateRunning(startedAt=2021-02-03T07:48:07Z, additionalProperties={}), terminated=null, waiting=null, additionalProperties={}), additionalProperties={})], ephemeralContainerStatuses=[], hostIP=54.36.53.206, initContainerStatuses=[], message=null, nominatedNodeName=null, phase=Running, podIP=10.128.1.96, podIPs=[], qosClass=Burstable, reason=null, startTime=2021-02-03T07:47:58Z, additionalProperties={})
MODIFIED:PodStatus(conditions=[PodCondition(lastProbeTime=null, lastTransitionTime=2021-02-03T07:47:58Z, message=null, reason=null, status=True, type=Initialized, additionalProperties={}), PodCondition(lastProbeTime=null, lastTransitionTime=2021-02-03T07:49:26Z, message=null, reason=null, status=True, type=Ready, additionalProperties={}), PodCondition(lastProbeTime=null, lastTransitionTime=null, message=null, reason=null, status=True, type=ContainersReady, additionalProperties={}), PodCondition(lastProbeTime=null, lastTransitionTime=2021-02-03T07:47:58Z, message=null, reason=null, status=True, type=PodScheduled, additionalProperties={})], containerStatuses=[ContainerStatus(containerID=docker://cd912082e86cff5c1eaefbb6a13187088e3de8414f6d4871645a60c9a84ed539, image=docker.io/entando/entando-component-manager:6.2.34, imageID=docker-pullable://docker.io/entando/entando-component-manager@sha256:faf8ad1dc9268859047487c65a5caf6399de0d947f5d37d674033e242f027b69, lastState=ContainerState(running=null, terminated=null, waiting=null, additionalProperties={}), name=de-container, ready=****, restartCount=0, started=null, state=ContainerState(running=ContainerStateRunning(startedAt=2021-02-03T07:48:07Z, additionalProperties={}), terminated=null, waiting=null, additionalProperties={}), additionalProperties={})], ephemeralContainerStatuses=[], hostIP=54.36.53.206, initContainerStatuses=[], message=null, nominatedNodeName=null, phase=Running, podIP=10.128.1.96, podIPs=[], qosClass=Burstable, reason=null, startTime=2021-02-03T07:47:58Z, additionalProperties={})
Finished: test-entando-acpr25-cm-deployment-5c7679dc57-z8z7l
200:null
[INFO] Tests run: 1, Failures: 0, Errors: 0, Skipped: 0, Time elapsed: 705.873 s - in org.entando.kubernetes.controller.app.interprocesstests.AddEntandoAppWithExternalPostgresqlDatabaseIT
[INFO] Running org.entando.kubernetes.controller.app.interprocesstests.AddEntandoAppWithContainerizedDatabaseIT
Feb 03, 2021 7:49:31 AM org.entando.kubernetes.controller.integrationtest.support.DeletionWaiter lambda$deleteSingleItem$2
WARNING: Deleting deployments  entando-k8s-app-controller-acpr25/test-entando-acpr25-ab-deployment to zero
Feb 03, 2021 7:49:31 AM org.entando.kubernetes.controller.integrationtest.support.DeletionWaiter lambda$deleteSingleItem$2
WARNING: Deleting deployments  entando-k8s-app-controller-acpr25/test-entando-acpr25-ab-deployment
Feb 03, 2021 7:49:31 AM org.entando.kubernetes.controller.integrationtest.support.DeletionWaiter lambda$deleteSingleItem$2
WARNING: Deleting deployments  entando-k8s-app-controller-acpr25/test-entando-acpr25-cm-deployment to zero
Feb 03, 2021 7:49:31 AM org.entando.kubernetes.controller.integrationtest.support.DeletionWaiter lambda$deleteSingleItem$2
WARNING: Deleting deployments  entando-k8s-app-controller-acpr25/test-entando-acpr25-cm-deployment
Feb 03, 2021 7:49:32 AM org.entando.kubernetes.controller.integrationtest.support.DeletionWaiter lambda$deleteSingleItem$2
WARNING: Deleting deployments  entando-k8s-app-controller-acpr25/test-entando-acpr25-server-deployment to zero
Feb 03, 2021 7:49:32 AM org.entando.kubernetes.controller.integrationtest.support.DeletionWaiter lambda$deleteSingleItem$2
WARNING: Deleting deployments  entando-k8s-app-controller-acpr25/test-entando-acpr25-server-deployment
Feb 03, 2021 7:49:32 AM org.entando.kubernetes.controller.integrationtest.support.DeletionWaiter lambda$deleteSingleItem$2
WARNING: Deleting pods  entando-k8s-app-controller-acpr25/test-entando-acpr25-ab-deployment-5bbdd9df6f-4z76n
Feb 03, 2021 7:49:32 AM org.entando.kubernetes.controller.integrationtest.support.DeletionWaiter lambda$deleteSingleItem$2
WARNING: Deleting pods  entando-k8s-app-controller-acpr25/test-entando-acpr25-cm-deployment-5c7679dc57-z8z7l
Feb 03, 2021 7:49:32 AM org.entando.kubernetes.controller.integrationtest.support.DeletionWaiter lambda$deleteSingleItem$2
WARNING: Deleting pods  entando-k8s-app-controller-acpr25/test-entando-acpr25-dbprep-4b06
Feb 03, 2021 7:49:32 AM org.entando.kubernetes.controller.integrationtest.support.DeletionWaiter lambda$deleteSingleItem$2
WARNING: Deleting pods  entando-k8s-app-controller-acpr25/test-entando-acpr25-dbprep-7021
Feb 03, 2021 7:49:33 AM org.entando.kubernetes.controller.integrationtest.support.DeletionWaiter lambda$deleteSingleItem$2
WARNING: Deleting pods  entando-k8s-app-controller-acpr25/test-entando-acpr25-deployer-2846
Feb 03, 2021 7:49:33 AM org.entando.kubernetes.controller.integrationtest.support.DeletionWaiter lambda$deleteSingleItem$2
WARNING: Deleting pods  entando-k8s-app-controller-acpr25/test-entando-acpr25-server-deployment-676b7b89d-ggvgb
Feb 03, 2021 7:49:33 AM org.entando.kubernetes.controller.integrationtest.support.DeletionWaiter lambda$deleteSingleItem$2
WARNING: Deleting pods  entando-k8s-app-controller-acpr25/pg-test
Feb 03, 2021 7:49:35 AM org.entando.kubernetes.controller.integrationtest.support.DeletionWaiter lambda$deleteSingleItem$2
WARNING: Deleting configmaps  entando-k8s-app-controller-acpr25/eci-entando-k8s-app-controller-acpr25-eti-acpr25-connection-config
javax.ws.rs.NotFoundException: HTTP 404 Not Found
!!!!!!!On EntandoApp add!!!!!!!!!
ADDED:PodStatus(conditions=[PodCondition(lastProbeTime=null, lastTransitionTime=2021-02-03T07:49:52Z, message=null, reason=null, status=True, type=PodScheduled, additionalProperties={})], containerStatuses=[], ephemeralContainerStatuses=[], hostIP=null, initContainerStatuses=[], message=null, nominatedNodeName=null, phase=Pending, podIP=null, podIPs=[], qosClass=Burstable, reason=null, startTime=null, additionalProperties={})
MODIFIED:PodStatus(conditions=[PodCondition(lastProbeTime=null, lastTransitionTime=2021-02-03T07:49:52Z, message=null, reason=null, status=True, type=Initialized, additionalProperties={}), PodCondition(lastProbeTime=null, lastTransitionTime=2021-02-03T07:49:52Z, message=containers with unready status: [db-container], reason=ContainersNotReady, status=False, type=Ready, additionalProperties={}), PodCondition(lastProbeTime=null, lastTransitionTime=null, message=containers with unready status: [db-container], reason=ContainersNotReady, status=False, type=ContainersReady, additionalProperties={}), PodCondition(lastProbeTime=null, lastTransitionTime=2021-02-03T07:49:52Z, message=null, reason=null, status=True, type=PodScheduled, additionalProperties={})], containerStatuses=[ContainerStatus(containerID=null, image=docker.io/centos/********ql-12-centos7:latest, imageID=, lastState=ContainerState(running=null, terminated=null, waiting=null, additionalProperties={}), name=db-container, ready=false, restartCount=0, started=null, state=ContainerState(running=null, terminated=null, waiting=ContainerStateWaiting(message=null, reason=ContainerCreating, additionalProperties={}), additionalProperties={}), additionalProperties={})], ephemeralContainerStatuses=[], hostIP=54.36.53.206, initContainerStatuses=[], message=null, nominatedNodeName=null, phase=Pending, podIP=null, podIPs=[], qosClass=Burstable, reason=null, startTime=2021-02-03T07:49:52Z, additionalProperties={})
MODIFIED:PodStatus(conditions=[PodCondition(lastProbeTime=null, lastTransitionTime=2021-02-03T07:49:52Z, message=null, reason=null, status=True, type=Initialized, additionalProperties={}), PodCondition(lastProbeTime=null, lastTransitionTime=2021-02-03T07:49:52Z, message=containers with unready status: [db-container], reason=ContainersNotReady, status=False, type=Ready, additionalProperties={}), PodCondition(lastProbeTime=null, lastTransitionTime=null, message=containers with unready status: [db-container], reason=ContainersNotReady, status=False, type=ContainersReady, additionalProperties={}), PodCondition(lastProbeTime=null, lastTransitionTime=2021-02-03T07:49:52Z, message=null, reason=null, status=True, type=PodScheduled, additionalProperties={})], containerStatuses=[ContainerStatus(containerID=docker://af525e7313c9af1b509fec361ca8663ff8f9f5f4b6f002255d674a75efb2c92b, image=docker.io/centos/********ql-12-centos7:latest, imageID=docker-pullable://docker.io/centos/********ql-12-centos7@sha256:60e10518eaf9888039ce3c4b2542543f68015683c43c9bd4247481541c62fbfc, lastState=ContainerState(running=null, terminated=null, waiting=null, additionalProperties={}), name=db-container, ready=false, restartCount=0, started=null, state=ContainerState(running=ContainerStateRunning(startedAt=2021-02-03T07:50:00Z, additionalProperties={}), terminated=null, waiting=null, additionalProperties={}), additionalProperties={})], ephemeralContainerStatuses=[], hostIP=54.36.53.206, initContainerStatuses=[], message=null, nominatedNodeName=null, phase=Running, podIP=10.128.1.100, podIPs=[], qosClass=Burstable, reason=null, startTime=2021-02-03T07:49:52Z, additionalProperties={})
MODIFIED:PodStatus(conditions=[PodCondition(lastProbeTime=null, lastTransitionTime=2021-02-03T07:49:52Z, message=null, reason=null, status=True, type=Initialized, additionalProperties={}), PodCondition(lastProbeTime=null, lastTransitionTime=2021-02-03T07:49:52Z, message=containers with unready status: [db-container], reason=ContainersNotReady, status=False, type=Ready, additionalProperties={}), PodCondition(lastProbeTime=null, lastTransitionTime=null, message=containers with unready status: [db-container], reason=ContainersNotReady, status=False, type=ContainersReady, additionalProperties={}), PodCondition(lastProbeTime=null, lastTransitionTime=2021-02-03T07:49:52Z, message=null, reason=null, status=True, type=PodScheduled, additionalProperties={})], containerStatuses=[ContainerStatus(containerID=docker://af525e7313c9af1b509fec361ca8663ff8f9f5f4b6f002255d674a75efb2c92b, image=docker.io/centos/********ql-12-centos7:latest, imageID=docker-pullable://docker.io/centos/********ql-12-centos7@sha256:60e10518eaf9888039ce3c4b2542543f68015683c43c9bd4247481541c62fbfc, lastState=ContainerState(running=null, terminated=null, waiting=null, additionalProperties={}), name=db-container, ready=false, restartCount=0, started=null, state=ContainerState(running=null, terminated=ContainerStateTerminated(containerID=docker://af525e7313c9af1b509fec361ca8663ff8f9f5f4b6f002255d674a75efb2c92b, exitCode=1, finishedAt=2021-02-03T07:50:08Z, message=null, reason=Error, signal=null, startedAt=2021-02-03T07:50:00Z, additionalProperties={}), waiting=null, additionalProperties={}), additionalProperties={})], ephemeralContainerStatuses=[], hostIP=54.36.53.206, initContainerStatuses=[], message=null, nominatedNodeName=null, phase=Running, podIP=10.128.1.100, podIPs=[], qosClass=Burstable, reason=null, startTime=2021-02-03T07:49:52Z, additionalProperties={})
Finished: test-entando-acpr25-db-deployment-5df5bf5684-2czxb
[ERROR] Tests run: 1, Failures: 0, Errors: 1, Skipped: 0, Time elapsed: 39.424 s <<< FAILURE! - in org.entando.kubernetes.controller.app.interprocesstests.AddEntandoAppWithContainerizedDatabaseIT
[ERROR] org.entando.kubernetes.controller.app.interprocesstests.AddEntandoAppWithContainerizedDatabaseIT.create  Time elapsed: 38.479 s  <<< ERROR!
java.lang.IllegalStateException: Error during COMPLETED
	at org.entando.kubernetes.controller.app.interprocesstests.AddEntandoAppWithContainerizedDatabaseIT.create(AddEntandoAppWithContainerizedDatabaseIT.java:61)

[INFO] 
[INFO] Results:
[INFO] 
[ERROR] Errors: 
[ERROR]   AddEntandoAppWithContainerizedDatabaseIT.create:61->AddEntandoAppBaseIT.createAndWaitForApp:88 Â» IllegalState
[INFO] 
[ERROR] Tests run: 2, Failures: 0, Errors: 1, Skipped: 0
[INFO] 
[INFO] 
[INFO] --- maven-surefire-report-plugin:3.0.0-M4:failsafe-report-only (integration-tests) @ entando-k8s-app-controller ---
[WARNING] Unable to locate Test Source XRef to link to - DISABLED
[INFO] 
[INFO] --- maven-surefire-report-plugin:3.0.0-M4:report-only (unit-tests) @ entando-k8s-app-controller ---
[WARNING] Unable to locate Test Source XRef to link to - DISABLED
[INFO] 
[INFO] --- maven-failsafe-plugin:3.0.0-M4:verify (run-tests) @ entando-k8s-app-controller ---
[ERROR] There are test failures.

Please refer to /workspace/source/target/failsafe-reports for the individual test results.
Please refer to dump files (if any exist) [date].dump, [date]-***Run[N].dump and [date].dumpstream.
[INFO] 
[INFO] --- maven-site-plugin:3.9.0:site (default-site) @ entando-k8s-app-controller ---
[INFO] configuring report plugin org.apache.maven.plugins:maven-project-info-reports-plugin:3.0.0
[INFO] 9 reports configured for maven-project-info-reports-plugin:3.0.0: dependency-info, distribution-management, index, ci-management, issue-management, licenses, plugins, scm, summary
[INFO] Rendering site with default locale English (en)
[WARNING] Unable to find a URL to the parent project. The parent menu will NOT be added.
[INFO] Relativizing decoration links with respect to localized project URL: https://central.entando.com
[INFO] Rendering content with org.apache.maven.skins:maven-default-skin:jar:1.3 skin.
[INFO] Generating "Dependency Information" report --- maven-project-info-reports-plugin:3.0.0:dependency-info
[INFO] Generating "About" report         --- maven-project-info-reports-plugin:3.0.0:index
[INFO] Generating "Issue Management" report --- maven-project-info-reports-plugin:3.0.0:issue-management
[INFO] Generating "Licenses" report      --- maven-project-info-reports-plugin:3.0.0:licenses
[INFO] Generating "Plugins" report       --- maven-project-info-reports-plugin:3.0.0:plugins
[INFO] Generating "Source Code Management" report --- maven-project-info-reports-plugin:3.0.0:scm
[INFO] Generating "Summary" report       --- maven-project-info-reports-plugin:3.0.0:summary
[INFO] ------------------------------------------------------------------------
[INFO] BUILD SUCCESS
[INFO] ------------------------------------------------------------------------
[INFO] Total time:  12:36 min
[INFO] Finished at: 2021-02-03T07:50:14Z
[INFO] ------------------------------------------------------------------------
error: etcdserver: request is too large
Post-deployment tests failed for entando-k8s-app-controller-PR-25.
  % Total    % Received % Xferd  Average Speed   Time    Time     Time  Current
                                 Dload  Upload   Total   Spent    Left  Speed
  0     0    0     0    0     0      0      0 --:--:-- --:--:-- --:--:--     0100  1869  100  1649  100   220   2191    292 --:--:-- --:--:-- --:--:--  2201
{
  "url": "https://api.github.com/repos/entando-k8s/entando-k8s-app-controller/statuses/53add3257d120670f2c23011b3ff00b463e6e520",
  "avatar_url": "https://avatars.githubusercontent.com/u/57885396?v=4",
  "id": 12052724384,
  "node_id": "MDEzOlN0YXR1c0NvbnRleHQxMjA1MjcyNDM4NA==",
  "state": "failure",
  "description": "Post-deployment tests failure!",
  "target_url": "https://entando-k8s.github.io/devops-results/entando-k8s-app-controller/PR-25/failsafe-report.html",
  "context": "Post-deployment tests",
  "created_at": "2021-02-03T07:50:31Z",
  "updated_at": "2021-02-03T07:50:31Z",
  "creator": {
    "login": "**********",
    "id": 57885396,
    "node_id": "MDQ6VXNlcjU3ODg1Mzk2",
    "avatar_url": "https://avatars.githubusercontent.com/u/57885396?v=4",
    "gravatar_id": "",
    "url": "https://api.github.com/users/**********",
    "html_url": "https://github.com/entando-**",
    "followers_url": "https://api.github.com/users/**********/followers",
    "following_url": "https://api.github.com/users/entando-**/following{/other_user}",
    "gists_url": "https://api.github.com/users/**********/gists{/gist_id}",
    "starred_url": "https://api.github.com/users/**********/starred{/owner}{/repo}",
    "subscriptions_url": "https://api.github.com/users/**********/subscriptions",
    "organizations_url": "https://api.github.com/users/**********/orgs",
    "repos_url": "https://api.github.com/users/**********/repos",
    "events_url": "https://api.github.com/users/**********/events{/privacy}",
    "received_events_url": "https://api.github.com/users/**********/received_events",
    "type": "User",
    "site_*****": false
  }
}
[31m
Pipeline failed on stage 'from-build-pack' : container 'step-promote-run-post-deployment-tests'. The execution of the pipeline has stopped.[0m
