
Showing logs for build [32mentando-k8s-entando-k8s-control-5qr82-4[0m stage [32mfrom-build-pack[0m and container [32mstep-credential-initializer-mlc46[0m
{"level":"warn","ts":1612789686.2216737,"logger":"fallback-logger","caller":"logging/config.go:69","msg":"Fetch GitHub commit ID from kodata failed: \"ref: refs/heads/0.8.0-**-support-backwards-incompats\" is not a valid GitHub commit ID"}
{"level":"info","ts":1612789686.22605,"logger":"fallback-logger","caller":"creds-init/main.go:40","msg":"Credentials initialized."}

Showing logs for build [32mentando-k8s-entando-k8s-control-5qr82-4[0m stage [32mfrom-build-pack[0m and container [32mstep-working-dir-initializer-sldrf[0m
{"level":"warn","ts":1612789690.924336,"logger":"fallback-logger","caller":"logging/config.go:69","msg":"Fetch GitHub commit ID from kodata failed: open /var/run/ko/HEAD: no such file or directory"}
{"level":"info","ts":1612789690.9305637,"logger":"fallback-logger","caller":"bash/main.go:64","msg":"Successfully e**cuted command \"sh -c mkdir -p /workspace/source\"; output "}

Showing logs for build [32mentando-k8s-entando-k8s-control-5qr82-4[0m stage [32mfrom-build-pack[0m and container [32mstep-place-tools[0m

Showing logs for build [32mentando-k8s-entando-k8s-control-5qr82-4[0m stage [32mfrom-build-pack[0m and container [32mstep-git-source-entando-k8s-entando-k8s-control-sm2mm[0m
{"level":"warn","ts":1612789723.2123759,"logger":"fallback-logger","caller":"logging/config.go:69","msg":"Fetch GitHub commit ID from kodata failed: \"ref: refs/heads/0.8.0-**-support-backwards-incompats\" is not a valid GitHub commit ID"}
{"level":"info","ts":1612789724.5430107,"logger":"fallback-logger","caller":"git/git.go:103","msg":"Successfully cloned https://github.com/entando-k8s/entando-k8s-controller-coordinator.git @ master in path /workspace/source"}

Showing logs for build [32mentando-k8s-entando-k8s-control-5qr82-4[0m stage [32mfrom-build-pack[0m and container [32mstep-git-merge[0m
Using SHAs from PULL_REFS=master:56488f4031dfb222efcff6b9234f5953ead00ca9,66:dcfa8af565acbe31d3aeb590efc45dc0ab9c6e7e
DEBUG: ran git fetch --unshallow origin dcfa8af565acbe31d3aeb590efc45dc0ab9c6e7e: 56488f4031dfb222efcff6b9234f5953ead00ca9: in 
DEBUG: ran git checkout master in 
DEBUG: ran git reset --hard 56488f4031dfb222efcff6b9234f5953ead00ca9 in 
DEBUG: ran clean --force -d . in 
DEBUG: ran git merge dcfa8af565acbe31d3aeb590efc45dc0ab9c6e7e in 
Merged SHA dcfa8af565acbe31d3aeb590efc45dc0ab9c6e7e with commit message 'ENG-1736 trying to fix tests' into base branch master
Merged SHA 38b2331c61a651dd0a85ab1af3a0095d22ef4ec7 with commit message 'ENG-1736 refined tests and upgrading resources now' into base branch master
Merged SHA c46a27e01018129633ecca087bb4a63a3f3fad42 with commit message 'ENG-1736 contains all releasable images' into base branch master
Merged SHA 7c71156293cb98e18db6d8f806c74573ad2f6d27 with commit message 'ENG-1742 some final changes before release' into base branch master
Merged SHA a151af6a5173e81b03a8a0a09ec648f0f986fe7c with commit message 'ENG-1737 using latest parent and common libraries' into base branch master
Merged SHA ee0835df22a1c642b326a8f4c503da3ae3c085b4 with commit message 'ENG-1737 using latest parent and common libraries' into base branch master
Merged SHA 4b693106330be66db3de8540f4afb529080b330f with commit message 'ENG-1737 bumped to latest everything' into base branch master
Merged SHA 08220f0ac98f245bfd6f128c98bae2d46c999618 with commit message 'ENG-1737 bumped to latest everything' into base branch master
Merged SHA 4c747de83e3b0cd5e4fcfc8b1f120eac74ad3c7f with commit message 'FIx' into base branch master
Merged SHA 0399d97ad133a6727d0f53f7a4ce276ba5ae3b95 with commit message 'ENG-1737 disabled some tests to troubleshoot' into base branch master
Merged SHA 4bbca34887e99ea62bff638d9aa36966d57b21c2 with commit message 'ENG-1737 cleaned up all the other projects for the latest operator-common' into base branch master
Merged SHA 9c51af8326140199977b2bc85e78cd11a4d5708b with commit message 'ENG-1737 bumped to latest images and operator-common' into base branch master
Merged SHA f0dbc486d95bd8a7ee145d35e8801d58b0d71098 with commit message 'ENG-1737 bumped to latest images' into base branch master
Merged SHA 82b12c2eb9b1d83a203cc76060a97d2fae1c15ea with commit message 'ENG-1743 added EntandodatabaseService' into base branch master
Merged SHA 4bc9aee7440354b09ace36818ebf64cc7a5d6eb0 with commit message 'ENG-1742 added plugin observation' into base branch master
Merged SHA 753c274ea738e5890122a82a267afd97cb250b2f with commit message 'ENG-1737 refined integration test' into base branch master
Merged SHA 8de88f96b7c0e90c25f81f6b5eed54afc790c893 with commit message 'ENG-1737 fi**d preview environment variables' into base branch master
Merged SHA d7274a92b930c188cf067c47179e58bb301cceeb with commit message 'ENG-1737 fi**d integration tests' into base branch master
Merged SHA 47ee233662ae5804c1a46f20f91e19070fabd501 with commit message 'ENG-1737 added latest controller images' into base branch master
Merged SHA 993a8440a424a144a08ee22febc85264a33fcfa2 with commit message 'ENG-1737 activated more tests' into base branch master
Merged SHA 8b726e65bece485ee4de990dbf1b16fc72050cad with commit message 'Merge remote-tracking branch 'origin/master' into ENG-1737_redhat_certification' into base branch master
Merged SHA 9950fd5cd5a7b843dbe65913286c1bcba469967c with commit message 'ENG-1737 disabled all resources other than Keycloak' into base branch master
Merged SHA bc70a257bfd48cc0f2bbab88801267f523608087 with commit message 'ENG-1737 disabled all resources other than Keycloak' into base branch master
Merged SHA 1799324dac35bfe57b74a93db5736572f18a5adc with commit message 'ENG-1737 refined end to end tests' into base branch master
Merged SHA 35e372cd3caca75d1107015ae229f1a455fe7f0e with commit message 'ENG-1737 refined end to end tests' into base branch master
Merged SHA 9adc6d6e5c00d7a98664bccbbcd0405f95913e02 with commit message 'ENG-1737 refined end to end tests' into base branch master
Merged SHA a9279d38c27eee542b0933fb2ff2f5bec4afdbe3 with commit message 'ENG-1737 corrected imagePullSecrets' into base branch master
Merged SHA 4038ea403aec2728c0f936bca527f1794f87e16d with commit message 'ENG-1737 corrected imagePullSecrets' into base branch master
Merged SHA b176f0aa77bf489e666be6563a63c8e2ae2e2a62 with commit message 'ENG-1737 corrected imagePullSecrets' into base branch master
Merged SHA 5e1fa5e2bd0b04decefa741cad9ffa558a876ba7 with commit message 'ENG-1737 corrected imagePullSecrets' into base branch master
Merged SHA bf55aa2d88ba567dc439d371b41d4b4356ff57a9 with commit message 'ENG-1737 corrected imagePullSecrets' into base branch master
Merged SHA f51bb1bf370f01e320dc837dde08b0df75a49108 with commit message 'ENG-1737 refined makefile' into base branch master
Merged SHA 6d407c115eea91bc64219a50ee9c053de578e7fa with commit message 'ENG-1737 refined makefile' into base branch master
Merged SHA 83a63594581e7ddaa072132c2ea32ac0c138f919 with commit message 'ENG-1737 refined makefile' into base branch master
Merged SHA 4b743b9af189d497b4056c1b50a1efe235532009 with commit message 'ENG-1737 creating redhat-registry secret now' into base branch master
Merged SHA 4f957185af7bfcf11895f9af4958576b4a6b9206 with commit message 'ENG-1737_redhat_certification' into base branch master
Merged SHA 07ab73651af89d399eb3923a30f43346206c64d3 with commit message 'ENG-1737 end to end test for Keycloak' into base branch master
Merged SHA e97722d152b66c25dfb1d813c402ee0102824dd8 with commit message 'ENG-1737 pointing to latest operator-common' into base branch master

Showing logs for build [32mentando-k8s-entando-k8s-control-5qr82-4[0m stage [32mfrom-build-pack[0m and container [32mstep-build-set-version[0m
Picked up _JAVA_OPTIONS: -XX:+UnlockExperimentalVMOptions -Dsun.zip.disableMemoryMapping=**** -XX:+UseParallelGC -XX:MinHeapFreeRatio=5 -XX:MaxHeapFreeRatio=10 -XX:GCTimeRatio=4 -XX:AdaptiveSizePolicyWeight=90 -Xms1000m -Xmx12000m
[INFO] Scanning for projects...
[INFO] 
[INFO] -----------< org.entando:entando-k8s-controller-coordinator >-----------
[INFO] Building Entando K8S Controller Coordinator 6.3.0-SNAPSHOT
[INFO] --------------------------------[ jar ]---------------------------------
[INFO] 
[INFO] --- versions-maven-plugin:2.8.1:set (default-cli) @ entando-k8s-controller-coordinator ---
[INFO] Local aggregation ****: /workspace/source
[INFO] Processing change of org.entando:entando-k8s-controller-coordinator:6.3.0-SNAPSHOT -> 0.0.0-SNAPSHOT-PR-66-4
[INFO] Processing org.entando:entando-k8s-controller-coordinator
[INFO]     Updating project org.entando:entando-k8s-controller-coordinator
[INFO]         from version 6.3.0-SNAPSHOT to 0.0.0-SNAPSHOT-PR-66-4
[INFO] 
[INFO] ------------------------------------------------------------------------
[INFO] BUILD SUCCESS
[INFO] ------------------------------------------------------------------------
[INFO] Total time:  9.512 s
[INFO] Finished at: 2021-02-08T13:08:59Z
[INFO] ------------------------------------------------------------------------

Showing logs for build [32mentando-k8s-entando-k8s-control-5qr82-4[0m stage [32mfrom-build-pack[0m and container [32mstep-build-fix-git-for-sonar[0m
M	pom.xml
Switched to a new branch 'PR-66'
Deleted branch master (was dcfa8af).
From https://github.com/entando-k8s/entando-k8s-controller-coordinator
 * [new branch]      master                  -> master
 * [new tag]         Entando6.2.1-pre-test01 -> Entando6.2.1-pre-test01

Showing logs for build [32mentando-k8s-entando-k8s-control-5qr82-4[0m stage [32mfrom-build-pack[0m and container [32mstep-build-mvn-verify-pr[0m
Picked up _JAVA_OPTIONS: -XX:+UnlockExperimentalVMOptions -Dsun.zip.disableMemoryMapping=**** -XX:+UseParallelGC -XX:MinHeapFreeRatio=5 -XX:MaxHeapFreeRatio=10 -XX:GCTimeRatio=4 -XX:AdaptiveSizePolicyWeight=90 -Xms1000m -Xmx12000m
[INFO] Scanning for projects...
[INFO] 
[INFO] -----------< org.entando:entando-k8s-controller-coordinator >-----------
[INFO] Building Entando K8S Controller Coordinator 0.0.0-SNAPSHOT-PR-66-4
[INFO] --------------------------------[ jar ]---------------------------------
[INFO] 
[INFO] --- maven-checkstyle-plugin:3.1.1:check (validate) @ entando-k8s-controller-coordinator ---
[INFO] Starting audit...
Audit done.
[INFO] You have 0 Checkstyle violations.
[INFO] 
[INFO] --- maven-checkstyle-plugin:3.1.1:checkstyle (validate) @ entando-k8s-controller-coordinator ---
[INFO] Starting audit...
Audit done.
[INFO] 
[INFO] --- jacoco-maven-plugin:0.8.5:prepare-agent (prepare-agent) @ entando-k8s-controller-coordinator ---
[INFO] argLine set to -javaagent:/home/jenkins/.mvnrepository/org/jacoco/org.jacoco.agent/0.8.5/org.jacoco.agent-0.8.5-runtime.jar=destfile=/workspace/source/target/jacoco.e**c
[INFO] 
[INFO] --- maven-resources-plugin:2.6:resources (default-resources) @ entando-k8s-controller-coordinator ---
[INFO] Using 'UTF-8' encoding to copy filtered resources.
[INFO] Copying 3 resources
[INFO] 
[INFO] --- maven-compiler-plugin:3.8.1:compile (default-compile) @ entando-k8s-controller-coordinator ---
[INFO] Changes detected - recompiling the module!
[INFO] Compiling 7 source files to /workspace/source/target/classes
[INFO] 
[INFO] --- maven-resources-plugin:2.6:testResources (default-testResources) @ entando-k8s-controller-coordinator ---
[INFO] Using 'UTF-8' encoding to copy filtered resources.
[INFO] Copying 6 resources
[INFO] 
[INFO] --- maven-compiler-plugin:3.8.1:testCompile (default-testCompile) @ entando-k8s-controller-coordinator ---
[INFO] Changes detected - recompiling the module!
[INFO] Compiling 8 source files to /workspace/source/target/test-classes
[INFO] 
[INFO] --- maven-surefire-plugin:3.0.0-M1:test (default-test) @ entando-k8s-controller-coordinator ---
[INFO] 
[INFO] -------------------------------------------------------
[INFO]  T E S T S
[INFO] -------------------------------------------------------
[INFO] Running org.entando.kubernetes.controller.coordinator.inprocesstests.EntandoOperatorMatcherTest
Feb 08, 2021 1:09:24 PM org.entando.kubernetes.controller.coordinator.EntandoOperatorMatcher matchesThisOperator
WARNING: Operator ID mismatch. Ignoring resource EntandoApp:null/null
Feb 08, 2021 1:09:24 PM org.entando.kubernetes.controller.coordinator.EntandoOperatorMatcher matchesThisOperator
WARNING: Operator version mismatch. Ignoring resource EntandoApp:null/null
Feb 08, 2021 1:09:24 PM org.entando.kubernetes.controller.coordinator.EntandoOperatorMatcher matchesThisOperator
WARNING: Operator ID mismatch. Ignoring resource EntandoApp:null/null
Feb 08, 2021 1:09:24 PM org.entando.kubernetes.controller.coordinator.EntandoOperatorMatcher matchesThisOperator
WARNING: Operator ID mismatch. Ignoring resource EntandoApp:null/null
[INFO] Tests run: 7, Failures: 0, Errors: 0, Skipped: 0, Time elapsed: 0.229 s - in org.entando.kubernetes.controller.coordinator.inprocesstests.EntandoOperatorMatcherTest
[INFO] Running org.entando.kubernetes.controller.coordinator.inprocesstests.ControllerCoordinatorEdgeConditionsTest
Feb 08, 2021 1:09:26 PM org.entando.kubernetes.controller.coordinator.EntandoResourceObserver logResource
INFO: Received ADDED for the EntandoKeycloakServer entando-k8s-controller-coordinator-carcpr66/test-keycloak
Feb 08, 2021 1:09:46 PM org.entando.kubernetes.controller.coordinator.EntandoResourceObserver logResource
INFO: Received MODIFIED for the EntandoKeycloakServer entando-k8s-controller-coordinator-carcpr66/test-keycloak
Feb 08, 2021 1:10:07 PM org.entando.kubernetes.controller.coordinator.EntandoResourceObserver logResource
INFO: Received MODIFIED for the EntandoKeycloakServer entando-k8s-controller-coordinator-carcpr66/test-keycloak
Feb 08, 2021 1:10:27 PM org.entando.kubernetes.controller.coordinator.EntandoResourceObserver logResource
INFO: Received MODIFIED for the EntandoKeycloakServer entando-k8s-controller-coordinator-carcpr66/test-keycloak
Feb 08, 2021 1:10:47 PM org.entando.kubernetes.controller.coordinator.EntandoResourceObserver logResource
INFO: Received MODIFIED for the EntandoKeycloakServer entando-k8s-controller-coordinator-carcpr66/test-keycloak
Feb 08, 2021 1:11:07 PM org.entando.kubernetes.controller.coordinator.EntandoResourceObserver logResource
INFO: Received MODIFIED for the EntandoDeBundle entando-k8s-controller-coordinator-carcpr66/my-de-bundle
Feb 08, 2021 1:11:07 PM org.entando.kubernetes.controller.coordinator.EntandoResourceObserver logResource
INFO: Received MODIFIED for the EntandoKeycloakServer entando-k8s-controller-coordinator-carcpr66/test-keycloak
[ERROR] Tests run: 10, Failures: 0, Errors: 6, Skipped: 0, Time elapsed: 123.558 s <<< FAILURE! - in org.entando.kubernetes.controller.coordinator.inprocesstests.ControllerCoordinatorEdgeConditionsTest
[ERROR] testDuplicatesIgnored  Time elapsed: 20.301 s  <<< ERROR!
org.awaitility.core.ConditionTimeoutException: Condition with lambda expression in org.entando.kubernetes.controller.coordinator.inprocesstests.ControllerCoordinatorEdgeConditionsTest was not fulfilled within 20 seconds.
	at org.entando.kubernetes.controller.coordinator.inprocesstests.ControllerCoordinatorEdgeConditionsTest.testDuplicatesIgnored(ControllerCoordinatorEdgeConditionsTest.java:103)

[ERROR] testGenerationObservedIsBehind  Time elapsed: 20.189 s  <<< ERROR!
org.awaitility.core.ConditionTimeoutException: Condition with lambda expression in org.entando.kubernetes.controller.coordinator.inprocesstests.ControllerCoordinatorEdgeConditionsTest was not fulfilled within 20 seconds.
	at org.entando.kubernetes.controller.coordinator.inprocesstests.ControllerCoordinatorEdgeConditionsTest.testGenerationObservedIsBehind(ControllerCoordinatorEdgeConditionsTest.java:224)

[ERROR] testGenerationObservedIsCurrentButForceInstructed  Time elapsed: 20.218 s  <<< ERROR!
org.awaitility.core.ConditionTimeoutException: Condition with lambda expression in org.entando.kubernetes.controller.coordinator.inprocesstests.ControllerCoordinatorEdgeConditionsTest was not fulfilled within 20 seconds.
	at org.entando.kubernetes.controller.coordinator.inprocesstests.ControllerCoordinatorEdgeConditionsTest.testGenerationObservedIsCurrentButForceInstructed(ControllerCoordinatorEdgeConditionsTest.java:203)

[ERROR] testProcessedByVersion  Time elapsed: 20.221 s  <<< ERROR!
org.awaitility.core.ConditionTimeoutException: Condition with lambda expression in org.entando.kubernetes.controller.coordinator.inprocesstests.ControllerCoordinatorEdgeConditionsTest was not fulfilled within 20 seconds.
	at org.entando.kubernetes.controller.coordinator.inprocesstests.ControllerCoordinatorEdgeConditionsTest.testProcessedByVersion(ControllerCoordinatorEdgeConditionsTest.java:241)

[ERROR] testUpgrade  Time elapsed: 20.223 s  <<< ERROR!
org.awaitility.core.ConditionTimeoutException: Condition with lambda expression in org.entando.kubernetes.controller.coordinator.inprocesstests.ControllerCoordinatorEdgeConditionsTest was not fulfilled within 20 seconds.
	at org.entando.kubernetes.controller.coordinator.inprocesstests.ControllerCoordinatorEdgeConditionsTest.testUpgrade(ControllerCoordinatorEdgeConditionsTest.java:273)

[ERROR] testExistingResourcesProcessed  Time elapsed: 20.213 s  <<< ERROR!
org.awaitility.core.ConditionTimeoutException: Condition with lambda expression in org.entando.kubernetes.controller.coordinator.inprocesstests.ControllerCoordinatorEdgeConditionsTest was not fulfilled within 20 seconds.
	at org.entando.kubernetes.controller.coordinator.inprocesstests.ControllerCoordinatorEdgeConditionsTest.testExistingResourcesProcessed(ControllerCoordinatorEdgeConditionsTest.java:89)

[INFO] Running org.entando.kubernetes.controller.coordinator.inprocesstests.ControllerCoordinatorMockedTest
Feb 08, 2021 1:11:29 PM okhttp3.mockwebserver.MockWebServer$2 e**cute
INFO: MockWebServer[49276] starting to accept connections
Feb 08, 2021 1:11:29 PM okhttp3.mockwebserver.MockWebServer$3 processOneRequest
INFO: MockWebServer[49276] received request: GET /apis/apiextensions.k8s.io/v1beta1/customresourcedefinitions/entandokeycloakservers.entando.org HTTP/1.1 and responded: HTTP/1.1 404 Client Error
Feb 08, 2021 1:11:30 PM okhttp3.mockwebserver.MockWebServer$3 processOneRequest
INFO: MockWebServer[49276] received request: POST /apis/apiextensions.k8s.io/v1beta1/customresourcedefinitions HTTP/1.1 and responded: HTTP/1.1 202 OK
Feb 08, 2021 1:11:30 PM okhttp3.mockwebserver.MockWebServer$3 processOneRequest
INFO: MockWebServer[49276] received request: GET /api/v1/namespaces/entando-k8s-controller-coordinator-carcpr66 HTTP/1.1 and responded: HTTP/1.1 404 Client Error
Feb 08, 2021 1:11:30 PM okhttp3.mockwebserver.MockWebServer$3 processOneRequest
INFO: MockWebServer[49276] received request: GET /apis/entando.org/v1/namespaces/default/entandokeycloakservers HTTP/1.1 and responded: HTTP/1.1 200 OK
Feb 08, 2021 1:11:30 PM okhttp3.mockwebserver.MockWebServer$3 processOneRequest
INFO: MockWebServer[49276] received request: GET /api/v1/namespaces/entando-k8s-controller-coordinator-carcpr66 HTTP/1.1 and responded: HTTP/1.1 404 Client Error
Feb 08, 2021 1:11:30 PM okhttp3.mockwebserver.MockWebServer$3 processOneRequest
INFO: MockWebServer[49276] received request: GET /apis/entando.org/v1/namespaces/default/entandokeycloakservers HTTP/1.1 and responded: HTTP/1.1 200 OK
Feb 08, 2021 1:11:30 PM okhttp3.mockwebserver.MockWebServer$3 processOneRequest
INFO: MockWebServer[49276] received request: GET /apis/entando.org/v1/namespaces/entando-k8s-controller-coordinator-carcpr66/entandokeycloakservers HTTP/1.1 and responded: HTTP/1.1 200 OK
Feb 08, 2021 1:11:30 PM okhttp3.mockwebserver.MockWebServer$3 processOneRequest
INFO: MockWebServer[49276] received request: GET /apis/entando.org/v1/namespaces/entando-k8s-controller-coordinator-carcpr66/entandokeycloakservers?watch=**** HTTP/1.1 and responded: HTTP/1.1 200 OK
Feb 08, 2021 1:11:30 PM okhttp3.mockwebserver.MockWebServer$3 processOneRequest
INFO: MockWebServer[49276] received request: GET /apis/entando.org/v1/namespaces/entando-k8s-controller-coordinator-carcpr66/entandokeycloakservers?watch=**** HTTP/1.1 and responded: HTTP/1.1 200 OK
Feb 08, 2021 1:11:30 PM okhttp3.mockwebserver.MockWebServer$3 processOneRequest
INFO: MockWebServer[49276] received request: GET /apis/apiextensions.k8s.io/v1beta1/customresourcedefinitions/entandoclusterinfrastructures.entando.org HTTP/1.1 and responded: HTTP/1.1 404 Client Error
Feb 08, 2021 1:11:30 PM io.fabric8.kubernetes.client.dsl.internal.WatchHTTPManager$1 onResponse
INFO: Watch terminated unexpectedly. reason: \n not found: limit=46 content=7b2261706956657273696f6e223a227631222c226b696e64223a224c69737422â€¦
Feb 08, 2021 1:11:31 PM okhttp3.mockwebserver.MockWebServer$3 processOneRequest
INFO: MockWebServer[49276] received request: POST /apis/apiextensions.k8s.io/v1beta1/customresourcedefinitions HTTP/1.1 and responded: HTTP/1.1 202 OK
Feb 08, 2021 1:11:31 PM okhttp3.mockwebserver.MockWebServer$3 processOneRequest
INFO: MockWebServer[49276] received request: GET /api/v1/namespaces/entando-k8s-controller-coordinator-carcpr66 HTTP/1.1 and responded: HTTP/1.1 404 Client Error
Feb 08, 2021 1:11:31 PM okhttp3.mockwebserver.MockWebServer$3 processOneRequest
INFO: MockWebServer[49276] received request: GET /apis/entando.org/v1/namespaces/default/entandoclusterinfrastructures HTTP/1.1 and responded: HTTP/1.1 200 OK
Feb 08, 2021 1:11:31 PM okhttp3.mockwebserver.MockWebServer$3 processOneRequest
INFO: MockWebServer[49276] received request: GET /api/v1/namespaces/entando-k8s-controller-coordinator-carcpr66 HTTP/1.1 and responded: HTTP/1.1 404 Client Error
Feb 08, 2021 1:11:31 PM okhttp3.mockwebserver.MockWebServer$3 processOneRequest
INFO: MockWebServer[49276] received request: GET /apis/entando.org/v1/namespaces/default/entandoclusterinfrastructures HTTP/1.1 and responded: HTTP/1.1 200 OK
Feb 08, 2021 1:11:31 PM okhttp3.mockwebserver.MockWebServer$3 processOneRequest
INFO: MockWebServer[49276] received request: GET /apis/entando.org/v1/namespaces/entando-k8s-controller-coordinator-carcpr66/entandoclusterinfrastructures HTTP/1.1 and responded: HTTP/1.1 200 OK
Feb 08, 2021 1:11:31 PM okhttp3.mockwebserver.MockWebServer$3 processOneRequest
INFO: MockWebServer[49276] received request: GET /apis/entando.org/v1/namespaces/entando-k8s-controller-coordinator-carcpr66/entandoclusterinfrastructures?watch=**** HTTP/1.1 and responded: HTTP/1.1 200 OK
Feb 08, 2021 1:11:31 PM okhttp3.mockwebserver.MockWebServer$3 processOneRequest
INFO: MockWebServer[49276] received request: GET /apis/entando.org/v1/namespaces/entando-k8s-controller-coordinator-carcpr66/entandoclusterinfrastructures?watch=**** HTTP/1.1 and responded: HTTP/1.1 200 OK
Feb 08, 2021 1:11:31 PM okhttp3.mockwebserver.MockWebServer$3 processOneRequest
INFO: MockWebServer[49276] received request: GET /apis/apiextensions.k8s.io/v1beta1/customresourcedefinitions/entandoplugins.entando.org HTTP/1.1 and responded: HTTP/1.1 404 Client Error
Feb 08, 2021 1:11:31 PM io.fabric8.kubernetes.client.dsl.internal.WatchHTTPManager$1 onResponse
INFO: Watch terminated unexpectedly. reason: \n not found: limit=46 content=7b2261706956657273696f6e223a227631222c226b696e64223a224c69737422â€¦
Feb 08, 2021 1:11:31 PM okhttp3.mockwebserver.MockWebServer$3 processOneRequest
INFO: MockWebServer[49276] received request: POST /apis/apiextensions.k8s.io/v1beta1/customresourcedefinitions HTTP/1.1 and responded: HTTP/1.1 202 OK
Feb 08, 2021 1:11:31 PM okhttp3.mockwebserver.MockWebServer$3 processOneRequest
INFO: MockWebServer[49276] received request: GET /api/v1/namespaces/entando-k8s-controller-coordinator-carcpr66 HTTP/1.1 and responded: HTTP/1.1 404 Client Error
Feb 08, 2021 1:11:31 PM okhttp3.mockwebserver.MockWebServer$3 processOneRequest
INFO: MockWebServer[49276] received request: GET /apis/entando.org/v1/namespaces/default/entandoplugins HTTP/1.1 and responded: HTTP/1.1 200 OK
Feb 08, 2021 1:11:31 PM okhttp3.mockwebserver.MockWebServer$3 processOneRequest
INFO: MockWebServer[49276] received request: GET /api/v1/namespaces/entando-k8s-controller-coordinator-carcpr66 HTTP/1.1 and responded: HTTP/1.1 404 Client Error
Feb 08, 2021 1:11:32 PM okhttp3.mockwebserver.MockWebServer$3 processOneRequest
INFO: MockWebServer[49276] received request: GET /apis/entando.org/v1/namespaces/entando-k8s-controller-coordinator-carcpr66/entandokeycloakservers?watch=**** HTTP/1.1 and responded: HTTP/1.1 200 OK
Feb 08, 2021 1:11:32 PM okhttp3.mockwebserver.MockWebServer$3 processOneRequest
INFO: MockWebServer[49276] received request: GET /apis/entando.org/v1/namespaces/default/entandoplugins HTTP/1.1 and responded: HTTP/1.1 200 OK
Feb 08, 2021 1:11:32 PM io.fabric8.kubernetes.client.dsl.internal.WatchHTTPManager$1 onResponse
INFO: Watch terminated unexpectedly. reason: \n not found: limit=46 content=7b2261706956657273696f6e223a227631222c226b696e64223a224c69737422â€¦
Feb 08, 2021 1:11:32 PM okhttp3.mockwebserver.MockWebServer$3 processOneRequest
INFO: MockWebServer[49276] received request: GET /apis/entando.org/v1/namespaces/entando-k8s-controller-coordinator-carcpr66/entandoplugins HTTP/1.1 and responded: HTTP/1.1 200 OK
Feb 08, 2021 1:11:32 PM okhttp3.mockwebserver.MockWebServer$3 processOneRequest
INFO: MockWebServer[49276] received request: GET /apis/entando.org/v1/namespaces/entando-k8s-controller-coordinator-carcpr66/entandoplugins?watch=**** HTTP/1.1 and responded: HTTP/1.1 200 OK
Feb 08, 2021 1:11:32 PM okhttp3.mockwebserver.MockWebServer$3 processOneRequest
INFO: MockWebServer[49276] received request: GET /apis/entando.org/v1/namespaces/entando-k8s-controller-coordinator-carcpr66/entandoplugins?watch=**** HTTP/1.1 and responded: HTTP/1.1 200 OK
Feb 08, 2021 1:11:32 PM okhttp3.mockwebserver.MockWebServer$3 processOneRequest
INFO: MockWebServer[49276] received request: GET /apis/apiextensions.k8s.io/v1beta1/customresourcedefinitions/entandocompositeapps.entando.org HTTP/1.1 and responded: HTTP/1.1 404 Client Error
Feb 08, 2021 1:11:32 PM io.fabric8.kubernetes.client.dsl.internal.WatchHTTPManager$1 onResponse
INFO: Watch terminated unexpectedly. reason: \n not found: limit=46 content=7b2261706956657273696f6e223a227631222c226b696e64223a224c69737422â€¦
Feb 08, 2021 1:11:32 PM okhttp3.mockwebserver.MockWebServer$3 processOneRequest
INFO: MockWebServer[49276] received request: POST /apis/apiextensions.k8s.io/v1beta1/customresourcedefinitions HTTP/1.1 and responded: HTTP/1.1 202 OK
Feb 08, 2021 1:11:32 PM okhttp3.mockwebserver.MockWebServer$3 processOneRequest
INFO: MockWebServer[49276] received request: GET /api/v1/namespaces/entando-k8s-controller-coordinator-carcpr66 HTTP/1.1 and responded: HTTP/1.1 404 Client Error
Feb 08, 2021 1:11:32 PM okhttp3.mockwebserver.MockWebServer$3 processOneRequest
INFO: MockWebServer[49276] received request: GET /apis/entando.org/v1/namespaces/default/entandocompositeapps HTTP/1.1 and responded: HTTP/1.1 200 OK
Feb 08, 2021 1:11:32 PM okhttp3.mockwebserver.MockWebServer$3 processOneRequest
INFO: MockWebServer[49276] received request: GET /api/v1/namespaces/entando-k8s-controller-coordinator-carcpr66 HTTP/1.1 and responded: HTTP/1.1 404 Client Error
Feb 08, 2021 1:11:32 PM okhttp3.mockwebserver.MockWebServer$3 processOneRequest
INFO: MockWebServer[49276] received request: GET /apis/entando.org/v1/namespaces/default/entandocompositeapps HTTP/1.1 and responded: HTTP/1.1 200 OK
Feb 08, 2021 1:11:32 PM io.fabric8.kubernetes.client.dsl.internal.WatchHTTPManager$1 onResponse
INFO: Watch terminated unexpectedly. reason: \n not found: limit=46 content=7b2261706956657273696f6e223a227631222c226b696e64223a224c69737422â€¦
Feb 08, 2021 1:11:32 PM okhttp3.mockwebserver.MockWebServer$3 processOneRequest
INFO: MockWebServer[49276] received request: GET /apis/entando.org/v1/namespaces/entando-k8s-controller-coordinator-carcpr66/entandoclusterinfrastructures?watch=**** HTTP/1.1 and responded: HTTP/1.1 200 OK
Feb 08, 2021 1:11:32 PM okhttp3.mockwebserver.MockWebServer$3 processOneRequest
INFO: MockWebServer[49276] received request: GET /apis/entando.org/v1/namespaces/entando-k8s-controller-coordinator-carcpr66/entandocompositeapps HTTP/1.1 and responded: HTTP/1.1 200 OK
Feb 08, 2021 1:11:32 PM okhttp3.mockwebserver.MockWebServer$3 processOneRequest
INFO: MockWebServer[49276] received request: GET /apis/entando.org/v1/namespaces/entando-k8s-controller-coordinator-carcpr66/entandocompositeapps?watch=**** HTTP/1.1 and responded: HTTP/1.1 200 OK
Feb 08, 2021 1:11:32 PM okhttp3.mockwebserver.MockWebServer$3 processOneRequest
INFO: MockWebServer[49276] received request: GET /apis/entando.org/v1/namespaces/entando-k8s-controller-coordinator-carcpr66/entandocompositeapps?watch=**** HTTP/1.1 and responded: HTTP/1.1 200 OK
Feb 08, 2021 1:11:32 PM okhttp3.mockwebserver.MockWebServer$3 processOneRequest
INFO: MockWebServer[49276] received request: GET /apis/apiextensions.k8s.io/v1beta1/customresourcedefinitions/entandodatabaseservices.entando.org HTTP/1.1 and responded: HTTP/1.1 404 Client Error
Feb 08, 2021 1:11:32 PM io.fabric8.kubernetes.client.dsl.internal.WatchHTTPManager$1 onResponse
INFO: Watch terminated unexpectedly. reason: \n not found: limit=46 content=7b2261706956657273696f6e223a227631222c226b696e64223a224c69737422â€¦
Feb 08, 2021 1:11:32 PM okhttp3.mockwebserver.MockWebServer$3 processOneRequest
INFO: MockWebServer[49276] received request: POST /apis/apiextensions.k8s.io/v1beta1/customresourcedefinitions HTTP/1.1 and responded: HTTP/1.1 202 OK
Feb 08, 2021 1:11:33 PM okhttp3.mockwebserver.MockWebServer$3 processOneRequest
INFO: MockWebServer[49276] received request: GET /api/v1/namespaces/entando-k8s-controller-coordinator-carcpr66 HTTP/1.1 and responded: HTTP/1.1 404 Client Error
Feb 08, 2021 1:11:33 PM okhttp3.mockwebserver.MockWebServer$3 processOneRequest
INFO: MockWebServer[49276] received request: GET /apis/entando.org/v1/namespaces/default/entandodatabaseservices HTTP/1.1 and responded: HTTP/1.1 200 OK
Feb 08, 2021 1:11:33 PM okhttp3.mockwebserver.MockWebServer$3 processOneRequest
INFO: MockWebServer[49276] received request: GET /api/v1/namespaces/entando-k8s-controller-coordinator-carcpr66 HTTP/1.1 and responded: HTTP/1.1 404 Client Error
Feb 08, 2021 1:11:33 PM okhttp3.mockwebserver.MockWebServer$3 processOneRequest
INFO: MockWebServer[49276] received request: GET /apis/entando.org/v1/namespaces/default/entandodatabaseservices HTTP/1.1 and responded: HTTP/1.1 200 OK
Feb 08, 2021 1:11:33 PM io.fabric8.kubernetes.client.dsl.internal.WatchHTTPManager$1 onResponse
INFO: Watch terminated unexpectedly. reason: \n not found: limit=46 content=7b2261706956657273696f6e223a227631222c226b696e64223a224c69737422â€¦
Feb 08, 2021 1:11:33 PM okhttp3.mockwebserver.MockWebServer$3 processOneRequest
INFO: MockWebServer[49276] received request: GET /apis/entando.org/v1/namespaces/entando-k8s-controller-coordinator-carcpr66/entandoplugins?watch=**** HTTP/1.1 and responded: HTTP/1.1 200 OK
Feb 08, 2021 1:11:33 PM okhttp3.mockwebserver.MockWebServer$3 processOneRequest
INFO: MockWebServer[49276] received request: GET /apis/entando.org/v1/namespaces/entando-k8s-controller-coordinator-carcpr66/entandodatabaseservices HTTP/1.1 and responded: HTTP/1.1 200 OK
Feb 08, 2021 1:11:33 PM okhttp3.mockwebserver.MockWebServer$3 processOneRequest
INFO: MockWebServer[49276] received request: GET /apis/entando.org/v1/namespaces/entando-k8s-controller-coordinator-carcpr66/entandodatabaseservices?watch=**** HTTP/1.1 and responded: HTTP/1.1 200 OK
Feb 08, 2021 1:11:33 PM okhttp3.mockwebserver.MockWebServer$3 processOneRequest
INFO: MockWebServer[49276] received request: GET /apis/entando.org/v1/namespaces/entando-k8s-controller-coordinator-carcpr66/entandodatabaseservices?watch=**** HTTP/1.1 and responded: HTTP/1.1 200 OK
Feb 08, 2021 1:11:33 PM okhttp3.mockwebserver.MockWebServer$3 processOneRequest
INFO: MockWebServer[49276] received request: GET /apis/apiextensions.k8s.io/v1beta1/customresourcedefinitions/entandoapps.entando.org HTTP/1.1 and responded: HTTP/1.1 404 Client Error
Feb 08, 2021 1:11:33 PM io.fabric8.kubernetes.client.dsl.internal.WatchHTTPManager$1 onResponse
INFO: Watch terminated unexpectedly. reason: \n not found: limit=46 content=7b2261706956657273696f6e223a227631222c226b696e64223a224c69737422â€¦
Feb 08, 2021 1:11:33 PM okhttp3.mockwebserver.MockWebServer$3 processOneRequest
INFO: MockWebServer[49276] received request: POST /apis/apiextensions.k8s.io/v1beta1/customresourcedefinitions HTTP/1.1 and responded: HTTP/1.1 202 OK
Feb 08, 2021 1:11:33 PM okhttp3.mockwebserver.MockWebServer$3 processOneRequest
INFO: MockWebServer[49276] received request: GET /api/v1/namespaces/entando-k8s-controller-coordinator-carcpr66 HTTP/1.1 and responded: HTTP/1.1 404 Client Error
Feb 08, 2021 1:11:33 PM okhttp3.mockwebserver.MockWebServer$3 processOneRequest
INFO: MockWebServer[49276] received request: GET /apis/entando.org/v1/namespaces/default/entandoapps HTTP/1.1 and responded: HTTP/1.1 200 OK
Feb 08, 2021 1:11:33 PM okhttp3.mockwebserver.MockWebServer$3 processOneRequest
INFO: MockWebServer[49276] received request: GET /api/v1/namespaces/entando-k8s-controller-coordinator-carcpr66 HTTP/1.1 and responded: HTTP/1.1 404 Client Error
Feb 08, 2021 1:11:33 PM okhttp3.mockwebserver.MockWebServer$3 processOneRequest
INFO: MockWebServer[49276] received request: GET /apis/entando.org/v1/namespaces/default/entandoapps HTTP/1.1 and responded: HTTP/1.1 200 OK
Feb 08, 2021 1:11:33 PM okhttp3.mockwebserver.MockWebServer$3 processOneRequest
INFO: MockWebServer[49276] received request: GET /apis/entando.org/v1/namespaces/entando-k8s-controller-coordinator-carcpr66/entandocompositeapps?watch=**** HTTP/1.1 and responded: HTTP/1.1 200 OK
Feb 08, 2021 1:11:33 PM io.fabric8.kubernetes.client.dsl.internal.WatchHTTPManager$1 onResponse
INFO: Watch terminated unexpectedly. reason: \n not found: limit=46 content=7b2261706956657273696f6e223a227631222c226b696e64223a224c69737422â€¦
Feb 08, 2021 1:11:34 PM okhttp3.mockwebserver.MockWebServer$3 processOneRequest
INFO: MockWebServer[49276] received request: GET /apis/entando.org/v1/namespaces/entando-k8s-controller-coordinator-carcpr66/entandoapps HTTP/1.1 and responded: HTTP/1.1 200 OK
Feb 08, 2021 1:11:34 PM okhttp3.mockwebserver.MockWebServer$3 processOneRequest
INFO: MockWebServer[49276] received request: GET /apis/entando.org/v1/namespaces/entando-k8s-controller-coordinator-carcpr66/entandokeycloakservers?watch=**** HTTP/1.1 and responded: HTTP/1.1 200 OK
Feb 08, 2021 1:11:34 PM io.fabric8.kubernetes.client.dsl.internal.WatchHTTPManager$1 onResponse
INFO: Watch terminated unexpectedly. reason: \n not found: limit=46 content=7b2261706956657273696f6e223a227631222c226b696e64223a224c69737422â€¦
Feb 08, 2021 1:11:34 PM okhttp3.mockwebserver.MockWebServer$3 processOneRequest
INFO: MockWebServer[49276] received request: GET /apis/entando.org/v1/namespaces/entando-k8s-controller-coordinator-carcpr66/entandoapps?watch=**** HTTP/1.1 and responded: HTTP/1.1 200 OK
Feb 08, 2021 1:11:34 PM okhttp3.mockwebserver.MockWebServer$3 processOneRequest
INFO: MockWebServer[49276] received request: GET /apis/apiextensions.k8s.io/v1beta1/customresourcedefinitions/entandoapppluginlinks.entando.org HTTP/1.1 and responded: HTTP/1.1 404 Client Error
Feb 08, 2021 1:11:34 PM okhttp3.mockwebserver.MockWebServer$3 processOneRequest
INFO: MockWebServer[49276] received request: GET /apis/entando.org/v1/namespaces/entando-k8s-controller-coordinator-carcpr66/entandoapps?watch=**** HTTP/1.1 and responded: HTTP/1.1 200 OK
Feb 08, 2021 1:11:34 PM io.fabric8.kubernetes.client.dsl.internal.WatchHTTPManager$1 onResponse
INFO: Watch terminated unexpectedly. reason: \n not found: limit=46 content=7b2261706956657273696f6e223a227631222c226b696e64223a224c69737422â€¦
Feb 08, 2021 1:11:34 PM okhttp3.mockwebserver.MockWebServer$3 processOneRequest
INFO: MockWebServer[49276] received request: POST /apis/apiextensions.k8s.io/v1beta1/customresourcedefinitions HTTP/1.1 and responded: HTTP/1.1 202 OK
Feb 08, 2021 1:11:34 PM okhttp3.mockwebserver.MockWebServer$3 processOneRequest
INFO: MockWebServer[49276] received request: GET /api/v1/namespaces/entando-k8s-controller-coordinator-carcpr66 HTTP/1.1 and responded: HTTP/1.1 404 Client Error
Feb 08, 2021 1:11:34 PM okhttp3.mockwebserver.MockWebServer$3 processOneRequest
INFO: MockWebServer[49276] received request: GET /apis/entando.org/v1/namespaces/default/entandoapppluginlinks HTTP/1.1 and responded: HTTP/1.1 200 OK
Feb 08, 2021 1:11:34 PM okhttp3.mockwebserver.MockWebServer$3 processOneRequest
INFO: MockWebServer[49276] received request: GET /api/v1/namespaces/entando-k8s-controller-coordinator-carcpr66 HTTP/1.1 and responded: HTTP/1.1 404 Client Error
Feb 08, 2021 1:11:34 PM okhttp3.mockwebserver.MockWebServer$3 processOneRequest
INFO: MockWebServer[49276] received request: GET /apis/entando.org/v1/namespaces/entando-k8s-controller-coordinator-carcpr66/entandodatabaseservices?watch=**** HTTP/1.1 and responded: HTTP/1.1 200 OK
Feb 08, 2021 1:11:34 PM io.fabric8.kubernetes.client.dsl.internal.WatchHTTPManager$1 onResponse
INFO: Watch terminated unexpectedly. reason: \n not found: limit=46 content=7b2261706956657273696f6e223a227631222c226b696e64223a224c69737422â€¦
Feb 08, 2021 1:11:34 PM okhttp3.mockwebserver.MockWebServer$3 processOneRequest
INFO: MockWebServer[49276] received request: GET /apis/entando.org/v1/namespaces/default/entandoapppluginlinks HTTP/1.1 and responded: HTTP/1.1 200 OK
Feb 08, 2021 1:11:34 PM okhttp3.mockwebserver.MockWebServer$3 processOneRequest
INFO: MockWebServer[49276] received request: GET /apis/entando.org/v1/namespaces/entando-k8s-controller-coordinator-carcpr66/entandoapppluginlinks HTTP/1.1 and responded: HTTP/1.1 200 OK
Feb 08, 2021 1:11:34 PM okhttp3.mockwebserver.MockWebServer$3 processOneRequest
INFO: MockWebServer[49276] received request: GET /apis/entando.org/v1/namespaces/entando-k8s-controller-coordinator-carcpr66/entandoclusterinfrastructures?watch=**** HTTP/1.1 and responded: HTTP/1.1 200 OK
Feb 08, 2021 1:11:34 PM io.fabric8.kubernetes.client.dsl.internal.WatchHTTPManager$1 onResponse
INFO: Watch terminated unexpectedly. reason: \n not found: limit=46 content=7b2261706956657273696f6e223a227631222c226b696e64223a224c69737422â€¦
Feb 08, 2021 1:11:34 PM okhttp3.mockwebserver.MockWebServer$3 processOneRequest
INFO: MockWebServer[49276] received request: GET /apis/entando.org/v1/namespaces/entando-k8s-controller-coordinator-carcpr66/entandoapppluginlinks?watch=**** HTTP/1.1 and responded: HTTP/1.1 200 OK
Feb 08, 2021 1:11:34 PM okhttp3.mockwebserver.MockWebServer$3 processOneRequest
INFO: MockWebServer[49276] received request: GET /apis/apiextensions.k8s.io/v1beta1/customresourcedefinitions/entandodebundles.entando.org HTTP/1.1 and responded: HTTP/1.1 404 Client Error
Feb 08, 2021 1:11:34 PM okhttp3.mockwebserver.MockWebServer$3 processOneRequest
INFO: MockWebServer[49276] received request: GET /apis/entando.org/v1/namespaces/entando-k8s-controller-coordinator-carcpr66/entandoapppluginlinks?watch=**** HTTP/1.1 and responded: HTTP/1.1 200 OK
Feb 08, 2021 1:11:34 PM io.fabric8.kubernetes.client.dsl.internal.WatchHTTPManager$1 onResponse
INFO: Watch terminated unexpectedly. reason: \n not found: limit=46 content=7b2261706956657273696f6e223a227631222c226b696e64223a224c69737422â€¦
Feb 08, 2021 1:11:34 PM okhttp3.mockwebserver.MockWebServer$3 processOneRequest
INFO: MockWebServer[49276] received request: POST /apis/apiextensions.k8s.io/v1beta1/customresourcedefinitions HTTP/1.1 and responded: HTTP/1.1 202 OK
Feb 08, 2021 1:11:35 PM okhttp3.mockwebserver.MockWebServer$3 processOneRequest
INFO: MockWebServer[49276] received request: GET /api/v1/namespaces/entando-k8s-controller-coordinator-carcpr66 HTTP/1.1 and responded: HTTP/1.1 404 Client Error
Feb 08, 2021 1:11:35 PM okhttp3.mockwebserver.MockWebServer$3 processOneRequest
INFO: MockWebServer[49276] received request: GET /apis/entando.org/v1/namespaces/default/entandodebundles HTTP/1.1 and responded: HTTP/1.1 200 OK
Feb 08, 2021 1:11:35 PM okhttp3.mockwebserver.MockWebServer$3 processOneRequest
INFO: MockWebServer[49276] received request: GET /api/v1/namespaces/entando-k8s-controller-coordinator-carcpr66 HTTP/1.1 and responded: HTTP/1.1 404 Client Error
Feb 08, 2021 1:11:35 PM okhttp3.mockwebserver.MockWebServer$3 processOneRequest
INFO: MockWebServer[49276] received request: GET /apis/entando.org/v1/namespaces/entando-k8s-controller-coordinator-carcpr66/entandoapps?watch=**** HTTP/1.1 and responded: HTTP/1.1 200 OK
Feb 08, 2021 1:11:35 PM io.fabric8.kubernetes.client.dsl.internal.WatchHTTPManager$1 onResponse
INFO: Watch terminated unexpectedly. reason: \n not found: limit=46 content=7b2261706956657273696f6e223a227631222c226b696e64223a224c69737422â€¦
Feb 08, 2021 1:11:35 PM okhttp3.mockwebserver.MockWebServer$3 processOneRequest
INFO: MockWebServer[49276] received request: GET /apis/entando.org/v1/namespaces/default/entandodebundles HTTP/1.1 and responded: HTTP/1.1 200 OK
Feb 08, 2021 1:11:35 PM okhttp3.mockwebserver.MockWebServer$3 processOneRequest
INFO: MockWebServer[49276] received request: GET /apis/entando.org/v1/namespaces/entando-k8s-controller-coordinator-carcpr66/entandoplugins?watch=**** HTTP/1.1 and responded: HTTP/1.1 200 OK
Feb 08, 2021 1:11:35 PM io.fabric8.kubernetes.client.dsl.internal.WatchHTTPManager$1 onResponse
INFO: Watch terminated unexpectedly. reason: \n not found: limit=46 content=7b2261706956657273696f6e223a227631222c226b696e64223a224c69737422â€¦
Feb 08, 2021 1:11:35 PM okhttp3.mockwebserver.MockWebServer$3 processOneRequest
INFO: MockWebServer[49276] received request: GET /apis/entando.org/v1/namespaces/entando-k8s-controller-coordinator-carcpr66/entandodebundles HTTP/1.1 and responded: HTTP/1.1 200 OK
Feb 08, 2021 1:11:35 PM okhttp3.mockwebserver.MockWebServer$3 processOneRequest
INFO: MockWebServer[49276] received request: GET /apis/entando.org/v1/namespaces/entando-k8s-controller-coordinator-carcpr66/entandodebundles?watch=**** HTTP/1.1 and responded: HTTP/1.1 200 OK
Feb 08, 2021 1:11:35 PM okhttp3.mockwebserver.MockWebServer$3 processOneRequest
INFO: MockWebServer[49276] received request: GET /apis/entando.org/v1/namespaces/entando-k8s-controller-coordinator-carcpr66/entandodebundles?watch=**** HTTP/1.1 and responded: HTTP/1.1 200 OK
Feb 08, 2021 1:11:35 PM okhttp3.mockwebserver.MockWebServer$3 processOneRequest
INFO: MockWebServer[49276] received request: GET /api/v1/namespaces/entando-k8s-controller-coordinator-carcpr66 HTTP/1.1 and responded: HTTP/1.1 404 Client Error
Feb 08, 2021 1:11:35 PM io.fabric8.kubernetes.client.dsl.internal.WatchHTTPManager$1 onResponse
INFO: Watch terminated unexpectedly. reason: \n not found: limit=46 content=7b2261706956657273696f6e223a227631222c226b696e64223a224c69737422â€¦
Feb 08, 2021 1:11:35 PM okhttp3.mockwebserver.MockWebServer$3 processOneRequest
INFO: MockWebServer[49276] received request: POST /api/v1/namespaces HTTP/1.1 and responded: HTTP/1.1 202 OK
Feb 08, 2021 1:11:35 PM okhttp3.mockwebserver.MockWebServer$3 processOneRequest
INFO: MockWebServer[49276] received request: GET /api/v1/namespaces/entando/configmaps/entando-docker-image-info-v6.3 HTTP/1.1 and responded: HTTP/1.1 404 Client Error
Feb 08, 2021 1:11:35 PM okhttp3.mockwebserver.MockWebServer$3 processOneRequest
INFO: MockWebServer[49276] received request: POST /api/v1/namespaces/entando/configmaps HTTP/1.1 and responded: HTTP/1.1 202 OK
Feb 08, 2021 1:11:35 PM okhttp3.mockwebserver.MockWebServer$3 processOneRequest
INFO: MockWebServer[49276] received request: GET /api/v1/namespaces/entando-k8s-controller-coordinator-carcpr66 HTTP/1.1 and responded: HTTP/1.1 200 OK
Feb 08, 2021 1:11:35 PM okhttp3.mockwebserver.MockWebServer$3 processOneRequest
INFO: MockWebServer[49276] received request: GET /apis/entando.org/v1/namespaces/entando-k8s-controller-coordinator-carcpr66/entandoapppluginlinks?watch=**** HTTP/1.1 and responded: HTTP/1.1 200 OK
Feb 08, 2021 1:11:35 PM io.fabric8.kubernetes.client.dsl.internal.WatchHTTPManager$1 onResponse
INFO: Watch terminated unexpectedly. reason: \n not found: limit=46 content=7b2261706956657273696f6e223a227631222c226b696e64223a224c69737422â€¦
Feb 08, 2021 1:11:35 PM okhttp3.mockwebserver.MockWebServer$3 processOneRequest
INFO: MockWebServer[49276] received request: GET /apis/entando.org/v1/namespaces/entando-k8s-controller-coordinator-carcpr66/entandokeycloakservers HTTP/1.1 and responded: HTTP/1.1 200 OK
Feb 08, 2021 1:11:36 PM okhttp3.mockwebserver.MockWebServer$3 processOneRequest
INFO: MockWebServer[49276] received request: GET /apis/entando.org/v1/namespaces/entando-k8s-controller-coordinator-carcpr66/entandocompositeapps?watch=**** HTTP/1.1 and responded: HTTP/1.1 200 OK
Feb 08, 2021 1:11:36 PM io.fabric8.kubernetes.client.dsl.internal.WatchHTTPManager$1 onResponse
INFO: Watch terminated unexpectedly. reason: \n not found: limit=46 content=7b2261706956657273696f6e223a227631222c226b696e64223a224c69737422â€¦
Feb 08, 2021 1:11:36 PM okhttp3.mockwebserver.MockWebServer$3 processOneRequest
INFO: MockWebServer[49276] received request: GET /api/v1/namespaces/entando-k8s-controller-coordinator-carcpr66 HTTP/1.1 and responded: HTTP/1.1 200 OK
Feb 08, 2021 1:11:36 PM okhttp3.mockwebserver.MockWebServer$3 processOneRequest
INFO: MockWebServer[49276] received request: GET /apis/entando.org/v1/namespaces/entando-k8s-controller-coordinator-carcpr66/entandokeycloakservers HTTP/1.1 and responded: HTTP/1.1 200 OK
Feb 08, 2021 1:11:36 PM okhttp3.mockwebserver.MockWebServer$3 processOneRequest
INFO: MockWebServer[49276] received request: POST /apis/entando.org/v1/namespaces/entando-k8s-controller-coordinator-carcpr66/entandokeycloakservers HTTP/1.1 and responded: HTTP/1.1 202 OK
Feb 08, 2021 1:11:36 PM org.entando.kubernetes.controller.coordinator.EntandoResourceObserver logResource
INFO: Received ADDED for the EntandoKeycloakServer entando-k8s-controller-coordinator-carcpr66/test-keycloak
Feb 08, 2021 1:11:36 PM okhttp3.mockwebserver.MockWebServer$3 processOneRequest
INFO: MockWebServer[49276] received request: GET /api/v1/namespaces/entando/configmaps/entando-docker-image-info-v6.3 HTTP/1.1 and responded: HTTP/1.1 200 OK
Feb 08, 2021 1:11:36 PM okhttp3.mockwebserver.MockWebServer$3 processOneRequest
INFO: MockWebServer[49276] received request: GET /api/v1/namespaces/entando-k8s-controller-coordinator-carcpr66/pods?labelSelector=EntandoResourceNamespace%3Dentando-k8s-controller-coordinator-carcpr66%2CEntandoResourceKind%3DEntandoKeycloakServer%2CEntandoKeycloakServer%3Dtest-keycloak HTTP/1.1 and responded: HTTP/1.1 200 OK
Feb 08, 2021 1:11:36 PM okhttp3.mockwebserver.MockWebServer$3 processOneRequest
INFO: MockWebServer[49276] received request: GET /api/v1/namespaces/entando-k8s-controller-coordinator-carcpr66/pods?labelSelector=EntandoResourceKind%3DEntandoKeycloakServer HTTP/1.1 and responded: HTTP/1.1 200 OK
Feb 08, 2021 1:11:36 PM okhttp3.mockwebserver.MockWebServer$3 processOneRequest
INFO: MockWebServer[49276] received request: GET /apis/entando.org/v1/namespaces/entando-k8s-controller-coordinator-carcpr66/entandodatabaseservices?watch=**** HTTP/1.1 and responded: HTTP/1.1 200 OK
Feb 08, 2021 1:11:36 PM io.fabric8.kubernetes.client.dsl.internal.WatchHTTPManager$1 onResponse
INFO: Watch terminated unexpectedly. reason: \n not found: limit=46 content=7b2261706956657273696f6e223a227631222c226b696e64223a224c69737422â€¦
Feb 08, 2021 1:11:36 PM okhttp3.mockwebserver.MockWebServer$3 processOneRequest
INFO: MockWebServer[49276] received request: GET /apis/entando.org/v1/namespaces/entando-k8s-controller-coordinator-carcpr66/entandodebundles?watch=**** HTTP/1.1 and responded: HTTP/1.1 200 OK
Feb 08, 2021 1:11:36 PM io.fabric8.kubernetes.client.dsl.internal.WatchHTTPManager$1 onResponse
INFO: Watch terminated unexpectedly. reason: \n not found: limit=46 content=7b2261706956657273696f6e223a227631222c226b696e64223a224c69737422â€¦
Feb 08, 2021 1:11:36 PM okhttp3.mockwebserver.MockWebServer$3 processOneRequest
INFO: MockWebServer[49276] received request: GET /api/v1/namespaces/entando-k8s-controller-coordinator-carcpr66/pods?labelSelector=EntandoResourceNamespace%3Dentando-k8s-controller-coordinator-carcpr66%2CEntandoResourceKind%3DEntandoKeycloakServer%2CEntandoKeycloakServer%3Dtest-keycloak&watch=**** HTTP/1.1 and responded: HTTP/1.1 200 OK
Feb 08, 2021 1:11:36 PM okhttp3.mockwebserver.MockWebServer$3 processOneRequest
INFO: MockWebServer[49276] received request: GET /api/v1/namespaces/entando-k8s-controller-coordinator-carcpr66/pods?labelSelector=EntandoResourceKind%3DEntandoKeycloakServer HTTP/1.1 and responded: HTTP/1.1 200 OK
Feb 08, 2021 1:11:36 PM okhttp3.mockwebserver.MockWebServer$3 processOneRequest
INFO: MockWebServer[49276] received request: GET /api/v1/namespaces/entando-k8s-controller-coordinator-carcpr66/pods?labelSelector=EntandoResourceNamespace%3Dentando-k8s-controller-coordinator-carcpr66%2CEntandoResourceKind%3DEntandoKeycloakServer%2CEntandoKeycloakServer%3Dtest-keycloak&watch=**** HTTP/1.1 and responded: HTTP/1.1 200 OK
Feb 08, 2021 1:11:36 PM okhttp3.mockwebserver.MockWebServer$3 processOneRequest
INFO: MockWebServer[49276] received request: GET /api/v1/namespaces/entando-k8s-controller-coordinator-carcpr66/pods?labelSelector=EntandoResourceNamespace%3Dentando-k8s-controller-coordinator-carcpr66%2CEntandoResourceKind%3DEntandoKeycloakServer%2CEntandoKeycloakServer%3Dtest-keycloak HTTP/1.1 and responded: HTTP/1.1 200 OK
Feb 08, 2021 1:11:36 PM io.fabric8.kubernetes.client.dsl.internal.WatchHTTPManager$1 onResponse
INFO: Watch terminated unexpectedly. reason: \n not found: limit=46 content=7b2261706956657273696f6e223a227631222c226b696e64223a224c69737422â€¦
Feb 08, 2021 1:11:36 PM okhttp3.mockwebserver.MockWebServer$3 processOneRequest
INFO: MockWebServer[49276] received request: GET /api/v1/namespaces/entando-k8s-controller-coordinator-carcpr66/pods?labelSelector=EntandoResourceNamespace%3Dentando-k8s-controller-coordinator-carcpr66%2CEntandoResourceKind%3DEntandoKeycloakServer%2CEntandoKeycloakServer%3Dtest-keycloak HTTP/1.1 and responded: HTTP/1.1 200 OK
Feb 08, 2021 1:11:36 PM okhttp3.mockwebserver.MockWebServer$3 processOneRequest
INFO: MockWebServer[49276] received request: GET /api/v1/namespaces/entando-k8s-controller-coordinator-carcpr66/pods?labelSelector=EntandoResourceKind%3DEntandoKeycloakServer HTTP/1.1 and responded: HTTP/1.1 200 OK
Feb 08, 2021 1:11:37 PM okhttp3.mockwebserver.MockWebServer$3 processOneRequest
INFO: MockWebServer[49276] received request: GET /api/v1/namespaces/entando-k8s-controller-coordinator-carcpr66/pods?labelSelector=EntandoResourceKind%3DEntandoKeycloakServer HTTP/1.1 and responded: HTTP/1.1 200 OK
Feb 08, 2021 1:11:37 PM okhttp3.mockwebserver.MockWebServer$3 processOneRequest
INFO: MockWebServer[49276] received request: GET /api/v1/namespaces/entando-k8s-controller-coordinator-carcpr66/pods?labelSelector=EntandoResourceKind%3DEntandoKeycloakServer HTTP/1.1 and responded: HTTP/1.1 200 OK
Feb 08, 2021 1:11:37 PM okhttp3.mockwebserver.MockWebServer$3 processOneRequest
INFO: MockWebServer[49276] received request: GET /apis/entando.org/v1/namespaces/entando-k8s-controller-coordinator-carcpr66/entandoapps?watch=**** HTTP/1.1 and responded: HTTP/1.1 200 OK
Feb 08, 2021 1:11:37 PM io.fabric8.kubernetes.client.dsl.internal.WatchHTTPManager$1 onResponse
INFO: Watch terminated unexpectedly. reason: \n not found: limit=46 content=7b2261706956657273696f6e223a227631222c226b696e64223a224c69737422â€¦
Feb 08, 2021 1:11:37 PM okhttp3.mockwebserver.MockWebServer$3 processOneRequest
INFO: MockWebServer[49276] received request: GET /api/v1/namespaces/entando-k8s-controller-coordinator-carcpr66/pods?labelSelector=EntandoResourceKind%3DEntandoKeycloakServer HTTP/1.1 and responded: HTTP/1.1 200 OK
Feb 08, 2021 1:11:37 PM okhttp3.mockwebserver.MockWebServer$3 processOneRequest
INFO: MockWebServer[49276] received request: GET /api/v1/namespaces/entando-k8s-controller-coordinator-carcpr66/pods?labelSelector=EntandoResourceKind%3DEntandoKeycloakServer HTTP/1.1 and responded: HTTP/1.1 200 OK
Feb 08, 2021 1:11:37 PM okhttp3.mockwebserver.MockWebServer$3 processOneRequest
INFO: MockWebServer[49276] received request: GET /api/v1/namespaces/entando-k8s-controller-coordinator-carcpr66/pods?labelSelector=EntandoResourceKind%3DEntandoKeycloakServer HTTP/1.1 and responded: HTTP/1.1 200 OK
Feb 08, 2021 1:11:37 PM okhttp3.mockwebserver.MockWebServer$3 processOneRequest
INFO: MockWebServer[49276] received request: GET /api/v1/namespaces/entando-k8s-controller-coordinator-carcpr66/pods?labelSelector=EntandoResourceKind%3DEntandoKeycloakServer HTTP/1.1 and responded: HTTP/1.1 200 OK
Feb 08, 2021 1:11:37 PM okhttp3.mockwebserver.MockWebServer$3 processOneRequest
INFO: MockWebServer[49276] received request: GET /api/v1/namespaces/entando-k8s-controller-coordinator-carcpr66/pods?labelSelector=EntandoResourceNamespace%3Dentando-k8s-controller-coordinator-carcpr66%2CEntandoResourceKind%3DEntandoKeycloakServer%2CEntandoKeycloakServer%3Dtest-keycloak&watch=**** HTTP/1.1 and responded: HTTP/1.1 200 OK
Feb 08, 2021 1:11:37 PM okhttp3.mockwebserver.MockWebServer$3 processOneRequest
INFO: MockWebServer[49276] received request: GET /api/v1/namespaces/entando-k8s-controller-coordinator-carcpr66/secrets/test-keycloak-controller-ca-cert-secret HTTP/1.1 and responded: HTTP/1.1 404 Client Error
Feb 08, 2021 1:11:37 PM io.fabric8.kubernetes.client.dsl.internal.WatchHTTPManager$1 onResponse
INFO: Watch terminated unexpectedly. reason: \n not found: limit=46 content=7b2261706956657273696f6e223a227631222c226b696e64223a224c69737422â€¦
Feb 08, 2021 1:11:37 PM io.fabric8.kubernetes.client.dsl.internal.WatchHTTPManager scheduleReconnect
WARN: Ignoring error for already closed/closing connection
Feb 08, 2021 1:11:37 PM okhttp3.mockwebserver.MockWebServer$3 processOneRequest
INFO: MockWebServer[49276] received request: GET /apis/entando.org/v1/namespaces/entando-k8s-controller-coordinator-carcpr66/entandoapppluginlinks?watch=**** HTTP/1.1 and responded: HTTP/1.1 200 OK
Feb 08, 2021 1:11:37 PM io.fabric8.kubernetes.client.dsl.internal.WatchHTTPManager$1 onResponse
INFO: Watch terminated unexpectedly. reason: \n not found: limit=46 content=7b2261706956657273696f6e223a227631222c226b696e64223a224c69737422â€¦
Feb 08, 2021 1:11:38 PM okhttp3.mockwebserver.MockWebServer$3 processOneRequest
INFO: MockWebServer[49276] received request: GET /api/v1/namespaces/entando-k8s-controller-coordinator-carcpr66/pods?labelSelector=EntandoResourceKind%3DEntandoKeycloakServer HTTP/1.1 and responded: HTTP/1.1 200 OK
Feb 08, 2021 1:11:38 PM okhttp3.mockwebserver.MockWebServer$3 processOneRequest
INFO: MockWebServer[49276] received request: POST /api/v1/namespaces/entando-k8s-controller-coordinator-carcpr66/secrets HTTP/1.1 and responded: HTTP/1.1 202 OK
Feb 08, 2021 1:11:38 PM okhttp3.mockwebserver.MockWebServer$3 processOneRequest
INFO: MockWebServer[49276] received request: POST /api/v1/namespaces/entando-k8s-controller-coordinator-carcpr66/pods HTTP/1.1 and responded: HTTP/1.1 202 OK
Feb 08, 2021 1:11:38 PM okhttp3.mockwebserver.MockWebServer$3 processOneRequest
INFO: MockWebServer[49276] received request: GET /apis/entando.org/v1/namespaces/entando-k8s-controller-coordinator-carcpr66/entandokeycloakservers?watch=**** HTTP/1.1 and responded: HTTP/1.1 200 OK
Feb 08, 2021 1:11:38 PM io.fabric8.kubernetes.client.dsl.internal.WatchHTTPManager$1 onResponse
INFO: Watch terminated unexpectedly. reason: \n not found: limit=282 content=7b2261706956657273696f6e223a227631222c226b696e64223a224c69737422â€¦
Feb 08, 2021 1:11:38 PM okhttp3.mockwebserver.MockWebServer$3 processOneRequest
INFO: MockWebServer[49276] received request: GET /api/v1/namespaces/entando-k8s-controller-coordinator-carcpr66/pods?labelSelector=EntandoResourceKind%3DEntandoKeycloakServer HTTP/1.1 and responded: HTTP/1.1 200 OK
Feb 08, 2021 1:11:38 PM okhttp3.mockwebserver.MockWebServer$3 processOneRequest
INFO: MockWebServer[49276] received request: GET /api/v1/namespaces/entando-k8s-controller-coordinator-carcpr66/pods?labelSelector=EntandoResourceKind%3DEntandoKeycloakServer HTTP/1.1 and responded: HTTP/1.1 200 OK
Feb 08, 2021 1:11:38 PM okhttp3.mockwebserver.MockWebServer$2 acceptConnections
INFO: MockWebServer[49276] done accepting connections: Socket closed
[INFO] Tests run: 1, Failures: 0, Errors: 0, Skipped: 0, Time elapsed: 10.06 s - in org.entando.kubernetes.controller.coordinator.inprocesstests.ControllerCoordinatorMockedTest
[INFO] 
[INFO] Results:
[INFO] 
[ERROR] Errors: 
[ERROR]   ControllerCoordinatorEdgeConditionsTest.testDuplicatesIgnored:103 Â» ConditionTimeout
[ERROR]   ControllerCoordinatorEdgeConditionsTest.testExistingResourcesProcessed:89 Â» ConditionTimeout
[ERROR]   ControllerCoordinatorEdgeConditionsTest.testGenerationObservedIsBehind:224 Â» ConditionTimeout
[ERROR]   ControllerCoordinatorEdgeConditionsTest.testGenerationObservedIsCurrentButForceInstructed:203 Â» ConditionTimeout
[ERROR]   ControllerCoordinatorEdgeConditionsTest.testProcessedByVersion:241 Â» ConditionTimeout
[ERROR]   ControllerCoordinatorEdgeConditionsTest.testUpgrade:273 Â» ConditionTimeout Con...
[INFO] 
[ERROR] Tests run: 18, Failures: 0, Errors: 6, Skipped: 0
[INFO] 
[ERROR] There are test failures.

Please refer to /workspace/source/target/surefire-reports for the individual test results.
Please refer to dump files (if any exist) [date].dump, [date]-***Run[N].dump and [date].dumpstream.
[INFO] 
[INFO] --- maven-jar-plugin:3.2.0:jar (default-jar) @ entando-k8s-controller-coordinator ---
[INFO] Building jar: /workspace/source/target/entando-k8s-controller-coordinator-0.0.0-SNAPSHOT-PR-66-4.jar
[INFO] 
[INFO] --- maven-jar-plugin:3.2.0:test-jar (build-test-jar) @ entando-k8s-controller-coordinator ---
[INFO] Building jar: /workspace/source/target/entando-k8s-controller-coordinator-0.0.0-SNAPSHOT-PR-66-4-tests.jar
[INFO] 
[INFO] --- maven-javadoc-plugin:3.2.0:jar (attach-javadocs) @ entando-k8s-controller-coordinator ---
[INFO] No previous run data found, generating javadoc.
[INFO] Building jar: /workspace/source/target/entando-k8s-controller-coordinator-0.0.0-SNAPSHOT-PR-66-4-javadoc.jar
[INFO] 
[INFO] --- license-maven-plugin:2.0.0:aggregate-download-licenses (download-licenses) @ entando-k8s-controller-coordinator ---
[WARNING] No license information available for: com.sun.org.apache:jaxp-ri:1.4
[WARNING] No license information available for: javax.xml.parsers:jaxp-api:1.4
[WARNING] Unable to retrieve license from URL 'https://glassfish.dev.java.net/nonav/public/CDDL+GPL.html' for dependency 'javax.servlet:javax.servlet-api:3.0.1': Certificate for <glassfish.dev.java.net> doesn't match any of the subject alternative names: [*.java.net, java.net]
[WARNING] Unable to retrieve license from URL 'LICENSE.txt' for dependency 'org.awaitility:awaitility:4.0.1': null
Feb 08, 2021 1:11:57 PM org.apache.http.client.protocol.ResponseProcessCookies processCookies
WARNING: Invalid cookie header: "Set-Cookie: _octo=GH1.1.272652248.1612789917; Path=/; Domain=github.com; Expires=Tue, 08 Feb 2022 13:11:57 GMT; Secure; SameSite=Lax". Invalid 'expires' attribute: Tue, 08 Feb 2022 13:11:57 GMT
Feb 08, 2021 1:11:57 PM org.apache.http.client.protocol.ResponseProcessCookies processCookies
WARNING: Invalid cookie header: "Set-Cookie: logged_in=no; Path=/; Domain=github.com; Expires=Tue, 08 Feb 2022 13:11:57 GMT; HttpOnly; Secure; SameSite=Lax". Invalid 'expires' attribute: Tue, 08 Feb 2022 13:11:57 GMT
Feb 08, 2021 1:11:57 PM org.apache.http.client.protocol.ResponseProcessCookies processCookies
WARNING: Invalid cookie header: "Set-Cookie: _octo=GH1.1.34699468.1612789917; Path=/; Domain=github.com; Expires=Tue, 08 Feb 2022 13:11:57 GMT; Secure; SameSite=Lax". Invalid 'expires' attribute: Tue, 08 Feb 2022 13:11:57 GMT
Feb 08, 2021 1:11:57 PM org.apache.http.client.protocol.ResponseProcessCookies processCookies
WARNING: Invalid cookie header: "Set-Cookie: logged_in=no; Path=/; Domain=github.com; Expires=Tue, 08 Feb 2022 13:11:57 GMT; HttpOnly; Secure; SameSite=Lax". Invalid 'expires' attribute: Tue, 08 Feb 2022 13:11:57 GMT
[WARNING] There were 4 download errors - check the warnings above
[INFO] 
[INFO] --- quarkus-maven-plugin:1.2.0.Final:build (default) @ entando-k8s-controller-coordinator ---
[WARNING] [io.quarkus.creator.curator.Curator] These dependencies are not recommended:
	- javax.servlet:javax.servlet-api should be replaced by jakarta.servlet:jakarta.servlet-api
You might end up with two different versions of the same classes or with an artifact you shouldn't have in your classpath.
[INFO] [org.jboss.threads] JBoss Threads version 3.0.0.Final
[WARNING] [io.quarkus.kubernetes.client.deployment.KubernetesClientProcessor] Watcher 'org.entando.kubernetes.controller.coordinator.EntandoResourceObserver' will most likely not work correctly in native mode. Consider specifying the generic type of 'io.fabric8.kubernetes.client.Watcher' that this class handles. See https://quarkus.io/guides/kubernetes-client#note-on-implementing-the-watcher-interface for more details
[WARNING] [io.quarkus.deployment.steps.ReflectiveHierarchyStep] Unable to properly register the hierarchy of the following classes for reflection as they are not in the Jandex index:
	- org.entando.kubernetes.model.EntandoCustomResourceStatus
Consider adding them to the index either by creating a Jandex index for your dependency via the Maven plugin, an empty META-INF/beans.xml or quarkus.index-dependency properties.");.
[INFO] [io.quarkus.deployment.pkg.steps.JarResultBuildStep] Building thin jar: /workspace/source/target/entando-k8s-controller-coordinator-0.0.0-SNAPSHOT-PR-66-4-runner.jar
[INFO] [io.quarkus.deployment.QuarkusAugmentor] Quarkus augmentation completed in 1703ms
[INFO] 
[INFO] --- maven-surefire-report-plugin:3.0.0-M4:failsafe-report-only (integration-tests) @ entando-k8s-controller-coordinator ---
[INFO] 
[INFO] --- dependency-check-maven:6.0.3:aggregate (default) @ entando-k8s-controller-coordinator ---
[INFO] Checking for updates
[INFO] Skipping NVD check since last check was within 4 hours.
[INFO] Check for updates complete (85 ms)
[INFO] 

Dependency-Check is an open source tool performing a best effort analysis of 3rd party dependencies; false positives and false negatives may exist in the analysis performed by the tool. Use of the tool and the reporting provided constitutes acceptance for use in an AS IS condition, and there are NO warranties, implied or otherwise, with regard to the analysis or its use. Any use of the tool and the reporting provided is at the userâ€™s risk. In no event shall the copyright holder or OWASP be held liable for any damages whatsoever arising out of or in connection with the use of this tool, the analysis performed, or the resulting report.


[INFO] Analysis Started
[INFO] Finished Archive Analyzer (0 seconds)
[INFO] Finished File Name Analyzer (0 seconds)
[INFO] Finished Jar Analyzer (0 seconds)
[INFO] Finished Dependency Merging Analyzer (0 seconds)
[INFO] Finished Version Filter Analyzer (0 seconds)
[INFO] Finished Hint Analyzer (0 seconds)
[INFO] Created CPE Index (2 seconds)
[INFO] Finished CPE Analyzer (4 seconds)
[INFO] Finished False Positive Analyzer (0 seconds)
[INFO] Finished NVD CVE Analyzer (0 seconds)
[INFO] Finished Sonatype OSS Index Analyzer (1 seconds)
[INFO] Finished Vulnerability Suppression Analyzer (0 seconds)
[INFO] Finished Dependency Bundling Analyzer (0 seconds)
[INFO] Analysis Complete (8 seconds)
[INFO] 
[INFO] --- jacoco-maven-plugin:0.8.5:report (report) @ entando-k8s-controller-coordinator ---
[INFO] Loading e**cution data file /workspace/source/target/jacoco.e**c
[INFO] Analyzed bundle 'Entando K8S Controller Coordinator' with 7 classes
[INFO] 
[INFO] --- maven-surefire-report-plugin:3.0.0-M4:report-only (unit-tests) @ entando-k8s-controller-coordinator ---
[WARNING] Unable to locate Test Source XRef to link to - DISABLED
[INFO] 
[INFO] --- maven-install-plugin:2.4:install (default-install) @ entando-k8s-controller-coordinator ---
[INFO] Installing /workspace/source/target/entando-k8s-controller-coordinator-0.0.0-SNAPSHOT-PR-66-4.jar to /home/jenkins/.mvnrepository/org/entando/entando-k8s-controller-coordinator/0.0.0-SNAPSHOT-PR-66-4/entando-k8s-controller-coordinator-0.0.0-SNAPSHOT-PR-66-4.jar
[INFO] Installing /workspace/source/pom.xml to /home/jenkins/.mvnrepository/org/entando/entando-k8s-controller-coordinator/0.0.0-SNAPSHOT-PR-66-4/entando-k8s-controller-coordinator-0.0.0-SNAPSHOT-PR-66-4.pom
[INFO] Installing /workspace/source/target/entando-k8s-controller-coordinator-0.0.0-SNAPSHOT-PR-66-4-tests.jar to /home/jenkins/.mvnrepository/org/entando/entando-k8s-controller-coordinator/0.0.0-SNAPSHOT-PR-66-4/entando-k8s-controller-coordinator-0.0.0-SNAPSHOT-PR-66-4-tests.jar
[INFO] Installing /workspace/source/target/entando-k8s-controller-coordinator-0.0.0-SNAPSHOT-PR-66-4-javadoc.jar to /home/jenkins/.mvnrepository/org/entando/entando-k8s-controller-coordinator/0.0.0-SNAPSHOT-PR-66-4/entando-k8s-controller-coordinator-0.0.0-SNAPSHOT-PR-66-4-javadoc.jar
[INFO] 
[INFO] --- maven-deploy-plugin:2.8.2:deploy (default-deploy) @ entando-k8s-controller-coordinator ---
[INFO] Using alternate deployment repository local-nexus::default::http://nexus/repository/maven-releases/
[INFO] 
[INFO] -----------< org.entando:entando-k8s-controller-coordinator >-----------
[INFO] Building Entando K8S Controller Coordinator 0.0.0-SNAPSHOT-PR-66-4
[INFO] --------------------------------[ jar ]---------------------------------
[INFO] 
[INFO] --- sonar-maven-plugin:3.8.0.2131:sonar (default-cli) @ entando-k8s-controller-coordinator ---
[INFO] User cache: /****/.sonar/cache
[INFO] SonarQube version: 8.5.0
[INFO] Default locale: "en_US", source code encoding: "UTF-8"
[INFO] Load global settings
[INFO] Load global settings (done) | time=227ms
[INFO] Server id: 1BD809FA-AWHW8ct9-T_TB3XqouNu
[INFO] User cache: /****/.sonar/cache
[INFO] Load/download plugins
[INFO] Load plugins index
[INFO] Load plugins index (done) | time=93ms
[INFO] Load/download plugins (done) | time=21354ms
[INFO] Loaded core extensions: developer-scanner
[INFO] JavaScript/TypeScript frontend is enabled
[INFO] Load project settings for component key: 'entando-k8s_entando-k8s-controller-coordinator'
[INFO] Load project settings for component key: 'entando-k8s_entando-k8s-controller-coordinator' (done) | time=60ms
[INFO] Process project properties
[INFO] E**cute project builders
[INFO] E**cute project builders (done) | time=2ms
[INFO] Project key: entando-k8s_entando-k8s-controller-coordinator
[INFO] Base dir: /workspace/source
[INFO] Working dir: /workspace/source/target/sonar
[INFO] Load project branches
[INFO] Load project branches (done) | time=32ms
[INFO] Check ALM binding of project 'entando-k8s_entando-k8s-controller-coordinator'
[INFO] Detected project binding: BOUND
[INFO] Check ALM binding of project 'entando-k8s_entando-k8s-controller-coordinator' (done) | time=54ms
[INFO] Load project pull requests
[INFO] Load project pull requests (done) | time=95ms
[INFO] Load branch configuration
[INFO] Load branch configuration (done) | time=552ms
[INFO] Load quality profiles
[INFO] Load quality profiles (done) | time=68ms
[INFO] Load active rules
[INFO] Load active rules (done) | time=1255ms
[INFO] Organization key: entando-k8s
[INFO] Pull request 66 for merge into master from ENG-1736_final_redhat_release
[INFO] SCM collecting changed files in the branch
[WARNING] Exception caught during e**cution of command '[/usr/local/git/bin/git, config, --******, --edit]' in '/usr/local/git/bin', return code '128', error message 'fatal: Invalid path '/usr/local/git/etc': No such file or directory
'
[INFO] SCM collecting changed files in the branch (done) | time=295ms
[INFO] Indexing files...
[INFO] Project configuration:
[INFO] 16 files inde**d
[INFO] 0 files ignored because of scm ignore settings
[INFO] Quality profile for java: Sonar way
[INFO] Quality profile for xml: Sonar way
[INFO] ------------- Run sensors on module Entando K8S Controller Coordinator
[INFO] JavaScript/TypeScript frontend is enabled
[INFO] Load metrics repository
[INFO] Load metrics repository (done) | time=28ms
[INFO] Sensor JavaSquidSensor [java]
[INFO] Configured Java source version (sonar.java.source): 8
[INFO] JavaClasspath initialization
[INFO] JavaClasspath initialization (done) | time=18ms
[INFO] JavaTestClasspath initialization
[INFO] JavaTestClasspath initialization (done) | time=2ms
[INFO] Java Main Files AST scan
[INFO] 7 source files to be analyzed
[INFO] 7/7 source files have been analyzed
[INFO] Java Main Files AST scan (done) | time=4146ms
[INFO] Java Test Files AST scan
[INFO] 8 source files to be analyzed
[INFO] 8/8 source files have been analyzed
[INFO] Java Test Files AST scan (done) | time=1082ms
[INFO] Java Generated Files AST scan
[INFO] 0 source files to be analyzed
[INFO] Java Generated Files AST scan (done) | time=1ms
[INFO] Sensor JavaSquidSensor [java] (done) | time=5715ms
[INFO] 0/0 source files have been analyzed
[INFO] Sensor SonarCSS Rules [cssfamily]
[INFO] No CSS, PHP, HTML or VueJS files are found in the project. CSS analysis is skipped.
[INFO] Sensor SonarCSS Rules [cssfamily] (done) | time=2ms
[INFO] Sensor C# Properties [csharp]
[INFO] Sensor C# Properties [csharp] (done) | time=1ms
[INFO] Sensor Import of Checkstyle issues [java]
[INFO] Importing /workspace/source/target/checkstyle-result.xml
[INFO] Sensor Import of Checkstyle issues [java] (done) | time=85ms
[INFO] Sensor SurefireSensor [java]
[INFO] parsing [/workspace/source/target/surefire-reports]
[INFO] Sensor SurefireSensor [java] (done) | time=40ms
[INFO] Sensor JavaXmlSensor [java]
[INFO] 1 source files to be analyzed
[INFO] Sensor JavaXmlSensor [java] (done) | time=206ms
[INFO] 1/1 source files have been analyzed
[INFO] Sensor HTML [web]
[INFO] Sensor HTML [web] (done) | time=10ms
[INFO] Sensor XML Sensor [xml]
[INFO] 1 source files to be analyzed
[INFO] Sensor XML Sensor [xml] (done) | time=178ms
[INFO] 1/1 source files have been analyzed
[INFO] Sensor VB.NET Properties [vbnet]
[INFO] Sensor VB.NET Properties [vbnet] (done) | time=2ms
[INFO] Sensor JaCoCo XML Report Importer [jacoco]
[INFO] Importing 1 report(s). Turn your logs in debug mode in order to see the exhaustive list.
[INFO] Sensor JaCoCo XML Report Importer [jacoco] (done) | time=36ms
[INFO] Sensor ThymeLeaf template sensor [securityjavafrontend]
[INFO] Sensor ThymeLeaf template sensor [securityjavafrontend] (done) | time=3ms
[INFO] Sensor JavaSecuritySensor [security]
[INFO] Reading type hierarchy from: /workspace/source/target/sonar/ucfg2/java
[INFO] Read 109 type definitions
[INFO] Reading UCFGs from: /workspace/source/target/sonar/ucfg2/java
[INFO] 13:12:54.944959 Building Runtime Type propagation graph
[INFO] 13:12:54.955961 Running Tarjan on 140 nodes
[INFO] 13:12:54.957928 Tarjan found 140 components
[INFO] 13:12:54.961249 Variable type analysis: done
[INFO] 13:12:54.970299 Building Runtime Type propagation graph
[INFO] 13:12:54.975567 Running Tarjan on 140 nodes
[INFO] 13:12:54.976514 Tarjan found 140 components
[INFO] 13:12:54.977575 Variable type analysis: done
[INFO] Analyzing 40 ucfgs to detect vulnerabilities.
[INFO] All rules entrypoints : 0 Retained UCFGs : 0
[INFO] rule: S5131, entrypoints: 0
[INFO] rule: S5131 done
[INFO] rule: S3649, entrypoints: 0
[INFO] rule: S3649 done
[INFO] rule: S2076, entrypoints: 0
[INFO] rule: S2076 done
[INFO] rule: S2091, entrypoints: 0
[INFO] rule: S2091 done
[INFO] rule: S2078, entrypoints: 0
[INFO] rule: S2078 done
[INFO] rule: S2631, entrypoints: 0
[INFO] rule: S2631 done
[INFO] rule: S5135, entrypoints: 0
[INFO] rule: S5135 done
[INFO] rule: S2083, entrypoints: 0
[INFO] rule: S2083 done
[INFO] rule: S5167, entrypoints: 0
[INFO] rule: S5167 done
[INFO] rule: S5144, entrypoints: 0
[INFO] rule: S5144 done
[INFO] rule: S5145, entrypoints: 0
[INFO] rule: S5145 done
[INFO] rule: S5146, entrypoints: 0
[INFO] rule: S5146 done
[INFO] rule: S5334, entrypoints: 0
[INFO] rule: S5334 done
[INFO] Sensor JavaSecuritySensor [security] (done) | time=529ms
[INFO] Sensor CSharpSecuritySensor [security]
[INFO] Reading type hierarchy from: /workspace/source/target/ucfg_cs2
[INFO] Read 0 type definitions
[INFO] Reading UCFGs from: /workspace/source/target/ucfg_cs2
[INFO] No UCFGs have been included for analysis.
[INFO] Sensor CSharpSecuritySensor [security] (done) | time=1ms
[INFO] Sensor PhpSecuritySensor [security]
[INFO] Reading type hierarchy from: /workspace/source/target/sonar/ucfg2/php
[INFO] Read 0 type definitions
[INFO] Reading UCFGs from: /workspace/source/target/sonar/ucfg2/php
[INFO] No UCFGs have been included for analysis.
[INFO] Sensor PhpSecuritySensor [security] (done) | time=1ms
[INFO] Sensor PythonSecuritySensor [security]
[INFO] Reading type hierarchy from: /workspace/source/target/sonar/ucfg2/python
[INFO] Read 0 type definitions
[INFO] Reading UCFGs from: /workspace/source/target/sonar/ucfg2/python
[INFO] No UCFGs have been included for analysis.
[INFO] Sensor PythonSecuritySensor [security] (done) | time=1ms
[INFO] Sensor JsSecuritySensor [security]
[INFO] Reading type hierarchy from: /workspace/source/target/sonar/ucfg2/js
[INFO] Read 0 type definitions
[INFO] Reading UCFGs from: /workspace/source/target/sonar/ucfg2/js
[INFO] No UCFGs have been included for analysis.
[INFO] Sensor JsSecuritySensor [security] (done) | time=1ms
[INFO] ------------- Run sensors on project
[INFO] Sensor Zero Coverage Sensor
[INFO] Sensor Zero Coverage Sensor (done) | time=1ms
[INFO] Sensor Java CPD Block Inde**r
[INFO] Sensor Java CPD Block Inde**r (done) | time=47ms
[INFO] SCM Publisher SCM provider for this project is: git
[INFO] SCM Publisher 16 source files to be analyzed
[INFO] SCM Publisher 15/16 source files have been analyzed (done) | time=212ms
[WARNING] Missing blame information for the following files:
[WARNING]   * pom.xml
[WARNING] This may lead to missing/broken features in SonarCloud
[INFO] CPD E**cutor 2 files had no CPD blocks
[INFO] CPD E**cutor Calculating CPD for 5 files
[INFO] CPD E**cutor CPD calculation finished (done) | time=13ms
[INFO] SCM writing changed lines
[INFO] SCM writing changed lines (done) | time=151ms
[INFO] Analysis report generated in 286ms, dir size=334 KB
[INFO] Analysis report compressed in 46ms, zip size=103 KB
[INFO] Analysis report uploaded in 137ms
[INFO] ANALYSIS SUCCESSFUL, you can find the results at: https://sonarcloud.io/dashboard?id=entando-k8s_entando-k8s-controller-coordinator&pullRequest=66
[INFO] Note that you will be able to access the updated dashboard once the server has processed the submitted analysis report
[INFO] More about the report processing at https://sonarcloud.io/api/ce/task?id=AXeBxguoeqJ6vsmRqjod
[INFO] Analysis total time: 13.357 s
[INFO] ------------------------------------------------------------------------
[INFO] BUILD SUCCESS
[INFO] ------------------------------------------------------------------------
[INFO] Total time:  03:50 min
[INFO] Finished at: 2021-02-08T13:12:56Z
[INFO] ------------------------------------------------------------------------
Picked up _JAVA_OPTIONS: -XX:+UnlockExperimentalVMOptions -Dsun.zip.disableMemoryMapping=**** -XX:+UseParallelGC -XX:MinHeapFreeRatio=5 -XX:MaxHeapFreeRatio=10 -XX:GCTimeRatio=4 -XX:AdaptiveSizePolicyWeight=90 -Xms1000m -Xmx12000m
[INFO] Scanning for projects...
[INFO] 
[INFO] -----------< org.entando:entando-k8s-controller-coordinator >-----------
[INFO] Building Entando K8S Controller Coordinator 0.0.0-SNAPSHOT-PR-66-4
[INFO] --------------------------------[ jar ]---------------------------------
[INFO] 
[INFO] --- maven-site-plugin:3.9.0:site (default-site) @ entando-k8s-controller-coordinator ---
[INFO] configuring report plugin org.apache.maven.plugins:maven-project-info-reports-plugin:3.0.0
[INFO] 9 reports configured for maven-project-info-reports-plugin:3.0.0: dependency-info, distribution-management, index, ci-management, issue-management, licenses, plugins, scm, summary
[INFO] Rendering site with default locale English (en)
[WARNING] Unable to find a URL to the parent project. The parent menu will NOT be added.
[INFO] Relativizing decoration links with respect to localized project URL: https://central.entando.com
[INFO] Rendering content with org.apache.maven.skins:maven-default-skin:jar:1.3 skin.
[INFO] Generating "Dependency Information" report --- maven-project-info-reports-plugin:3.0.0:dependency-info
[INFO] Generating "About" report         --- maven-project-info-reports-plugin:3.0.0:index
[INFO] Generating "Issue Management" report --- maven-project-info-reports-plugin:3.0.0:issue-management
[INFO] Generating "Licenses" report      --- maven-project-info-reports-plugin:3.0.0:licenses
[INFO] Generating "Plugins" report       --- maven-project-info-reports-plugin:3.0.0:plugins
[INFO] Generating "Source Code Management" report --- maven-project-info-reports-plugin:3.0.0:scm
[INFO] Generating "Summary" report       --- maven-project-info-reports-plugin:3.0.0:summary
[INFO] ------------------------------------------------------------------------
[INFO] BUILD SUCCESS
[INFO] ------------------------------------------------------------------------
[INFO] Total time:  9.309 s
[INFO] Finished at: 2021-02-08T13:13:07Z
[INFO] ------------------------------------------------------------------------
error: etcdserver: request is too large
Pre-deployment tests failed for entando-k8s-controller-coordinator-PR-66.
The following checks failed for entando-k8s-controller-coordinator-PR-66:
Pre-deployment tests
[31m
Pipeline failed on stage 'from-build-pack' : container 'step-build-mvn-verify-pr'. The execution of the pipeline has stopped.[0m
